<?xml version="1.0" encoding="UTF-8"?>
<testsuites name="TUR" time="10.743" tests="6" failures="6" errors="0">
   <testsuite name="TUR" tests="6" failures="6" errors="0" time="10.743" skipped="0" timestamp="2023-10-15 12:35:20" hostname="admin - 10.109.12.195" id="Test Suites/IOS/TUR">
      <properties>
         <property name="deviceName" value=""/>
         <property name="devicePlatform" value=""/>
         <property name="logFolder" value="/Users/admin/Downloads/Shahid-Fawry/Reports/20231015_123412/IOS/TUR/20231015_123415"/>
         <property name="logFiles" value="/Users/admin/Downloads/Shahid-Fawry/Reports/20231015_123412/IOS/TUR/20231015_123415/execution0.log"/>
         <property name="attachments" value=""/>
         <property name="hostName" value="admin - 10.109.12.195"/>
         <property name="hostAddress" value="10.109.12.195"/>
         <property name="os" value="Mac OS X 64bit"/>
         <property name="katalonVersion" value="8.5.1.208"/>
      </properties>
      <testcase name="Test Cases/IOS/TUR PI/IOS_EN_getSubscriptionConfigForTUR_Imagine" time="2.594" classname="Test Cases/IOS/TUR PI/IOS_EN_getSubscriptionConfigForTUR_Imagine" status="FAILED">
         <failure type="FAILED" message="Test Cases/IOS/TUR PI/IOS_EN_getSubscriptionConfigForTUR_Imagine FAILED.
Reason:
com.kms.katalon.core.exception.StepFailedException: Expected element property value '149.99 TRY' is not equal with actual property value '149.99 TRY/ month'
	at com.kms.katalon.core.keyword.internal.KeywordMain.stepFailed(KeywordMain.groovy:39)
	at com.kms.katalon.core.webservice.keyword.builtin.VerifyElementPropertyValueKeyword$_verifyElementPropertyValue_closure1.doCall(VerifyElementPropertyValueKeyword.groovy:56)
	at com.kms.katalon.core.webservice.keyword.builtin.VerifyElementPropertyValueKeyword$_verifyElementPropertyValue_closure1.call(VerifyElementPropertyValueKeyword.groovy)
	at com.kms.katalon.core.keyword.internal.KeywordMain.runKeyword(KeywordMain.groovy:74)
	at com.kms.katalon.core.webservice.keyword.builtin.VerifyElementPropertyValueKeyword.verifyElementPropertyValue(VerifyElementPropertyValueKeyword.groovy:48)
	at com.kms.katalon.core.webservice.keyword.builtin.VerifyElementPropertyValueKeyword.execute(VerifyElementPropertyValueKeyword.groovy:43)
	at com.kms.katalon.core.keyword.internal.KeywordExecutor.executeKeywordForPlatform(KeywordExecutor.groovy:74)
	at com.kms.katalon.core.webservice.keyword.WSBuiltInKeywords.verifyElementPropertyValue(WSBuiltInKeywords.groovy:190)
	at com.kms.katalon.core.webservice.keyword.WSBuiltInKeywords$verifyElementPropertyValue$1.call(Unknown Source)
	at IOS_EN_getSubscriptionConfigForTUR_Imagine.run(IOS_EN_getSubscriptionConfigForTUR_Imagine:66)
	at com.kms.katalon.core.main.ScriptEngine.run(ScriptEngine.java:194)
	at com.kms.katalon.core.main.ScriptEngine.runScriptAsRawText(ScriptEngine.java:119)
	at com.kms.katalon.core.main.TestCaseExecutor.runScript(TestCaseExecutor.java:448)
	at com.kms.katalon.core.main.TestCaseExecutor.doExecute(TestCaseExecutor.java:439)
	at com.kms.katalon.core.main.TestCaseExecutor.processExecutionPhase(TestCaseExecutor.java:418)
	at com.kms.katalon.core.main.TestCaseExecutor.accessMainPhase(TestCaseExecutor.java:410)
	at com.kms.katalon.core.main.TestCaseExecutor.execute(TestCaseExecutor.java:285)
	at com.kms.katalon.core.common.CommonExecutor.accessTestCaseMainPhase(CommonExecutor.java:65)
	at com.kms.katalon.core.main.TestSuiteExecutor.accessTestSuiteMainPhase(TestSuiteExecutor.java:151)
	at com.kms.katalon.core.main.TestSuiteExecutor.execute(TestSuiteExecutor.java:106)
	at com.kms.katalon.core.main.TestCaseMain.startTestSuite(TestCaseMain.java:185)
	at com.kms.katalon.core.main.TestCaseMain$startTestSuite$0.call(Unknown Source)
	at TempTestSuite1697362455153.run(TempTestSuite1697362455153.groovy:36)
"/>
         <system-out><![CDATA[2023-10-15 12:35:20 - [TEST_CASE][FAILED] - Test Cases/IOS/TUR PI/IOS_EN_getSubscriptionConfigForTUR_Imagine: Test Cases/IOS/TUR PI/IOS_EN_getSubscriptionConfigForTUR_Imagine FAILED.
Reason:
com.kms.katalon.core.exception.StepFailedException: Expected element property value '149.99 TRY' is not equal with actual property value '149.99 TRY/ month'
	at com.kms.katalon.core.keyword.internal.KeywordMain.stepFailed(KeywordMain.groovy:39)
	at com.kms.katalon.core.webservice.keyword.builtin.VerifyElementPropertyValueKeyword$_verifyElementPropertyValue_closure1.doCall(VerifyElementPropertyValueKeyword.groovy:56)
	at com.kms.katalon.core.webservice.keyword.builtin.VerifyElementPropertyValueKeyword$_verifyElementPropertyValue_closure1.call(VerifyElementPropertyValueKeyword.groovy)
	at com.kms.katalon.core.keyword.internal.KeywordMain.runKeyword(KeywordMain.groovy:74)
	at com.kms.katalon.core.webservice.keyword.builtin.VerifyElementPropertyValueKeyword.verifyElementPropertyValue(VerifyElementPropertyValueKeyword.groovy:48)
	at com.kms.katalon.core.webservice.keyword.builtin.VerifyElementPropertyValueKeyword.execute(VerifyElementPropertyValueKeyword.groovy:43)
	at com.kms.katalon.core.keyword.internal.KeywordExecutor.executeKeywordForPlatform(KeywordExecutor.groovy:74)
	at com.kms.katalon.core.webservice.keyword.WSBuiltInKeywords.verifyElementPropertyValue(WSBuiltInKeywords.groovy:190)
	at com.kms.katalon.core.webservice.keyword.WSBuiltInKeywords$verifyElementPropertyValue$1.call(Unknown Source)
	at IOS_EN_getSubscriptionConfigForTUR_Imagine.run(IOS_EN_getSubscriptionConfigForTUR_Imagine:66)
	at com.kms.katalon.core.main.ScriptEngine.run(ScriptEngine.java:194)
	at com.kms.katalon.core.main.ScriptEngine.runScriptAsRawText(ScriptEngine.java:119)
	at com.kms.katalon.core.main.TestCaseExecutor.runScript(TestCaseExecutor.java:448)
	at com.kms.katalon.core.main.TestCaseExecutor.doExecute(TestCaseExecutor.java:439)
	at com.kms.katalon.core.main.TestCaseExecutor.processExecutionPhase(TestCaseExecutor.java:418)
	at com.kms.katalon.core.main.TestCaseExecutor.accessMainPhase(TestCaseExecutor.java:410)
	at com.kms.katalon.core.main.TestCaseExecutor.execute(TestCaseExecutor.java:285)
	at com.kms.katalon.core.common.CommonExecutor.accessTestCaseMainPhase(CommonExecutor.java:65)
	at com.kms.katalon.core.main.TestSuiteExecutor.accessTestSuiteMainPhase(TestSuiteExecutor.java:151)
	at com.kms.katalon.core.main.TestSuiteExecutor.execute(TestSuiteExecutor.java:106)
	at com.kms.katalon.core.main.TestCaseMain.startTestSuite(TestCaseMain.java:185)
	at com.kms.katalon.core.main.TestCaseMain$startTestSuite$0.call(Unknown Source)
	at TempTestSuite1697362455153.run(TempTestSuite1697362455153.groovy:36)


2023-10-15 12:35:20 - [TEST_STEP][PASSED] - getResponse = config_files.getConfigFile.getConfig("IOS_APP", "EN", "SHAHID_VIP_GEA", "TR", "false"): config_files.getConfigFile.getConfig is PASSED

2023-10-15 12:35:22 - [MESSAGE][INFO] - HAR: /Users/admin/Downloads/Shahid-Fawry/Reports/20231015_123412/IOS/TUR/20231015_123415/requests/main/0.har

2023-10-15 12:35:22 - [MESSAGE][PASSED] - Send request successfully

2023-10-15 12:35:22 - [MESSAGE][PASSED] - config_files.getConfigFile.getConfig is PASSED

2023-10-15 12:35:22 - [TEST_STEP][PASSED] - verifyResponseStatusCode(getResponse, 200): Verify response status code successfully

2023-10-15 12:35:22 - [MESSAGE][PASSED] - Verify response status code successfully

2023-10-15 12:35:22 - [TEST_STEP][PASSED] - verifyElementPropertyValue(getResponse, "country", "TUR"): Verify element property value successfully

2023-10-15 12:35:22 - [MESSAGE][PASSED] - Verify element property value successfully

2023-10-15 12:35:22 - [TEST_STEP][PASSED] - verifyElementPropertyValue(getResponse, "platform", "[IOS_APP]"): Verify element property value successfully

2023-10-15 12:35:22 - [MESSAGE][PASSED] - Verify element property value successfully

2023-10-15 12:35:22 - [TEST_STEP][PASSED] - verifyElementPropertyValue(getResponse, "groups[0].pricingPlans[0].featured", "true"): Verify element property value successfully

2023-10-15 12:35:22 - [MESSAGE][PASSED] - Verify element property value successfully

2023-10-15 12:35:22 - [TEST_STEP][PASSED] - verifyElementPropertyValue(getResponse, "groups[0].pricingPlans[0].packageId", "SHAHID_VIP_GEA"): Verify element property value successfully

2023-10-15 12:35:22 - [MESSAGE][PASSED] - Verify element property value successfully

2023-10-15 12:35:22 - [TEST_STEP][PASSED] - verifyElementPropertyValue(getResponse, "groups[0].pricingPlans[0].catalogId", "GEA"): Verify element property value successfully

2023-10-15 12:35:22 - [MESSAGE][PASSED] - Verify element property value successfully

2023-10-15 12:35:22 - [TEST_STEP][PASSED] - verifyElementPropertyValue(getResponse, "groups[0].pricingPlans[0].visualElements[0].key", "duration"): Verify element property value successfully

2023-10-15 12:35:22 - [MESSAGE][PASSED] - Verify element property value successfully

2023-10-15 12:35:22 - [TEST_STEP][PASSED] - verifyElementPropertyValue(getResponse, "groups[0].pricingPlans[0].visualElements[0].value", "Monthly"): Verify element property value successfully

2023-10-15 12:35:22 - [MESSAGE][PASSED] - Verify element property value successfully

2023-10-15 12:35:22 - [TEST_STEP][PASSED] - verifyElementPropertyValue(getResponse, "groups[0].pricingPlans[0].visualElements[1].key", "currency"): Verify element property value successfully

2023-10-15 12:35:22 - [MESSAGE][PASSED] - Verify element property value successfully

2023-10-15 12:35:22 - [TEST_STEP][PASSED] - verifyElementPropertyValue(getResponse, "groups[0].pricingPlans[0].visualElements[1].value", "TRY"): Verify element property value successfully

2023-10-15 12:35:22 - [MESSAGE][PASSED] - Verify element property value successfully

2023-10-15 12:35:22 - [TEST_STEP][PASSED] - verifyElementPropertyValue(getResponse, "groups[0].pricingPlans[0].visualElements[2].key", "price"): Verify element property value successfully

2023-10-15 12:35:22 - [MESSAGE][PASSED] - Verify element property value successfully

2023-10-15 12:35:22 - [TEST_STEP][PASSED] - verifyElementPropertyValue(getResponse, "groups[0].pricingPlans[0].visualElements[2].value", "149.99"): Verify element property value successfully

2023-10-15 12:35:22 - [MESSAGE][PASSED] - Verify element property value successfully

2023-10-15 12:35:22 - [TEST_STEP][PASSED] - verifyElementPropertyValue(getResponse, "groups[0].pricingPlans[0].visualElements[5].key", "show_tag"): Verify element property value successfully

2023-10-15 12:35:22 - [MESSAGE][PASSED] - Verify element property value successfully

2023-10-15 12:35:22 - [TEST_STEP][PASSED] - verifyElementPropertyValue(getResponse, "groups[0].pricingPlans[0].visualElements[5].value", "false"): Verify element property value successfully

2023-10-15 12:35:22 - [MESSAGE][PASSED] - Verify element property value successfully

2023-10-15 12:35:22 - [TEST_STEP][PASSED] - verifyElementPropertyValue(getResponse, "groups[0].pricingPlans[0].visualElements[6].key", "show_payment_logo"): Verify element property value successfully

2023-10-15 12:35:22 - [MESSAGE][PASSED] - Verify element property value successfully

2023-10-15 12:35:22 - [TEST_STEP][PASSED] - verifyElementPropertyValue(getResponse, "groups[0].pricingPlans[0].visualElements[6].value", "false"): Verify element property value successfully

2023-10-15 12:35:22 - [MESSAGE][PASSED] - Verify element property value successfully

2023-10-15 12:35:22 - [TEST_STEP][PASSED] - verifyElementPropertyValue(getResponse, "groups[0].pricingPlans[0].visualElements[7].key", "CTA_text"): Verify element property value successfully

2023-10-15 12:35:22 - [MESSAGE][PASSED] - Verify element property value successfully

2023-10-15 12:35:22 - [TEST_STEP][PASSED] - verifyElementPropertyValue(getResponse, "groups[0].pricingPlans[0].visualElements[7].value", "Subscribe"): Verify element property value successfully

2023-10-15 12:35:22 - [MESSAGE][PASSED] - Verify element property value successfully

2023-10-15 12:35:22 - [TEST_STEP][PASSED] - verifyElementPropertyValue(getResponse, "groups[0].pricingPlans[0].visualElements[9].key", "deduction_text"): Verify element property value successfully

2023-10-15 12:35:22 - [MESSAGE][PASSED] - Verify element property value successfully

2023-10-15 12:35:22 - [TEST_STEP][PASSED] - verifyElementPropertyValue(getResponse, "groups[0].pricingPlans[0].visualElements[9].value", "renewed monthly"): Verify element property value successfully

2023-10-15 12:35:22 - [MESSAGE][PASSED] - Verify element property value successfully

2023-10-15 12:35:22 - [TEST_STEP][PASSED] - verifyElementPropertyValue(getResponse, "groups[0].pricingPlans[0].visualElements[10].key", "promo_text"): Verify element property value successfully

2023-10-15 12:35:22 - [MESSAGE][PASSED] - Verify element property value successfully

2023-10-15 12:35:22 - [TEST_STEP][FAILED] - verifyElementPropertyValue(getResponse, "groups[0].pricingPlans[0].visualElements[10].value", "149.99 TRY"): Expected element property value '149.99 TRY' is not equal with actual property value '149.99 TRY/ month'

2023-10-15 12:35:22 - [MESSAGE][FAILED] - Expected element property value '149.99 TRY' is not equal with actual property value '149.99 TRY/ month'

2023-10-15 12:35:22 - [TEST_STEP][PASSED] - verifyElementPropertyValue(getResponse, "groups[0].pricingPlans[0].visualElements[12].key", "display_title"): Verify element property value successfully

2023-10-15 12:35:22 - [MESSAGE][PASSED] - Verify element property value successfully

2023-10-15 12:35:22 - [TEST_STEP][PASSED] - verifyElementPropertyValue(getResponse, "groups[0].pricingPlans[0].visualElements[12].value", "Monthly Plan"): Verify element property value successfully

2023-10-15 12:35:22 - [MESSAGE][PASSED] - Verify element property value successfully

2023-10-15 12:35:22 - [TEST_STEP][PASSED] - verifyElementPropertyValue(getResponse, "groups[0].pricingPlans[0].visualElements[13].key", "Header_1_text"): Verify element property value successfully

2023-10-15 12:35:22 - [MESSAGE][PASSED] - Verify element property value successfully

2023-10-15 12:35:22 - [TEST_STEP][PASSED] - verifyElementPropertyValue(getResponse, "groups[0].pricingPlans[0].visualElements[13].value", "Watch the most powerful series and movies exclusively without stopping"): Verify element property value successfully

2023-10-15 12:35:22 - [MESSAGE][PASSED] - Verify element property value successfully

2023-10-15 12:35:22 - [TEST_STEP][PASSED] - verifyElementPropertyValue(getResponse, "groups[0].pricingPlans[0].visualElements[14].key", "featured_tag_text"): Verify element property value successfully

2023-10-15 12:35:22 - [MESSAGE][PASSED] - Verify element property value successfully

2023-10-15 12:35:22 - [TEST_STEP][PASSED] - verifyElementPropertyValue(getResponse, "groups[0].pricingPlans[0].visualElements[14].value", "Most popular"): Verify element property value successfully

2023-10-15 12:35:22 - [MESSAGE][PASSED] - Verify element property value successfully

2023-10-15 12:35:22 - [TEST_STEP][PASSED] - verifyElementPropertyValue(getResponse, "groups[0].pricingPlans[0].order", "6"): Verify element property value successfully

2023-10-15 12:35:22 - [MESSAGE][PASSED] - Verify element property value successfully

2023-10-15 12:35:22 - [TEST_STEP][PASSED] - verifyElementPropertyValue(getResponse, "groups[0].pricingPlans[0].period", "monthly"): Verify element property value successfully

2023-10-15 12:35:22 - [MESSAGE][PASSED] - Verify element property value successfully

2023-10-15 12:35:22 - [TEST_STEP][PASSED] - verifyElementPropertyValue(getResponse, "groups[0].pricingPlans[0].price", "149.99"): Verify element property value successfully

2023-10-15 12:35:22 - [MESSAGE][PASSED] - Verify element property value successfully

2023-10-15 12:35:22 - [TEST_STEP][PASSED] - verifyElementPropertyValue(getResponse, "groups[0].pricingPlans[0].currency", "TRY"): Verify element property value successfully

2023-10-15 12:35:22 - [MESSAGE][PASSED] - Verify element property value successfully

2023-10-15 12:35:22 - [TEST_STEP][PASSED] - verifyElementPropertyValue(getResponse, "groups[0].pricingPlans[0].pricingPlanData[0].productId", "TUR_B2C_SHAHID_VIP_GEA_1M"): Verify element property value successfully

2023-10-15 12:35:22 - [MESSAGE][PASSED] - Verify element property value successfully

2023-10-15 12:35:22 - [TEST_STEP][PASSED] - verifyElementPropertyValue(getResponse, "groups[0].pricingPlans[0].pricingPlanData[0].subPricingPlanIds[0]", "Shahid_GEA_01M"): Verify element property value successfully

2023-10-15 12:35:22 - [MESSAGE][PASSED] - Verify element property value successfully

2023-10-15 12:35:22 - [TEST_STEP][PASSED] - verifyElementPropertyValue(getResponse, "groups[0].pricingPlans[0].pricingPlanData[0].paymentMethod", "APPLE_IAP"): Verify element property value successfully

2023-10-15 12:35:22 - [MESSAGE][PASSED] - Verify element property value successfully

2023-10-15 12:35:22 - [TEST_STEP][PASSED] - verifyElementPropertyValue(getResponse, "groups[0].pricingPlans[0].pricingPlanData[0].freeTrialEnabled", "false"): Verify element property value successfully

2023-10-15 12:35:22 - [MESSAGE][PASSED] - Verify element property value successfully

2023-10-15 12:35:22 - [TEST_STEP][PASSED] - verifyElementPropertyValue(getResponse, "groups[0].pricingPlans[0].pricingPlanData[0].priceLabel", "149.99"): Verify element property value successfully

2023-10-15 12:35:22 - [MESSAGE][PASSED] - Verify element property value successfully

2023-10-15 12:35:22 - [TEST_STEP][PASSED] - verifyElementPropertyValue(getResponse, "groups[0].pricingPlans[0].pricingPlanData[0].currencyLabel", "TRY"): Verify element property value successfully

2023-10-15 12:35:22 - [MESSAGE][PASSED] - Verify element property value successfully

2023-10-15 12:35:22 - [TEST_STEP][PASSED] - verifyElementPropertyValue(getResponse, "groups[0].pricingPlans[1].featured", "false"): Verify element property value successfully

2023-10-15 12:35:22 - [MESSAGE][PASSED] - Verify element property value successfully

2023-10-15 12:35:22 - [TEST_STEP][PASSED] - verifyElementPropertyValue(getResponse, "groups[0].pricingPlans[1].packageId", "SHAHID_VIP_GEA"): Verify element property value successfully

2023-10-15 12:35:22 - [MESSAGE][PASSED] - Verify element property value successfully

2023-10-15 12:35:22 - [TEST_STEP][PASSED] - verifyElementPropertyValue(getResponse, "groups[0].pricingPlans[1].catalogId", "GEA"): Verify element property value successfully

2023-10-15 12:35:22 - [MESSAGE][PASSED] - Verify element property value successfully

2023-10-15 12:35:22 - [TEST_STEP][PASSED] - verifyElementPropertyValue(getResponse, "groups[0].pricingPlans[1].visualElements[0].key", "duration"): Verify element property value successfully

2023-10-15 12:35:22 - [MESSAGE][PASSED] - Verify element property value successfully

2023-10-15 12:35:22 - [TEST_STEP][PASSED] - verifyElementPropertyValue(getResponse, "groups[0].pricingPlans[1].visualElements[0].value", "yearly"): Verify element property value successfully

2023-10-15 12:35:22 - [MESSAGE][PASSED] - Verify element property value successfully

2023-10-15 12:35:22 - [TEST_STEP][PASSED] - verifyElementPropertyValue(getResponse, "groups[0].pricingPlans[1].visualElements[1].key", "currency"): Verify element property value successfully

2023-10-15 12:35:22 - [MESSAGE][PASSED] - Verify element property value successfully

2023-10-15 12:35:22 - [TEST_STEP][PASSED] - verifyElementPropertyValue(getResponse, "groups[0].pricingPlans[1].visualElements[1].value", "TRY"): Verify element property value successfully

2023-10-15 12:35:22 - [MESSAGE][PASSED] - Verify element property value successfully

2023-10-15 12:35:22 - [TEST_STEP][PASSED] - verifyElementPropertyValue(getResponse, "groups[0].pricingPlans[1].visualElements[2].key", "price"): Verify element property value successfully

2023-10-15 12:35:22 - [MESSAGE][PASSED] - Verify element property value successfully

2023-10-15 12:35:22 - [TEST_STEP][PASSED] - verifyElementPropertyValue(getResponse, "groups[0].pricingPlans[1].visualElements[2].value", "1529.99"): Verify element property value successfully

2023-10-15 12:35:22 - [MESSAGE][PASSED] - Verify element property value successfully

2023-10-15 12:35:22 - [TEST_STEP][PASSED] - verifyElementPropertyValue(getResponse, "groups[0].pricingPlans[1].visualElements[5].key", "show_tag"): Verify element property value successfully

2023-10-15 12:35:22 - [MESSAGE][PASSED] - Verify element property value successfully

2023-10-15 12:35:22 - [TEST_STEP][PASSED] - verifyElementPropertyValue(getResponse, "groups[0].pricingPlans[1].visualElements[5].value", "true"): Verify element property value successfully

2023-10-15 12:35:22 - [MESSAGE][PASSED] - Verify element property value successfully

2023-10-15 12:35:22 - [TEST_STEP][PASSED] - verifyElementPropertyValue(getResponse, "groups[0].pricingPlans[1].visualElements[6].key", "show_payment_logo"): Verify element property value successfully

2023-10-15 12:35:22 - [MESSAGE][PASSED] - Verify element property value successfully

2023-10-15 12:35:22 - [TEST_STEP][PASSED] - verifyElementPropertyValue(getResponse, "groups[0].pricingPlans[1].visualElements[6].value", "false"): Verify element property value successfully

2023-10-15 12:35:22 - [MESSAGE][PASSED] - Verify element property value successfully

2023-10-15 12:35:22 - [TEST_STEP][PASSED] - verifyElementPropertyValue(getResponse, "groups[0].pricingPlans[1].visualElements[7].key", "CTA_text"): Verify element property value successfully

2023-10-15 12:35:22 - [MESSAGE][PASSED] - Verify element property value successfully

2023-10-15 12:35:22 - [TEST_STEP][PASSED] - verifyElementPropertyValue(getResponse, "groups[0].pricingPlans[1].visualElements[7].value", "Subscribe"): Verify element property value successfully

2023-10-15 12:35:22 - [MESSAGE][PASSED] - Verify element property value successfully

2023-10-15 12:35:22 - [TEST_STEP][PASSED] - verifyElementPropertyValue(getResponse, "groups[0].pricingPlans[1].visualElements[9].key", "deduction_text"): Verify element property value successfully

2023-10-15 12:35:22 - [MESSAGE][PASSED] - Verify element property value successfully

2023-10-15 12:35:22 - [TEST_STEP][FAILED] - verifyElementPropertyValue(getResponse, "groups[0].pricingPlans[1].visualElements[9].value", "12 months at 127.49 TRY / month"): Expected element property value '12 months at 127.49 TRY / month' is not equal with actual property value '1529.99 TRY billed every year'

2023-10-15 12:35:22 - [MESSAGE][FAILED] - Expected element property value '12 months at 127.49 TRY / month' is not equal with actual property value '1529.99 TRY billed every year'

2023-10-15 12:35:22 - [TEST_STEP][PASSED] - verifyElementPropertyValue(getResponse, "groups[0].pricingPlans[1].visualElements[10].key", "promo_text"): Verify element property value successfully

2023-10-15 12:35:22 - [MESSAGE][PASSED] - Verify element property value successfully

2023-10-15 12:35:22 - [TEST_STEP][FAILED] - verifyElementPropertyValue(getResponse, "groups[0].pricingPlans[1].visualElements[10].value", "1529.99 TRY"): Expected element property value '1529.99 TRY' is not equal with actual property value '127.49 TRY/ month'

2023-10-15 12:35:22 - [MESSAGE][FAILED] - Expected element property value '1529.99 TRY' is not equal with actual property value '127.49 TRY/ month'

2023-10-15 12:35:22 - [TEST_STEP][PASSED] - verifyElementPropertyValue(getResponse, "groups[0].pricingPlans[1].visualElements[11].key", "tag_text"): Verify element property value successfully

2023-10-15 12:35:22 - [MESSAGE][PASSED] - Verify element property value successfully

2023-10-15 12:35:22 - [TEST_STEP][PASSED] - verifyElementPropertyValue(getResponse, "groups[0].pricingPlans[1].visualElements[11].value", "Save 15%"): Verify element property value successfully

2023-10-15 12:35:22 - [MESSAGE][PASSED] - Verify element property value successfully

2023-10-15 12:35:22 - [TEST_STEP][PASSED] - verifyElementPropertyValue(getResponse, "groups[0].pricingPlans[1].visualElements[12].key", "display_title"): Verify element property value successfully

2023-10-15 12:35:22 - [MESSAGE][PASSED] - Verify element property value successfully

2023-10-15 12:35:22 - [TEST_STEP][PASSED] - verifyElementPropertyValue(getResponse, "groups[0].pricingPlans[1].visualElements[12].value", "Annual Plan"): Verify element property value successfully

2023-10-15 12:35:22 - [MESSAGE][PASSED] - Verify element property value successfully

2023-10-15 12:35:22 - [TEST_STEP][PASSED] - verifyElementPropertyValue(getResponse, "groups[0].pricingPlans[1].visualElements[13].key", "Header_1_text"): Verify element property value successfully

2023-10-15 12:35:22 - [MESSAGE][PASSED] - Verify element property value successfully

2023-10-15 12:35:22 - [TEST_STEP][PASSED] - verifyElementPropertyValue(getResponse, "groups[0].pricingPlans[1].visualElements[13].value", "Watch the most powerful series and movies exclusively without stopping"): Verify element property value successfully

2023-10-15 12:35:23 - [MESSAGE][PASSED] - Verify element property value successfully

2023-10-15 12:35:23 - [TEST_STEP][PASSED] - verifyElementPropertyValue(getResponse, "groups[0].pricingPlans[1].order", "8"): Verify element property value successfully

2023-10-15 12:35:23 - [MESSAGE][PASSED] - Verify element property value successfully

2023-10-15 12:35:23 - [TEST_STEP][PASSED] - verifyElementPropertyValue(getResponse, "groups[0].pricingPlans[1].period", "yearly"): Verify element property value successfully

2023-10-15 12:35:23 - [MESSAGE][PASSED] - Verify element property value successfully

2023-10-15 12:35:23 - [TEST_STEP][PASSED] - verifyElementPropertyValue(getResponse, "groups[0].pricingPlans[1].price", "1529.99"): Verify element property value successfully

2023-10-15 12:35:23 - [MESSAGE][PASSED] - Verify element property value successfully

2023-10-15 12:35:23 - [TEST_STEP][PASSED] - verifyElementPropertyValue(getResponse, "groups[0].pricingPlans[1].currency", "TRY"): Verify element property value successfully

2023-10-15 12:35:23 - [MESSAGE][PASSED] - Verify element property value successfully

2023-10-15 12:35:23 - [TEST_STEP][PASSED] - verifyElementPropertyValue(getResponse, "groups[0].pricingPlans[1].pricingPlanData[0].productId", "TUR_B2C_SHAHID_VIP_GEA_12M"): Verify element property value successfully

2023-10-15 12:35:23 - [MESSAGE][PASSED] - Verify element property value successfully

2023-10-15 12:35:23 - [TEST_STEP][PASSED] - verifyElementPropertyValue(getResponse, "groups[0].pricingPlans[1].pricingPlanData[0].subPricingPlanIds[0]", "Shahid_GEA_12M"): Verify element property value successfully

2023-10-15 12:35:23 - [MESSAGE][PASSED] - Verify element property value successfully

2023-10-15 12:35:23 - [TEST_STEP][PASSED] - verifyElementPropertyValue(getResponse, "groups[0].pricingPlans[1].pricingPlanData[0].paymentMethod", "APPLE_IAP"): Verify element property value successfully

2023-10-15 12:35:23 - [MESSAGE][PASSED] - Verify element property value successfully

2023-10-15 12:35:23 - [TEST_STEP][PASSED] - verifyElementPropertyValue(getResponse, "groups[0].pricingPlans[1].pricingPlanData[0].freeTrialEnabled", "false"): Verify element property value successfully

2023-10-15 12:35:23 - [MESSAGE][PASSED] - Verify element property value successfully

2023-10-15 12:35:23 - [TEST_STEP][PASSED] - verifyElementPropertyValue(getResponse, "groups[0].pricingPlans[1].pricingPlanData[0].priceLabel", "1529.99"): Verify element property value successfully

2023-10-15 12:35:23 - [MESSAGE][PASSED] - Verify element property value successfully

2023-10-15 12:35:23 - [TEST_STEP][PASSED] - verifyElementPropertyValue(getResponse, "groups[0].pricingPlans[1].pricingPlanData[0].currencyLabel", "TRY"): Verify element property value successfully

2023-10-15 12:35:23 - [MESSAGE][PASSED] - Verify element property value successfully

2023-10-15 12:35:23 - [TEST_STEP][PASSED] - verifyElementPropertyValue(getResponse, "groups[0].pricingPlans[1].pricingPlanData[0].allowedForAcquisition", "true"): Verify element property value successfully

2023-10-15 12:35:23 - [MESSAGE][PASSED] - Verify element property value successfully

2023-10-15 12:35:23 - [TEST_STEP][PASSED] - verifyElementPropertyValue(getResponse, "visualElements[0].key", "main_CTA_text_1"): Verify element property value successfully

2023-10-15 12:35:23 - [MESSAGE][PASSED] - Verify element property value successfully

2023-10-15 12:35:23 - [TEST_STEP][PASSED] - verifyElementPropertyValue(getResponse, "visualElements[0].value", "Watch the most powerful series and movies exclusively without stopping"): Verify element property value successfully

2023-10-15 12:35:23 - [MESSAGE][PASSED] - Verify element property value successfully

2023-10-15 12:35:23 - [TEST_STEP][PASSED] - verifyElementPropertyValue(getResponse, "visualElements[2].key", "main_disclaimer_text"): Verify element property value successfully

2023-10-15 12:35:23 - [MESSAGE][PASSED] - Verify element property value successfully

2023-10-15 12:35:23 - [TEST_STEP][PASSED] - verifyElementPropertyValue(getResponse, "visualElements[2].value", "Subscription fees may vary depending on the country, payment method, subscription package, added tax, currency exchange operator, or bank fees. Terms and conditions apply."): Verify element property value successfully

2023-10-15 12:35:23 - [MESSAGE][PASSED] - Verify element property value successfully

2023-10-15 12:35:23 - [TEST_STEP][PASSED] - verifyElementPropertyValue(getResponse, "defaultPackageId", "SHAHID_VIP"): Verify element property value successfully

2023-10-15 12:35:23 - [MESSAGE][PASSED] - Verify element property value successfully]]></system-out>
         <system-err><![CDATA[2023-10-15 12:35:20 - [TEST_CASE][FAILED] - Test Cases/IOS/TUR PI/IOS_EN_getSubscriptionConfigForTUR_Imagine: Test Cases/IOS/TUR PI/IOS_EN_getSubscriptionConfigForTUR_Imagine FAILED.
Reason:
com.kms.katalon.core.exception.StepFailedException: Expected element property value '149.99 TRY' is not equal with actual property value '149.99 TRY/ month'
	at com.kms.katalon.core.keyword.internal.KeywordMain.stepFailed(KeywordMain.groovy:39)
	at com.kms.katalon.core.webservice.keyword.builtin.VerifyElementPropertyValueKeyword$_verifyElementPropertyValue_closure1.doCall(VerifyElementPropertyValueKeyword.groovy:56)
	at com.kms.katalon.core.webservice.keyword.builtin.VerifyElementPropertyValueKeyword$_verifyElementPropertyValue_closure1.call(VerifyElementPropertyValueKeyword.groovy)
	at com.kms.katalon.core.keyword.internal.KeywordMain.runKeyword(KeywordMain.groovy:74)
	at com.kms.katalon.core.webservice.keyword.builtin.VerifyElementPropertyValueKeyword.verifyElementPropertyValue(VerifyElementPropertyValueKeyword.groovy:48)
	at com.kms.katalon.core.webservice.keyword.builtin.VerifyElementPropertyValueKeyword.execute(VerifyElementPropertyValueKeyword.groovy:43)
	at com.kms.katalon.core.keyword.internal.KeywordExecutor.executeKeywordForPlatform(KeywordExecutor.groovy:74)
	at com.kms.katalon.core.webservice.keyword.WSBuiltInKeywords.verifyElementPropertyValue(WSBuiltInKeywords.groovy:190)
	at com.kms.katalon.core.webservice.keyword.WSBuiltInKeywords$verifyElementPropertyValue$1.call(Unknown Source)
	at IOS_EN_getSubscriptionConfigForTUR_Imagine.run(IOS_EN_getSubscriptionConfigForTUR_Imagine:66)
	at com.kms.katalon.core.main.ScriptEngine.run(ScriptEngine.java:194)
	at com.kms.katalon.core.main.ScriptEngine.runScriptAsRawText(ScriptEngine.java:119)
	at com.kms.katalon.core.main.TestCaseExecutor.runScript(TestCaseExecutor.java:448)
	at com.kms.katalon.core.main.TestCaseExecutor.doExecute(TestCaseExecutor.java:439)
	at com.kms.katalon.core.main.TestCaseExecutor.processExecutionPhase(TestCaseExecutor.java:418)
	at com.kms.katalon.core.main.TestCaseExecutor.accessMainPhase(TestCaseExecutor.java:410)
	at com.kms.katalon.core.main.TestCaseExecutor.execute(TestCaseExecutor.java:285)
	at com.kms.katalon.core.common.CommonExecutor.accessTestCaseMainPhase(CommonExecutor.java:65)
	at com.kms.katalon.core.main.TestSuiteExecutor.accessTestSuiteMainPhase(TestSuiteExecutor.java:151)
	at com.kms.katalon.core.main.TestSuiteExecutor.execute(TestSuiteExecutor.java:106)
	at com.kms.katalon.core.main.TestCaseMain.startTestSuite(TestCaseMain.java:185)
	at com.kms.katalon.core.main.TestCaseMain$startTestSuite$0.call(Unknown Source)
	at TempTestSuite1697362455153.run(TempTestSuite1697362455153.groovy:36)]]></system-err>
      </testcase>
      <testcase name="Test Cases/IOS/TUR PI/IOS_FR_getSubscriptionConfigForTUR_VIP" time="2.203" classname="Test Cases/IOS/TUR PI/IOS_FR_getSubscriptionConfigForTUR_VIP" status="FAILED">
         <failure type="FAILED" message="Test Cases/IOS/TUR PI/IOS_FR_getSubscriptionConfigForTUR_VIP FAILED.
Reason:
com.kms.katalon.core.exception.StepFailedException: Expected element property value 'false' is not equal with actual property value 'true'
	at com.kms.katalon.core.keyword.internal.KeywordMain.stepFailed(KeywordMain.groovy:39)
	at com.kms.katalon.core.webservice.keyword.builtin.VerifyElementPropertyValueKeyword$_verifyElementPropertyValue_closure1.doCall(VerifyElementPropertyValueKeyword.groovy:56)
	at com.kms.katalon.core.webservice.keyword.builtin.VerifyElementPropertyValueKeyword$_verifyElementPropertyValue_closure1.call(VerifyElementPropertyValueKeyword.groovy)
	at com.kms.katalon.core.keyword.internal.KeywordMain.runKeyword(KeywordMain.groovy:74)
	at com.kms.katalon.core.webservice.keyword.builtin.VerifyElementPropertyValueKeyword.verifyElementPropertyValue(VerifyElementPropertyValueKeyword.groovy:48)
	at com.kms.katalon.core.webservice.keyword.builtin.VerifyElementPropertyValueKeyword.execute(VerifyElementPropertyValueKeyword.groovy:43)
	at com.kms.katalon.core.keyword.internal.KeywordExecutor.executeKeywordForPlatform(KeywordExecutor.groovy:74)
	at com.kms.katalon.core.webservice.keyword.WSBuiltInKeywords.verifyElementPropertyValue(WSBuiltInKeywords.groovy:190)
	at com.kms.katalon.core.webservice.keyword.WSBuiltInKeywords$verifyElementPropertyValue$1.call(Unknown Source)
	at IOS_FR_getSubscriptionConfigForTUR_VIP.run(IOS_FR_getSubscriptionConfigForTUR_VIP:47)
	at com.kms.katalon.core.main.ScriptEngine.run(ScriptEngine.java:194)
	at com.kms.katalon.core.main.ScriptEngine.runScriptAsRawText(ScriptEngine.java:119)
	at com.kms.katalon.core.main.TestCaseExecutor.runScript(TestCaseExecutor.java:448)
	at com.kms.katalon.core.main.TestCaseExecutor.doExecute(TestCaseExecutor.java:439)
	at com.kms.katalon.core.main.TestCaseExecutor.processExecutionPhase(TestCaseExecutor.java:418)
	at com.kms.katalon.core.main.TestCaseExecutor.accessMainPhase(TestCaseExecutor.java:410)
	at com.kms.katalon.core.main.TestCaseExecutor.execute(TestCaseExecutor.java:285)
	at com.kms.katalon.core.common.CommonExecutor.accessTestCaseMainPhase(CommonExecutor.java:65)
	at com.kms.katalon.core.main.TestSuiteExecutor.accessTestSuiteMainPhase(TestSuiteExecutor.java:151)
	at com.kms.katalon.core.main.TestSuiteExecutor.execute(TestSuiteExecutor.java:106)
	at com.kms.katalon.core.main.TestCaseMain.startTestSuite(TestCaseMain.java:185)
	at com.kms.katalon.core.main.TestCaseMain$startTestSuite$0.call(Unknown Source)
	at TempTestSuite1697362455153.run(TempTestSuite1697362455153.groovy:36)
"/>
         <system-out><![CDATA[2023-10-15 12:35:23 - [TEST_CASE][FAILED] - Test Cases/IOS/TUR PI/IOS_FR_getSubscriptionConfigForTUR_VIP: Test Cases/IOS/TUR PI/IOS_FR_getSubscriptionConfigForTUR_VIP FAILED.
Reason:
com.kms.katalon.core.exception.StepFailedException: Expected element property value 'false' is not equal with actual property value 'true'
	at com.kms.katalon.core.keyword.internal.KeywordMain.stepFailed(KeywordMain.groovy:39)
	at com.kms.katalon.core.webservice.keyword.builtin.VerifyElementPropertyValueKeyword$_verifyElementPropertyValue_closure1.doCall(VerifyElementPropertyValueKeyword.groovy:56)
	at com.kms.katalon.core.webservice.keyword.builtin.VerifyElementPropertyValueKeyword$_verifyElementPropertyValue_closure1.call(VerifyElementPropertyValueKeyword.groovy)
	at com.kms.katalon.core.keyword.internal.KeywordMain.runKeyword(KeywordMain.groovy:74)
	at com.kms.katalon.core.webservice.keyword.builtin.VerifyElementPropertyValueKeyword.verifyElementPropertyValue(VerifyElementPropertyValueKeyword.groovy:48)
	at com.kms.katalon.core.webservice.keyword.builtin.VerifyElementPropertyValueKeyword.execute(VerifyElementPropertyValueKeyword.groovy:43)
	at com.kms.katalon.core.keyword.internal.KeywordExecutor.executeKeywordForPlatform(KeywordExecutor.groovy:74)
	at com.kms.katalon.core.webservice.keyword.WSBuiltInKeywords.verifyElementPropertyValue(WSBuiltInKeywords.groovy:190)
	at com.kms.katalon.core.webservice.keyword.WSBuiltInKeywords$verifyElementPropertyValue$1.call(Unknown Source)
	at IOS_FR_getSubscriptionConfigForTUR_VIP.run(IOS_FR_getSubscriptionConfigForTUR_VIP:47)
	at com.kms.katalon.core.main.ScriptEngine.run(ScriptEngine.java:194)
	at com.kms.katalon.core.main.ScriptEngine.runScriptAsRawText(ScriptEngine.java:119)
	at com.kms.katalon.core.main.TestCaseExecutor.runScript(TestCaseExecutor.java:448)
	at com.kms.katalon.core.main.TestCaseExecutor.doExecute(TestCaseExecutor.java:439)
	at com.kms.katalon.core.main.TestCaseExecutor.processExecutionPhase(TestCaseExecutor.java:418)
	at com.kms.katalon.core.main.TestCaseExecutor.accessMainPhase(TestCaseExecutor.java:410)
	at com.kms.katalon.core.main.TestCaseExecutor.execute(TestCaseExecutor.java:285)
	at com.kms.katalon.core.common.CommonExecutor.accessTestCaseMainPhase(CommonExecutor.java:65)
	at com.kms.katalon.core.main.TestSuiteExecutor.accessTestSuiteMainPhase(TestSuiteExecutor.java:151)
	at com.kms.katalon.core.main.TestSuiteExecutor.execute(TestSuiteExecutor.java:106)
	at com.kms.katalon.core.main.TestCaseMain.startTestSuite(TestCaseMain.java:185)
	at com.kms.katalon.core.main.TestCaseMain$startTestSuite$0.call(Unknown Source)
	at TempTestSuite1697362455153.run(TempTestSuite1697362455153.groovy:36)


2023-10-15 12:35:23 - [TEST_STEP][PASSED] - getResponse = config_files.getConfigFile.getConfig("IOS_APP", "FR", "SHAHID_VIP", "TR", "false"): config_files.getConfigFile.getConfig is PASSED

2023-10-15 12:35:24 - [MESSAGE][INFO] - HAR: /Users/admin/Downloads/Shahid-Fawry/Reports/20231015_123412/IOS/TUR/20231015_123415/requests/main/1.har

2023-10-15 12:35:24 - [MESSAGE][PASSED] - Send request successfully

2023-10-15 12:35:24 - [MESSAGE][PASSED] - config_files.getConfigFile.getConfig is PASSED

2023-10-15 12:35:24 - [TEST_STEP][PASSED] - verifyResponseStatusCode(getResponse, 200): Verify response status code successfully

2023-10-15 12:35:24 - [MESSAGE][PASSED] - Verify response status code successfully

2023-10-15 12:35:24 - [TEST_STEP][PASSED] - verifyElementPropertyValue(getResponse, "country", "TUR"): Verify element property value successfully

2023-10-15 12:35:24 - [MESSAGE][PASSED] - Verify element property value successfully

2023-10-15 12:35:24 - [TEST_STEP][PASSED] - verifyElementPropertyValue(getResponse, "platform", "[IOS_APP]"): Verify element property value successfully

2023-10-15 12:35:24 - [MESSAGE][PASSED] - Verify element property value successfully

2023-10-15 12:35:24 - [TEST_STEP][FAILED] - verifyElementPropertyValue(getResponse, "groups[0].pricingPlans[0].featured", "false"): Expected element property value 'false' is not equal with actual property value 'true'

2023-10-15 12:35:24 - [MESSAGE][FAILED] - Expected element property value 'false' is not equal with actual property value 'true'

2023-10-15 12:35:24 - [TEST_STEP][PASSED] - verifyElementPropertyValue(getResponse, "groups[0].pricingPlans[0].packageId", "SHAHID_VIP"): Verify element property value successfully

2023-10-15 12:35:24 - [MESSAGE][PASSED] - Verify element property value successfully

2023-10-15 12:35:24 - [TEST_STEP][PASSED] - verifyElementPropertyValue(getResponse, "groups[0].pricingPlans[0].catalogId", "VIP"): Verify element property value successfully

2023-10-15 12:35:24 - [MESSAGE][PASSED] - Verify element property value successfully

2023-10-15 12:35:24 - [TEST_STEP][PASSED] - verifyElementPropertyValue(getResponse, "groups[0].pricingPlans[0].visualElements[0].key", "duration"): Verify element property value successfully

2023-10-15 12:35:24 - [MESSAGE][PASSED] - Verify element property value successfully

2023-10-15 12:35:24 - [TEST_STEP][PASSED] - verifyElementPropertyValue(getResponse, "groups[0].pricingPlans[0].visualElements[0].value", "Mensuel"): Verify element property value successfully

2023-10-15 12:35:24 - [MESSAGE][PASSED] - Verify element property value successfully

2023-10-15 12:35:24 - [TEST_STEP][PASSED] - verifyElementPropertyValue(getResponse, "groups[0].pricingPlans[0].visualElements[1].key", "currency"): Verify element property value successfully

2023-10-15 12:35:24 - [MESSAGE][PASSED] - Verify element property value successfully

2023-10-15 12:35:24 - [TEST_STEP][PASSED] - verifyElementPropertyValue(getResponse, "groups[0].pricingPlans[0].visualElements[1].value", "TRY"): Verify element property value successfully

2023-10-15 12:35:24 - [MESSAGE][PASSED] - Verify element property value successfully

2023-10-15 12:35:24 - [TEST_STEP][PASSED] - verifyElementPropertyValue(getResponse, "groups[0].pricingPlans[0].visualElements[2].key", "price"): Verify element property value successfully

2023-10-15 12:35:24 - [MESSAGE][PASSED] - Verify element property value successfully

2023-10-15 12:35:24 - [TEST_STEP][PASSED] - verifyElementPropertyValue(getResponse, "groups[0].pricingPlans[0].visualElements[2].value", "76.99"): Verify element property value successfully

2023-10-15 12:35:24 - [MESSAGE][PASSED] - Verify element property value successfully

2023-10-15 12:35:24 - [TEST_STEP][PASSED] - verifyElementPropertyValue(getResponse, "groups[0].pricingPlans[0].visualElements[13].key", "show_tag"): Verify element property value successfully

2023-10-15 12:35:24 - [MESSAGE][PASSED] - Verify element property value successfully

2023-10-15 12:35:24 - [TEST_STEP][PASSED] - verifyElementPropertyValue(getResponse, "groups[0].pricingPlans[0].visualElements[13].value", "true"): Verify element property value successfully

2023-10-15 12:35:24 - [MESSAGE][PASSED] - Verify element property value successfully

2023-10-15 12:35:24 - [TEST_STEP][PASSED] - verifyElementPropertyValue(getResponse, "groups[0].pricingPlans[0].visualElements[5].key", "show_payment_logo"): Verify element property value successfully

2023-10-15 12:35:24 - [MESSAGE][PASSED] - Verify element property value successfully

2023-10-15 12:35:24 - [TEST_STEP][PASSED] - verifyElementPropertyValue(getResponse, "groups[0].pricingPlans[0].visualElements[5].value", "false"): Verify element property value successfully

2023-10-15 12:35:24 - [MESSAGE][PASSED] - Verify element property value successfully

2023-10-15 12:35:24 - [TEST_STEP][PASSED] - verifyElementPropertyValue(getResponse, "groups[0].pricingPlans[0].visualElements[6].key", "CTA_text"): Verify element property value successfully

2023-10-15 12:35:24 - [MESSAGE][PASSED] - Verify element property value successfully

2023-10-15 12:35:24 - [TEST_STEP][FAILED] - verifyElementPropertyValue(getResponse, "groups[0].pricingPlans[0].visualElements[6].value", "S’abonner"): Expected element property value 'S’abonner' is not equal with actual property value 'S'abonner'

2023-10-15 12:35:24 - [MESSAGE][FAILED] - Expected element property value 'S’abonner' is not equal with actual property value 'S'abonner'

2023-10-15 12:35:24 - [TEST_STEP][PASSED] - verifyElementPropertyValue(getResponse, "groups[0].pricingPlans[0].visualElements[8].key", "deduction_text"): Verify element property value successfully

2023-10-15 12:35:24 - [MESSAGE][PASSED] - Verify element property value successfully

2023-10-15 12:35:24 - [TEST_STEP][PASSED] - verifyElementPropertyValue(getResponse, "groups[0].pricingPlans[0].visualElements[8].value", "renouvelé chaque mois"): Verify element property value successfully

2023-10-15 12:35:24 - [MESSAGE][PASSED] - Verify element property value successfully

2023-10-15 12:35:24 - [TEST_STEP][PASSED] - verifyElementPropertyValue(getResponse, "groups[0].pricingPlans[0].visualElements[9].key", "promo_text"): Verify element property value successfully

2023-10-15 12:35:24 - [MESSAGE][PASSED] - Verify element property value successfully

2023-10-15 12:35:24 - [TEST_STEP][FAILED] - verifyElementPropertyValue(getResponse, "groups[0].pricingPlans[0].visualElements[9].value", "76.99 TRY"): Expected element property value '76.99 TRY' is not equal with actual property value '76.99 TRY/ mois'

2023-10-15 12:35:24 - [MESSAGE][FAILED] - Expected element property value '76.99 TRY' is not equal with actual property value '76.99 TRY/ mois'

2023-10-15 12:35:24 - [TEST_STEP][PASSED] - verifyElementPropertyValue(getResponse, "groups[0].pricingPlans[0].visualElements[10].key", "display_title"): Verify element property value successfully

2023-10-15 12:35:24 - [MESSAGE][PASSED] - Verify element property value successfully

2023-10-15 12:35:24 - [TEST_STEP][PASSED] - verifyElementPropertyValue(getResponse, "groups[0].pricingPlans[0].visualElements[10].value", "Plan Mensuel"): Verify element property value successfully

2023-10-15 12:35:24 - [MESSAGE][PASSED] - Verify element property value successfully

2023-10-15 12:35:24 - [TEST_STEP][PASSED] - verifyElementPropertyValue(getResponse, "groups[0].pricingPlans[0].visualElements[11].key", "Header_1_text"): Verify element property value successfully

2023-10-15 12:35:24 - [MESSAGE][PASSED] - Verify element property value successfully

2023-10-15 12:35:24 - [TEST_STEP][PASSED] - verifyElementPropertyValue(getResponse, "groups[0].pricingPlans[0].visualElements[11].value", "Abonnez-vous dès maintenant et profitez de vos programmes sans publicité"): Verify element property value successfully

2023-10-15 12:35:24 - [MESSAGE][PASSED] - Verify element property value successfully

2023-10-15 12:35:24 - [TEST_STEP][PASSED] - verifyElementPropertyValue(getResponse, "groups[0].pricingPlans[0].visualElements[12].key", "featured_tag_text"): Verify element property value successfully

2023-10-15 12:35:24 - [MESSAGE][PASSED] - Verify element property value successfully

2023-10-15 12:35:24 - [TEST_STEP][PASSED] - verifyElementPropertyValue(getResponse, "groups[0].pricingPlans[0].visualElements[12].value", "Le plus populaire"): Verify element property value successfully

2023-10-15 12:35:24 - [MESSAGE][PASSED] - Verify element property value successfully

2023-10-15 12:35:24 - [TEST_STEP][PASSED] - verifyElementPropertyValue(getResponse, "groups[0].pricingPlans[0].order", "0"): Verify element property value successfully

2023-10-15 12:35:24 - [MESSAGE][PASSED] - Verify element property value successfully

2023-10-15 12:35:24 - [TEST_STEP][PASSED] - verifyElementPropertyValue(getResponse, "groups[0].pricingPlans[0].period", "monthly"): Verify element property value successfully

2023-10-15 12:35:24 - [MESSAGE][PASSED] - Verify element property value successfully

2023-10-15 12:35:24 - [TEST_STEP][PASSED] - verifyElementPropertyValue(getResponse, "groups[0].pricingPlans[0].price", "76.99"): Verify element property value successfully

2023-10-15 12:35:24 - [MESSAGE][PASSED] - Verify element property value successfully

2023-10-15 12:35:24 - [TEST_STEP][PASSED] - verifyElementPropertyValue(getResponse, "groups[0].pricingPlans[0].currency", "TRY"): Verify element property value successfully

2023-10-15 12:35:24 - [MESSAGE][PASSED] - Verify element property value successfully

2023-10-15 12:35:24 - [TEST_STEP][PASSED] - verifyElementPropertyValue(getResponse, "groups[0].pricingPlans[0].pricingPlanData[0].productId", "TUR_B2C_SHAHID_VIP_1M"): Verify element property value successfully

2023-10-15 12:35:24 - [MESSAGE][PASSED] - Verify element property value successfully

2023-10-15 12:35:24 - [TEST_STEP][PASSED] - verifyElementPropertyValue(getResponse, "groups[0].pricingPlans[0].pricingPlanData[0].subPricingPlanIds[0]", "mbc.shahid.iosplus1monthfreetrial"): Verify element property value successfully

2023-10-15 12:35:24 - [MESSAGE][PASSED] - Verify element property value successfully

2023-10-15 12:35:24 - [TEST_STEP][PASSED] - verifyElementPropertyValue(getResponse, "groups[0].pricingPlans[0].pricingPlanData[0].paymentMethod", "APPLE_IAP"): Verify element property value successfully

2023-10-15 12:35:24 - [MESSAGE][PASSED] - Verify element property value successfully

2023-10-15 12:35:24 - [TEST_STEP][PASSED] - verifyElementPropertyValue(getResponse, "groups[0].pricingPlans[0].pricingPlanData[0].freeTrialEnabled", "false"): Verify element property value successfully

2023-10-15 12:35:25 - [MESSAGE][PASSED] - Verify element property value successfully

2023-10-15 12:35:25 - [TEST_STEP][PASSED] - verifyElementPropertyValue(getResponse, "groups[0].pricingPlans[0].pricingPlanData[0].priceLabel", "76.99"): Verify element property value successfully

2023-10-15 12:35:25 - [MESSAGE][PASSED] - Verify element property value successfully

2023-10-15 12:35:25 - [TEST_STEP][PASSED] - verifyElementPropertyValue(getResponse, "groups[0].pricingPlans[0].pricingPlanData[0].currencyLabel", "TRY"): Verify element property value successfully

2023-10-15 12:35:25 - [MESSAGE][PASSED] - Verify element property value successfully

2023-10-15 12:35:25 - [TEST_STEP][PASSED] - verifyElementPropertyValue(getResponse, "groups[0].pricingPlans[1].featured", "false"): Verify element property value successfully

2023-10-15 12:35:25 - [MESSAGE][PASSED] - Verify element property value successfully

2023-10-15 12:35:25 - [TEST_STEP][PASSED] - verifyElementPropertyValue(getResponse, "groups[0].pricingPlans[1].packageId", "SHAHID_VIP"): Verify element property value successfully

2023-10-15 12:35:25 - [MESSAGE][PASSED] - Verify element property value successfully

2023-10-15 12:35:25 - [TEST_STEP][PASSED] - verifyElementPropertyValue(getResponse, "groups[0].pricingPlans[1].catalogId", "VIP"): Verify element property value successfully

2023-10-15 12:35:25 - [MESSAGE][PASSED] - Verify element property value successfully

2023-10-15 12:35:25 - [TEST_STEP][PASSED] - verifyElementPropertyValue(getResponse, "groups[0].pricingPlans[1].visualElements[0].key", "duration"): Verify element property value successfully

2023-10-15 12:35:25 - [MESSAGE][PASSED] - Verify element property value successfully

2023-10-15 12:35:25 - [TEST_STEP][PASSED] - verifyElementPropertyValue(getResponse, "groups[0].pricingPlans[1].visualElements[0].value", "Annuel"): Verify element property value successfully

2023-10-15 12:35:25 - [MESSAGE][PASSED] - Verify element property value successfully

2023-10-15 12:35:25 - [TEST_STEP][PASSED] - verifyElementPropertyValue(getResponse, "groups[0].pricingPlans[1].visualElements[1].key", "currency"): Verify element property value successfully

2023-10-15 12:35:25 - [MESSAGE][PASSED] - Verify element property value successfully

2023-10-15 12:35:25 - [TEST_STEP][PASSED] - verifyElementPropertyValue(getResponse, "groups[0].pricingPlans[1].visualElements[1].value", "TRY"): Verify element property value successfully

2023-10-15 12:35:25 - [MESSAGE][PASSED] - Verify element property value successfully

2023-10-15 12:35:25 - [TEST_STEP][PASSED] - verifyElementPropertyValue(getResponse, "groups[0].pricingPlans[1].visualElements[2].key", "price"): Verify element property value successfully

2023-10-15 12:35:25 - [MESSAGE][PASSED] - Verify element property value successfully

2023-10-15 12:35:25 - [TEST_STEP][PASSED] - verifyElementPropertyValue(getResponse, "groups[0].pricingPlans[1].visualElements[2].value", "659.99"): Verify element property value successfully

2023-10-15 12:35:25 - [MESSAGE][PASSED] - Verify element property value successfully

2023-10-15 12:35:25 - [TEST_STEP][PASSED] - verifyElementPropertyValue(getResponse, "groups[0].pricingPlans[1].visualElements[5].key", "show_tag"): Verify element property value successfully

2023-10-15 12:35:25 - [MESSAGE][PASSED] - Verify element property value successfully

2023-10-15 12:35:25 - [TEST_STEP][PASSED] - verifyElementPropertyValue(getResponse, "groups[0].pricingPlans[1].visualElements[5].value", "true"): Verify element property value successfully

2023-10-15 12:35:25 - [MESSAGE][PASSED] - Verify element property value successfully

2023-10-15 12:35:25 - [TEST_STEP][PASSED] - verifyElementPropertyValue(getResponse, "groups[0].pricingPlans[1].visualElements[6].key", "show_payment_logo"): Verify element property value successfully

2023-10-15 12:35:25 - [MESSAGE][PASSED] - Verify element property value successfully

2023-10-15 12:35:25 - [TEST_STEP][PASSED] - verifyElementPropertyValue(getResponse, "groups[0].pricingPlans[1].visualElements[6].value", "false"): Verify element property value successfully

2023-10-15 12:35:25 - [MESSAGE][PASSED] - Verify element property value successfully

2023-10-15 12:35:25 - [TEST_STEP][PASSED] - verifyElementPropertyValue(getResponse, "groups[0].pricingPlans[1].visualElements[7].key", "CTA_text"): Verify element property value successfully

2023-10-15 12:35:25 - [MESSAGE][PASSED] - Verify element property value successfully

2023-10-15 12:35:25 - [TEST_STEP][FAILED] - verifyElementPropertyValue(getResponse, "groups[0].pricingPlans[1].visualElements[7].value", "S’abonner"): Expected element property value 'S’abonner' is not equal with actual property value 'S'abonner'

2023-10-15 12:35:25 - [MESSAGE][FAILED] - Expected element property value 'S’abonner' is not equal with actual property value 'S'abonner'

2023-10-15 12:35:25 - [TEST_STEP][PASSED] - verifyElementPropertyValue(getResponse, "groups[0].pricingPlans[1].visualElements[9].key", "deduction_text"): Verify element property value successfully

2023-10-15 12:35:25 - [MESSAGE][PASSED] - Verify element property value successfully

2023-10-15 12:35:25 - [TEST_STEP][FAILED] - verifyElementPropertyValue(getResponse, "groups[0].pricingPlans[1].visualElements[9].value", "12 mois à 54.99 TRY / mois"): Expected element property value '12 mois à 54.99 TRY / mois' is not equal with actual property value '659.99 TRY facturés chaque année'

2023-10-15 12:35:25 - [MESSAGE][FAILED] - Expected element property value '12 mois à 54.99 TRY / mois' is not equal with actual property value '659.99 TRY facturés chaque année'

2023-10-15 12:35:25 - [TEST_STEP][PASSED] - verifyElementPropertyValue(getResponse, "groups[0].pricingPlans[1].visualElements[10].key", "promo_text"): Verify element property value successfully

2023-10-15 12:35:25 - [MESSAGE][PASSED] - Verify element property value successfully

2023-10-15 12:35:25 - [TEST_STEP][FAILED] - verifyElementPropertyValue(getResponse, "groups[0].pricingPlans[1].visualElements[10].value", "659.99 TRY"): Expected element property value '659.99 TRY' is not equal with actual property value '54.99 TRY/ mois'

2023-10-15 12:35:25 - [MESSAGE][FAILED] - Expected element property value '659.99 TRY' is not equal with actual property value '54.99 TRY/ mois'

2023-10-15 12:35:25 - [TEST_STEP][PASSED] - verifyElementPropertyValue(getResponse, "groups[0].pricingPlans[1].visualElements[11].key", "tag_text"): Verify element property value successfully

2023-10-15 12:35:25 - [MESSAGE][PASSED] - Verify element property value successfully

2023-10-15 12:35:25 - [TEST_STEP][PASSED] - verifyElementPropertyValue(getResponse, "groups[0].pricingPlans[1].visualElements[11].value", "Économisez 29%"): Verify element property value successfully

2023-10-15 12:35:25 - [MESSAGE][PASSED] - Verify element property value successfully

2023-10-15 12:35:25 - [TEST_STEP][PASSED] - verifyElementPropertyValue(getResponse, "groups[0].pricingPlans[1].visualElements[12].key", "display_title"): Verify element property value successfully

2023-10-15 12:35:25 - [MESSAGE][PASSED] - Verify element property value successfully

2023-10-15 12:35:25 - [TEST_STEP][FAILED] - verifyElementPropertyValue(getResponse, "groups[0].pricingPlans[1].visualElements[12].value", "Plan Annuel"): Expected element property value 'Plan Annuel' is not equal with actual property value 'Annual Plan'

2023-10-15 12:35:25 - [MESSAGE][FAILED] - Expected element property value 'Plan Annuel' is not equal with actual property value 'Annual Plan'

2023-10-15 12:35:25 - [TEST_STEP][PASSED] - verifyElementPropertyValue(getResponse, "groups[0].pricingPlans[1].visualElements[13].key", "Header_1_text"): Verify element property value successfully

2023-10-15 12:35:25 - [MESSAGE][PASSED] - Verify element property value successfully

2023-10-15 12:35:25 - [TEST_STEP][PASSED] - verifyElementPropertyValue(getResponse, "groups[0].pricingPlans[1].visualElements[13].value", "Abonnez-vous dès maintenant et profitez de vos programmes sans publicité"): Verify element property value successfully

2023-10-15 12:35:25 - [MESSAGE][PASSED] - Verify element property value successfully

2023-10-15 12:35:25 - [TEST_STEP][PASSED] - verifyElementPropertyValue(getResponse, "groups[0].pricingPlans[1].order", "2"): Verify element property value successfully

2023-10-15 12:35:25 - [MESSAGE][PASSED] - Verify element property value successfully

2023-10-15 12:35:25 - [TEST_STEP][PASSED] - verifyElementPropertyValue(getResponse, "groups[0].pricingPlans[1].period", "yearly"): Verify element property value successfully

2023-10-15 12:35:25 - [MESSAGE][PASSED] - Verify element property value successfully

2023-10-15 12:35:25 - [TEST_STEP][PASSED] - verifyElementPropertyValue(getResponse, "groups[0].pricingPlans[1].price", "659.99"): Verify element property value successfully

2023-10-15 12:35:25 - [MESSAGE][PASSED] - Verify element property value successfully

2023-10-15 12:35:25 - [TEST_STEP][PASSED] - verifyElementPropertyValue(getResponse, "groups[0].pricingPlans[1].currency", "TRY"): Verify element property value successfully

2023-10-15 12:35:25 - [MESSAGE][PASSED] - Verify element property value successfully

2023-10-15 12:35:25 - [TEST_STEP][PASSED] - verifyElementPropertyValue(getResponse, "groups[0].pricingPlans[1].pricingPlanData[0].productId", "TUR_B2C_SHAHID_VIP_12M"): Verify element property value successfully

2023-10-15 12:35:25 - [MESSAGE][PASSED] - Verify element property value successfully

2023-10-15 12:35:25 - [TEST_STEP][PASSED] - verifyElementPropertyValue(getResponse, "groups[0].pricingPlans[1].pricingPlanData[0].subPricingPlanIds[0]", "mbc.shahid.iosplusyearly"): Verify element property value successfully

2023-10-15 12:35:25 - [MESSAGE][PASSED] - Verify element property value successfully

2023-10-15 12:35:25 - [TEST_STEP][PASSED] - verifyElementPropertyValue(getResponse, "groups[0].pricingPlans[1].pricingPlanData[0].paymentMethod", "APPLE_IAP"): Verify element property value successfully

2023-10-15 12:35:25 - [MESSAGE][PASSED] - Verify element property value successfully

2023-10-15 12:35:25 - [TEST_STEP][PASSED] - verifyElementPropertyValue(getResponse, "groups[0].pricingPlans[1].pricingPlanData[0].freeTrialEnabled", "false"): Verify element property value successfully

2023-10-15 12:35:25 - [MESSAGE][PASSED] - Verify element property value successfully

2023-10-15 12:35:25 - [TEST_STEP][PASSED] - verifyElementPropertyValue(getResponse, "groups[0].pricingPlans[1].pricingPlanData[0].priceLabel", "659.99"): Verify element property value successfully

2023-10-15 12:35:25 - [MESSAGE][PASSED] - Verify element property value successfully

2023-10-15 12:35:25 - [TEST_STEP][PASSED] - verifyElementPropertyValue(getResponse, "groups[0].pricingPlans[1].pricingPlanData[0].currencyLabel", "TRY"): Verify element property value successfully

2023-10-15 12:35:25 - [MESSAGE][PASSED] - Verify element property value successfully

2023-10-15 12:35:25 - [TEST_STEP][PASSED] - verifyElementPropertyValue(getResponse, "groups[0].pricingPlans[1].pricingPlanData[0].allowedForAcquisition", "true"): Verify element property value successfully

2023-10-15 12:35:25 - [MESSAGE][PASSED] - Verify element property value successfully

2023-10-15 12:35:25 - [TEST_STEP][PASSED] - verifyElementPropertyValue(getResponse, "visualElements[0].key", "main_CTA_text_1"): Verify element property value successfully

2023-10-15 12:35:25 - [MESSAGE][PASSED] - Verify element property value successfully

2023-10-15 12:35:25 - [TEST_STEP][PASSED] - verifyElementPropertyValue(getResponse, "visualElements[0].value", "Abonnez-vous dès maintenant et profitez de vos programmes sans publicité"): Verify element property value successfully

2023-10-15 12:35:25 - [MESSAGE][PASSED] - Verify element property value successfully

2023-10-15 12:35:25 - [TEST_STEP][PASSED] - verifyElementPropertyValue(getResponse, "visualElements[2].key", "main_disclaimer_text"): Verify element property value successfully

2023-10-15 12:35:25 - [MESSAGE][PASSED] - Verify element property value successfully

2023-10-15 12:35:25 - [TEST_STEP][FAILED] - verifyElementPropertyValue(getResponse, "visualElements[2].value", "Les frais d'abonnement peuvent varier selon le pays, le moyen de paiement, le forfait, les taxes, les taux de change et les frais bancaires. Les conditions générales d'utilisation s'appliquent."): Expected element property value 'Les frais d'abonnement peuvent varier selon le pays, le moyen de paiement, le forfait, les taxes, les taux de change et les frais bancaires. Les conditions générales d'utilisation s'appliquent.' is not equal with actual property value 'Les frais d’abonnement peuvent varier selon le pays, le moyen de paiement, la formule d’abonnement, les taxes, les taux de change entre devises et les frais bancaires. Les conditions générales d'utilisation s’appliquent.'

2023-10-15 12:35:25 - [MESSAGE][FAILED] - Expected element property value 'Les frais d'abonnement peuvent varier selon le pays, le moyen de paiement, le forfait, les taxes, les taux de change et les frais bancaires. Les conditions générales d'utilisation s'appliquent.' is not equal with actual property value 'Les frais d’abonnement peuvent varier selon le pays, le moyen de paiement, la formule d’abonnement, les taxes, les taux de change entre devises et les frais bancaires. Les conditions générales d'utilisation s’appliquent.'

2023-10-15 12:35:25 - [TEST_STEP][PASSED] - verifyElementPropertyValue(getResponse, "defaultPackageId", "SHAHID_VIP"): Verify element property value successfully

2023-10-15 12:35:25 - [MESSAGE][PASSED] - Verify element property value successfully]]></system-out>
         <system-err><![CDATA[2023-10-15 12:35:23 - [TEST_CASE][FAILED] - Test Cases/IOS/TUR PI/IOS_FR_getSubscriptionConfigForTUR_VIP: Test Cases/IOS/TUR PI/IOS_FR_getSubscriptionConfigForTUR_VIP FAILED.
Reason:
com.kms.katalon.core.exception.StepFailedException: Expected element property value 'false' is not equal with actual property value 'true'
	at com.kms.katalon.core.keyword.internal.KeywordMain.stepFailed(KeywordMain.groovy:39)
	at com.kms.katalon.core.webservice.keyword.builtin.VerifyElementPropertyValueKeyword$_verifyElementPropertyValue_closure1.doCall(VerifyElementPropertyValueKeyword.groovy:56)
	at com.kms.katalon.core.webservice.keyword.builtin.VerifyElementPropertyValueKeyword$_verifyElementPropertyValue_closure1.call(VerifyElementPropertyValueKeyword.groovy)
	at com.kms.katalon.core.keyword.internal.KeywordMain.runKeyword(KeywordMain.groovy:74)
	at com.kms.katalon.core.webservice.keyword.builtin.VerifyElementPropertyValueKeyword.verifyElementPropertyValue(VerifyElementPropertyValueKeyword.groovy:48)
	at com.kms.katalon.core.webservice.keyword.builtin.VerifyElementPropertyValueKeyword.execute(VerifyElementPropertyValueKeyword.groovy:43)
	at com.kms.katalon.core.keyword.internal.KeywordExecutor.executeKeywordForPlatform(KeywordExecutor.groovy:74)
	at com.kms.katalon.core.webservice.keyword.WSBuiltInKeywords.verifyElementPropertyValue(WSBuiltInKeywords.groovy:190)
	at com.kms.katalon.core.webservice.keyword.WSBuiltInKeywords$verifyElementPropertyValue$1.call(Unknown Source)
	at IOS_FR_getSubscriptionConfigForTUR_VIP.run(IOS_FR_getSubscriptionConfigForTUR_VIP:47)
	at com.kms.katalon.core.main.ScriptEngine.run(ScriptEngine.java:194)
	at com.kms.katalon.core.main.ScriptEngine.runScriptAsRawText(ScriptEngine.java:119)
	at com.kms.katalon.core.main.TestCaseExecutor.runScript(TestCaseExecutor.java:448)
	at com.kms.katalon.core.main.TestCaseExecutor.doExecute(TestCaseExecutor.java:439)
	at com.kms.katalon.core.main.TestCaseExecutor.processExecutionPhase(TestCaseExecutor.java:418)
	at com.kms.katalon.core.main.TestCaseExecutor.accessMainPhase(TestCaseExecutor.java:410)
	at com.kms.katalon.core.main.TestCaseExecutor.execute(TestCaseExecutor.java:285)
	at com.kms.katalon.core.common.CommonExecutor.accessTestCaseMainPhase(CommonExecutor.java:65)
	at com.kms.katalon.core.main.TestSuiteExecutor.accessTestSuiteMainPhase(TestSuiteExecutor.java:151)
	at com.kms.katalon.core.main.TestSuiteExecutor.execute(TestSuiteExecutor.java:106)
	at com.kms.katalon.core.main.TestCaseMain.startTestSuite(TestCaseMain.java:185)
	at com.kms.katalon.core.main.TestCaseMain$startTestSuite$0.call(Unknown Source)
	at TempTestSuite1697362455153.run(TempTestSuite1697362455153.groovy:36)]]></system-err>
      </testcase>
      <testcase name="Test Cases/IOS/TUR PI/IOS_EN_getSubscriptionConfigForTUR_VIP" time="1.577" classname="Test Cases/IOS/TUR PI/IOS_EN_getSubscriptionConfigForTUR_VIP" status="FAILED">
         <failure type="FAILED" message="Test Cases/IOS/TUR PI/IOS_EN_getSubscriptionConfigForTUR_VIP FAILED.
Reason:
com.kms.katalon.core.exception.StepFailedException: Expected element property value '76.99 TRY' is not equal with actual property value '76.99 TRY/ month'
	at com.kms.katalon.core.keyword.internal.KeywordMain.stepFailed(KeywordMain.groovy:39)
	at com.kms.katalon.core.webservice.keyword.builtin.VerifyElementPropertyValueKeyword$_verifyElementPropertyValue_closure1.doCall(VerifyElementPropertyValueKeyword.groovy:56)
	at com.kms.katalon.core.webservice.keyword.builtin.VerifyElementPropertyValueKeyword$_verifyElementPropertyValue_closure1.call(VerifyElementPropertyValueKeyword.groovy)
	at com.kms.katalon.core.keyword.internal.KeywordMain.runKeyword(KeywordMain.groovy:74)
	at com.kms.katalon.core.webservice.keyword.builtin.VerifyElementPropertyValueKeyword.verifyElementPropertyValue(VerifyElementPropertyValueKeyword.groovy:48)
	at com.kms.katalon.core.webservice.keyword.builtin.VerifyElementPropertyValueKeyword.execute(VerifyElementPropertyValueKeyword.groovy:43)
	at com.kms.katalon.core.keyword.internal.KeywordExecutor.executeKeywordForPlatform(KeywordExecutor.groovy:74)
	at com.kms.katalon.core.webservice.keyword.WSBuiltInKeywords.verifyElementPropertyValue(WSBuiltInKeywords.groovy:190)
	at com.kms.katalon.core.webservice.keyword.WSBuiltInKeywords$verifyElementPropertyValue$1.call(Unknown Source)
	at IOS_EN_getSubscriptionConfigForTUR_VIP.run(IOS_EN_getSubscriptionConfigForTUR_VIP:65)
	at com.kms.katalon.core.main.ScriptEngine.run(ScriptEngine.java:194)
	at com.kms.katalon.core.main.ScriptEngine.runScriptAsRawText(ScriptEngine.java:119)
	at com.kms.katalon.core.main.TestCaseExecutor.runScript(TestCaseExecutor.java:448)
	at com.kms.katalon.core.main.TestCaseExecutor.doExecute(TestCaseExecutor.java:439)
	at com.kms.katalon.core.main.TestCaseExecutor.processExecutionPhase(TestCaseExecutor.java:418)
	at com.kms.katalon.core.main.TestCaseExecutor.accessMainPhase(TestCaseExecutor.java:410)
	at com.kms.katalon.core.main.TestCaseExecutor.execute(TestCaseExecutor.java:285)
	at com.kms.katalon.core.common.CommonExecutor.accessTestCaseMainPhase(CommonExecutor.java:65)
	at com.kms.katalon.core.main.TestSuiteExecutor.accessTestSuiteMainPhase(TestSuiteExecutor.java:151)
	at com.kms.katalon.core.main.TestSuiteExecutor.execute(TestSuiteExecutor.java:106)
	at com.kms.katalon.core.main.TestCaseMain.startTestSuite(TestCaseMain.java:185)
	at com.kms.katalon.core.main.TestCaseMain$startTestSuite$0.call(Unknown Source)
	at TempTestSuite1697362455153.run(TempTestSuite1697362455153.groovy:36)
"/>
         <system-out><![CDATA[2023-10-15 12:35:25 - [TEST_CASE][FAILED] - Test Cases/IOS/TUR PI/IOS_EN_getSubscriptionConfigForTUR_VIP: Test Cases/IOS/TUR PI/IOS_EN_getSubscriptionConfigForTUR_VIP FAILED.
Reason:
com.kms.katalon.core.exception.StepFailedException: Expected element property value '76.99 TRY' is not equal with actual property value '76.99 TRY/ month'
	at com.kms.katalon.core.keyword.internal.KeywordMain.stepFailed(KeywordMain.groovy:39)
	at com.kms.katalon.core.webservice.keyword.builtin.VerifyElementPropertyValueKeyword$_verifyElementPropertyValue_closure1.doCall(VerifyElementPropertyValueKeyword.groovy:56)
	at com.kms.katalon.core.webservice.keyword.builtin.VerifyElementPropertyValueKeyword$_verifyElementPropertyValue_closure1.call(VerifyElementPropertyValueKeyword.groovy)
	at com.kms.katalon.core.keyword.internal.KeywordMain.runKeyword(KeywordMain.groovy:74)
	at com.kms.katalon.core.webservice.keyword.builtin.VerifyElementPropertyValueKeyword.verifyElementPropertyValue(VerifyElementPropertyValueKeyword.groovy:48)
	at com.kms.katalon.core.webservice.keyword.builtin.VerifyElementPropertyValueKeyword.execute(VerifyElementPropertyValueKeyword.groovy:43)
	at com.kms.katalon.core.keyword.internal.KeywordExecutor.executeKeywordForPlatform(KeywordExecutor.groovy:74)
	at com.kms.katalon.core.webservice.keyword.WSBuiltInKeywords.verifyElementPropertyValue(WSBuiltInKeywords.groovy:190)
	at com.kms.katalon.core.webservice.keyword.WSBuiltInKeywords$verifyElementPropertyValue$1.call(Unknown Source)
	at IOS_EN_getSubscriptionConfigForTUR_VIP.run(IOS_EN_getSubscriptionConfigForTUR_VIP:65)
	at com.kms.katalon.core.main.ScriptEngine.run(ScriptEngine.java:194)
	at com.kms.katalon.core.main.ScriptEngine.runScriptAsRawText(ScriptEngine.java:119)
	at com.kms.katalon.core.main.TestCaseExecutor.runScript(TestCaseExecutor.java:448)
	at com.kms.katalon.core.main.TestCaseExecutor.doExecute(TestCaseExecutor.java:439)
	at com.kms.katalon.core.main.TestCaseExecutor.processExecutionPhase(TestCaseExecutor.java:418)
	at com.kms.katalon.core.main.TestCaseExecutor.accessMainPhase(TestCaseExecutor.java:410)
	at com.kms.katalon.core.main.TestCaseExecutor.execute(TestCaseExecutor.java:285)
	at com.kms.katalon.core.common.CommonExecutor.accessTestCaseMainPhase(CommonExecutor.java:65)
	at com.kms.katalon.core.main.TestSuiteExecutor.accessTestSuiteMainPhase(TestSuiteExecutor.java:151)
	at com.kms.katalon.core.main.TestSuiteExecutor.execute(TestSuiteExecutor.java:106)
	at com.kms.katalon.core.main.TestCaseMain.startTestSuite(TestCaseMain.java:185)
	at com.kms.katalon.core.main.TestCaseMain$startTestSuite$0.call(Unknown Source)
	at TempTestSuite1697362455153.run(TempTestSuite1697362455153.groovy:36)


2023-10-15 12:35:25 - [TEST_STEP][PASSED] - getResponse = config_files.getConfigFile.getConfig("IOS_APP", "EN", "SHAHID_VIP", "TR", "false"): config_files.getConfigFile.getConfig is PASSED

2023-10-15 12:35:26 - [MESSAGE][INFO] - HAR: /Users/admin/Downloads/Shahid-Fawry/Reports/20231015_123412/IOS/TUR/20231015_123415/requests/main/2.har

2023-10-15 12:35:26 - [MESSAGE][PASSED] - Send request successfully

2023-10-15 12:35:26 - [MESSAGE][PASSED] - config_files.getConfigFile.getConfig is PASSED

2023-10-15 12:35:26 - [TEST_STEP][PASSED] - verifyResponseStatusCode(getResponse, 200): Verify response status code successfully

2023-10-15 12:35:26 - [MESSAGE][PASSED] - Verify response status code successfully

2023-10-15 12:35:26 - [TEST_STEP][PASSED] - verifyElementPropertyValue(getResponse, "country", "TUR"): Verify element property value successfully

2023-10-15 12:35:26 - [MESSAGE][PASSED] - Verify element property value successfully

2023-10-15 12:35:26 - [TEST_STEP][PASSED] - verifyElementPropertyValue(getResponse, "platform", "[IOS_APP]"): Verify element property value successfully

2023-10-15 12:35:26 - [MESSAGE][PASSED] - Verify element property value successfully

2023-10-15 12:35:26 - [TEST_STEP][PASSED] - verifyElementPropertyValue(getResponse, "groups[0].pricingPlans[0].featured", "true"): Verify element property value successfully

2023-10-15 12:35:26 - [MESSAGE][PASSED] - Verify element property value successfully

2023-10-15 12:35:26 - [TEST_STEP][PASSED] - verifyElementPropertyValue(getResponse, "groups[0].pricingPlans[0].packageId", "SHAHID_VIP"): Verify element property value successfully

2023-10-15 12:35:26 - [MESSAGE][PASSED] - Verify element property value successfully

2023-10-15 12:35:26 - [TEST_STEP][PASSED] - verifyElementPropertyValue(getResponse, "groups[0].pricingPlans[0].catalogId", "VIP"): Verify element property value successfully

2023-10-15 12:35:26 - [MESSAGE][PASSED] - Verify element property value successfully

2023-10-15 12:35:26 - [TEST_STEP][PASSED] - verifyElementPropertyValue(getResponse, "groups[0].pricingPlans[0].visualElements[0].key", "duration"): Verify element property value successfully

2023-10-15 12:35:26 - [MESSAGE][PASSED] - Verify element property value successfully

2023-10-15 12:35:26 - [TEST_STEP][PASSED] - verifyElementPropertyValue(getResponse, "groups[0].pricingPlans[0].visualElements[0].value", "Monthly"): Verify element property value successfully

2023-10-15 12:35:26 - [MESSAGE][PASSED] - Verify element property value successfully

2023-10-15 12:35:26 - [TEST_STEP][PASSED] - verifyElementPropertyValue(getResponse, "groups[0].pricingPlans[0].visualElements[1].key", "currency"): Verify element property value successfully

2023-10-15 12:35:26 - [MESSAGE][PASSED] - Verify element property value successfully

2023-10-15 12:35:26 - [TEST_STEP][PASSED] - verifyElementPropertyValue(getResponse, "groups[0].pricingPlans[0].visualElements[1].value", "TRY"): Verify element property value successfully

2023-10-15 12:35:26 - [MESSAGE][PASSED] - Verify element property value successfully

2023-10-15 12:35:26 - [TEST_STEP][PASSED] - verifyElementPropertyValue(getResponse, "groups[0].pricingPlans[0].visualElements[2].key", "price"): Verify element property value successfully

2023-10-15 12:35:26 - [MESSAGE][PASSED] - Verify element property value successfully

2023-10-15 12:35:26 - [TEST_STEP][PASSED] - verifyElementPropertyValue(getResponse, "groups[0].pricingPlans[0].visualElements[2].value", "76.99"): Verify element property value successfully

2023-10-15 12:35:26 - [MESSAGE][PASSED] - Verify element property value successfully

2023-10-15 12:35:26 - [TEST_STEP][PASSED] - verifyElementPropertyValue(getResponse, "groups[0].pricingPlans[0].visualElements[13].key", "show_tag"): Verify element property value successfully

2023-10-15 12:35:26 - [MESSAGE][PASSED] - Verify element property value successfully

2023-10-15 12:35:26 - [TEST_STEP][PASSED] - verifyElementPropertyValue(getResponse, "groups[0].pricingPlans[0].visualElements[13].value", "true"): Verify element property value successfully

2023-10-15 12:35:26 - [MESSAGE][PASSED] - Verify element property value successfully

2023-10-15 12:35:26 - [TEST_STEP][PASSED] - verifyElementPropertyValue(getResponse, "groups[0].pricingPlans[0].visualElements[5].key", "show_payment_logo"): Verify element property value successfully

2023-10-15 12:35:26 - [MESSAGE][PASSED] - Verify element property value successfully

2023-10-15 12:35:26 - [TEST_STEP][PASSED] - verifyElementPropertyValue(getResponse, "groups[0].pricingPlans[0].visualElements[5].value", "false"): Verify element property value successfully

2023-10-15 12:35:26 - [MESSAGE][PASSED] - Verify element property value successfully

2023-10-15 12:35:26 - [TEST_STEP][PASSED] - verifyElementPropertyValue(getResponse, "groups[0].pricingPlans[0].visualElements[6].key", "CTA_text"): Verify element property value successfully

2023-10-15 12:35:26 - [MESSAGE][PASSED] - Verify element property value successfully

2023-10-15 12:35:26 - [TEST_STEP][PASSED] - verifyElementPropertyValue(getResponse, "groups[0].pricingPlans[0].visualElements[6].value", "Subscribe"): Verify element property value successfully

2023-10-15 12:35:26 - [MESSAGE][PASSED] - Verify element property value successfully

2023-10-15 12:35:26 - [TEST_STEP][PASSED] - verifyElementPropertyValue(getResponse, "groups[0].pricingPlans[0].visualElements[8].key", "deduction_text"): Verify element property value successfully

2023-10-15 12:35:26 - [MESSAGE][PASSED] - Verify element property value successfully

2023-10-15 12:35:26 - [TEST_STEP][PASSED] - verifyElementPropertyValue(getResponse, "groups[0].pricingPlans[0].visualElements[8].value", "renewed monthly"): Verify element property value successfully

2023-10-15 12:35:26 - [MESSAGE][PASSED] - Verify element property value successfully

2023-10-15 12:35:26 - [TEST_STEP][PASSED] - verifyElementPropertyValue(getResponse, "groups[0].pricingPlans[0].visualElements[9].key", "promo_text"): Verify element property value successfully

2023-10-15 12:35:26 - [MESSAGE][PASSED] - Verify element property value successfully

2023-10-15 12:35:26 - [TEST_STEP][FAILED] - verifyElementPropertyValue(getResponse, "groups[0].pricingPlans[0].visualElements[9].value", "76.99 TRY"): Expected element property value '76.99 TRY' is not equal with actual property value '76.99 TRY/ month'

2023-10-15 12:35:26 - [MESSAGE][FAILED] - Expected element property value '76.99 TRY' is not equal with actual property value '76.99 TRY/ month'

2023-10-15 12:35:26 - [TEST_STEP][PASSED] - verifyElementPropertyValue(getResponse, "groups[0].pricingPlans[0].visualElements[10].key", "display_title"): Verify element property value successfully

2023-10-15 12:35:26 - [MESSAGE][PASSED] - Verify element property value successfully

2023-10-15 12:35:26 - [TEST_STEP][PASSED] - verifyElementPropertyValue(getResponse, "groups[0].pricingPlans[0].visualElements[10].value", "Monthly Plan"): Verify element property value successfully

2023-10-15 12:35:26 - [MESSAGE][PASSED] - Verify element property value successfully

2023-10-15 12:35:26 - [TEST_STEP][PASSED] - verifyElementPropertyValue(getResponse, "groups[0].pricingPlans[0].visualElements[11].key", "Header_1_text"): Verify element property value successfully

2023-10-15 12:35:26 - [MESSAGE][PASSED] - Verify element property value successfully

2023-10-15 12:35:26 - [TEST_STEP][PASSED] - verifyElementPropertyValue(getResponse, "groups[0].pricingPlans[0].visualElements[11].value", "Watch the most powerful series and movies exclusively without stopping"): Verify element property value successfully

2023-10-15 12:35:26 - [MESSAGE][PASSED] - Verify element property value successfully

2023-10-15 12:35:26 - [TEST_STEP][PASSED] - verifyElementPropertyValue(getResponse, "groups[0].pricingPlans[0].visualElements[12].key", "featured_tag_text"): Verify element property value successfully

2023-10-15 12:35:26 - [MESSAGE][PASSED] - Verify element property value successfully

2023-10-15 12:35:26 - [TEST_STEP][PASSED] - verifyElementPropertyValue(getResponse, "groups[0].pricingPlans[0].visualElements[12].value", "Most popular"): Verify element property value successfully

2023-10-15 12:35:26 - [MESSAGE][PASSED] - Verify element property value successfully

2023-10-15 12:35:26 - [TEST_STEP][PASSED] - verifyElementPropertyValue(getResponse, "groups[0].pricingPlans[0].order", "0"): Verify element property value successfully

2023-10-15 12:35:26 - [MESSAGE][PASSED] - Verify element property value successfully

2023-10-15 12:35:26 - [TEST_STEP][PASSED] - verifyElementPropertyValue(getResponse, "groups[0].pricingPlans[0].period", "monthly"): Verify element property value successfully

2023-10-15 12:35:26 - [MESSAGE][PASSED] - Verify element property value successfully

2023-10-15 12:35:26 - [TEST_STEP][PASSED] - verifyElementPropertyValue(getResponse, "groups[0].pricingPlans[0].price", "76.99"): Verify element property value successfully

2023-10-15 12:35:26 - [MESSAGE][PASSED] - Verify element property value successfully

2023-10-15 12:35:26 - [TEST_STEP][PASSED] - verifyElementPropertyValue(getResponse, "groups[0].pricingPlans[0].currency", "TRY"): Verify element property value successfully

2023-10-15 12:35:26 - [MESSAGE][PASSED] - Verify element property value successfully

2023-10-15 12:35:26 - [TEST_STEP][PASSED] - verifyElementPropertyValue(getResponse, "groups[0].pricingPlans[0].pricingPlanData[0].productId", "TUR_B2C_SHAHID_VIP_1M"): Verify element property value successfully

2023-10-15 12:35:26 - [MESSAGE][PASSED] - Verify element property value successfully

2023-10-15 12:35:26 - [TEST_STEP][PASSED] - verifyElementPropertyValue(getResponse, "groups[0].pricingPlans[0].pricingPlanData[0].subPricingPlanIds[0]", "mbc.shahid.iosplus1monthfreetrial"): Verify element property value successfully

2023-10-15 12:35:26 - [MESSAGE][PASSED] - Verify element property value successfully

2023-10-15 12:35:26 - [TEST_STEP][PASSED] - verifyElementPropertyValue(getResponse, "groups[0].pricingPlans[0].pricingPlanData[0].paymentMethod", "APPLE_IAP"): Verify element property value successfully

2023-10-15 12:35:26 - [MESSAGE][PASSED] - Verify element property value successfully

2023-10-15 12:35:26 - [TEST_STEP][PASSED] - verifyElementPropertyValue(getResponse, "groups[0].pricingPlans[0].pricingPlanData[0].freeTrialEnabled", "false"): Verify element property value successfully

2023-10-15 12:35:26 - [MESSAGE][PASSED] - Verify element property value successfully

2023-10-15 12:35:26 - [TEST_STEP][PASSED] - verifyElementPropertyValue(getResponse, "groups[0].pricingPlans[0].pricingPlanData[0].priceLabel", "76.99"): Verify element property value successfully

2023-10-15 12:35:26 - [MESSAGE][PASSED] - Verify element property value successfully

2023-10-15 12:35:26 - [TEST_STEP][PASSED] - verifyElementPropertyValue(getResponse, "groups[0].pricingPlans[0].pricingPlanData[0].currencyLabel", "TRY"): Verify element property value successfully

2023-10-15 12:35:26 - [MESSAGE][PASSED] - Verify element property value successfully

2023-10-15 12:35:26 - [TEST_STEP][PASSED] - verifyElementPropertyValue(getResponse, "groups[0].pricingPlans[1].featured", "false"): Verify element property value successfully

2023-10-15 12:35:26 - [MESSAGE][PASSED] - Verify element property value successfully

2023-10-15 12:35:26 - [TEST_STEP][PASSED] - verifyElementPropertyValue(getResponse, "groups[0].pricingPlans[1].packageId", "SHAHID_VIP"): Verify element property value successfully

2023-10-15 12:35:26 - [MESSAGE][PASSED] - Verify element property value successfully

2023-10-15 12:35:26 - [TEST_STEP][PASSED] - verifyElementPropertyValue(getResponse, "groups[0].pricingPlans[1].catalogId", "VIP"): Verify element property value successfully

2023-10-15 12:35:26 - [MESSAGE][PASSED] - Verify element property value successfully

2023-10-15 12:35:26 - [TEST_STEP][PASSED] - verifyElementPropertyValue(getResponse, "groups[0].pricingPlans[1].visualElements[0].key", "duration"): Verify element property value successfully

2023-10-15 12:35:26 - [MESSAGE][PASSED] - Verify element property value successfully

2023-10-15 12:35:26 - [TEST_STEP][PASSED] - verifyElementPropertyValue(getResponse, "groups[0].pricingPlans[1].visualElements[0].value", "yearly"): Verify element property value successfully

2023-10-15 12:35:26 - [MESSAGE][PASSED] - Verify element property value successfully

2023-10-15 12:35:26 - [TEST_STEP][PASSED] - verifyElementPropertyValue(getResponse, "groups[0].pricingPlans[1].visualElements[1].key", "currency"): Verify element property value successfully

2023-10-15 12:35:26 - [MESSAGE][PASSED] - Verify element property value successfully

2023-10-15 12:35:26 - [TEST_STEP][PASSED] - verifyElementPropertyValue(getResponse, "groups[0].pricingPlans[1].visualElements[1].value", "TRY"): Verify element property value successfully

2023-10-15 12:35:26 - [MESSAGE][PASSED] - Verify element property value successfully

2023-10-15 12:35:26 - [TEST_STEP][PASSED] - verifyElementPropertyValue(getResponse, "groups[0].pricingPlans[1].visualElements[2].key", "price"): Verify element property value successfully

2023-10-15 12:35:26 - [MESSAGE][PASSED] - Verify element property value successfully

2023-10-15 12:35:26 - [TEST_STEP][PASSED] - verifyElementPropertyValue(getResponse, "groups[0].pricingPlans[1].visualElements[2].value", "659.99"): Verify element property value successfully

2023-10-15 12:35:26 - [MESSAGE][PASSED] - Verify element property value successfully

2023-10-15 12:35:26 - [TEST_STEP][PASSED] - verifyElementPropertyValue(getResponse, "groups[0].pricingPlans[1].visualElements[5].key", "show_tag"): Verify element property value successfully

2023-10-15 12:35:26 - [MESSAGE][PASSED] - Verify element property value successfully

2023-10-15 12:35:26 - [TEST_STEP][PASSED] - verifyElementPropertyValue(getResponse, "groups[0].pricingPlans[1].visualElements[5].value", "true"): Verify element property value successfully

2023-10-15 12:35:26 - [MESSAGE][PASSED] - Verify element property value successfully

2023-10-15 12:35:26 - [TEST_STEP][PASSED] - verifyElementPropertyValue(getResponse, "groups[0].pricingPlans[1].visualElements[6].key", "show_payment_logo"): Verify element property value successfully

2023-10-15 12:35:26 - [MESSAGE][PASSED] - Verify element property value successfully

2023-10-15 12:35:26 - [TEST_STEP][PASSED] - verifyElementPropertyValue(getResponse, "groups[0].pricingPlans[1].visualElements[6].value", "false"): Verify element property value successfully

2023-10-15 12:35:26 - [MESSAGE][PASSED] - Verify element property value successfully

2023-10-15 12:35:26 - [TEST_STEP][PASSED] - verifyElementPropertyValue(getResponse, "groups[0].pricingPlans[1].visualElements[7].key", "CTA_text"): Verify element property value successfully

2023-10-15 12:35:26 - [MESSAGE][PASSED] - Verify element property value successfully

2023-10-15 12:35:26 - [TEST_STEP][PASSED] - verifyElementPropertyValue(getResponse, "groups[0].pricingPlans[1].visualElements[7].value", "Subscribe"): Verify element property value successfully

2023-10-15 12:35:26 - [MESSAGE][PASSED] - Verify element property value successfully

2023-10-15 12:35:26 - [TEST_STEP][PASSED] - verifyElementPropertyValue(getResponse, "groups[0].pricingPlans[1].visualElements[9].key", "deduction_text"): Verify element property value successfully

2023-10-15 12:35:26 - [MESSAGE][PASSED] - Verify element property value successfully

2023-10-15 12:35:26 - [TEST_STEP][FAILED] - verifyElementPropertyValue(getResponse, "groups[0].pricingPlans[1].visualElements[9].value", "12 months at 54.99 TRY / month"): Expected element property value '12 months at 54.99 TRY / month' is not equal with actual property value '659.99 TRY billed every year'

2023-10-15 12:35:26 - [MESSAGE][FAILED] - Expected element property value '12 months at 54.99 TRY / month' is not equal with actual property value '659.99 TRY billed every year'

2023-10-15 12:35:26 - [TEST_STEP][PASSED] - verifyElementPropertyValue(getResponse, "groups[0].pricingPlans[1].visualElements[10].key", "promo_text"): Verify element property value successfully

2023-10-15 12:35:26 - [MESSAGE][PASSED] - Verify element property value successfully

2023-10-15 12:35:26 - [TEST_STEP][FAILED] - verifyElementPropertyValue(getResponse, "groups[0].pricingPlans[1].visualElements[10].value", "659.99 TRY"): Expected element property value '659.99 TRY' is not equal with actual property value '54.99 TRY/ month'

2023-10-15 12:35:26 - [MESSAGE][FAILED] - Expected element property value '659.99 TRY' is not equal with actual property value '54.99 TRY/ month'

2023-10-15 12:35:26 - [TEST_STEP][PASSED] - verifyElementPropertyValue(getResponse, "groups[0].pricingPlans[1].visualElements[11].key", "tag_text"): Verify element property value successfully

2023-10-15 12:35:26 - [MESSAGE][PASSED] - Verify element property value successfully

2023-10-15 12:35:26 - [TEST_STEP][PASSED] - verifyElementPropertyValue(getResponse, "groups[0].pricingPlans[1].visualElements[11].value", "Save 29%"): Verify element property value successfully

2023-10-15 12:35:26 - [MESSAGE][PASSED] - Verify element property value successfully

2023-10-15 12:35:26 - [TEST_STEP][PASSED] - verifyElementPropertyValue(getResponse, "groups[0].pricingPlans[1].visualElements[12].key", "display_title"): Verify element property value successfully

2023-10-15 12:35:26 - [MESSAGE][PASSED] - Verify element property value successfully

2023-10-15 12:35:26 - [TEST_STEP][PASSED] - verifyElementPropertyValue(getResponse, "groups[0].pricingPlans[1].visualElements[12].value", "Annual Plan"): Verify element property value successfully

2023-10-15 12:35:26 - [MESSAGE][PASSED] - Verify element property value successfully

2023-10-15 12:35:26 - [TEST_STEP][PASSED] - verifyElementPropertyValue(getResponse, "groups[0].pricingPlans[1].visualElements[13].key", "Header_1_text"): Verify element property value successfully

2023-10-15 12:35:26 - [MESSAGE][PASSED] - Verify element property value successfully

2023-10-15 12:35:26 - [TEST_STEP][PASSED] - verifyElementPropertyValue(getResponse, "groups[0].pricingPlans[1].visualElements[13].value", "Watch the most powerful series and movies exclusively without stopping"): Verify element property value successfully

2023-10-15 12:35:26 - [MESSAGE][PASSED] - Verify element property value successfully

2023-10-15 12:35:26 - [TEST_STEP][PASSED] - verifyElementPropertyValue(getResponse, "groups[0].pricingPlans[1].order", "2"): Verify element property value successfully

2023-10-15 12:35:26 - [MESSAGE][PASSED] - Verify element property value successfully

2023-10-15 12:35:26 - [TEST_STEP][PASSED] - verifyElementPropertyValue(getResponse, "groups[0].pricingPlans[1].period", "yearly"): Verify element property value successfully

2023-10-15 12:35:26 - [MESSAGE][PASSED] - Verify element property value successfully

2023-10-15 12:35:26 - [TEST_STEP][PASSED] - verifyElementPropertyValue(getResponse, "groups[0].pricingPlans[1].price", "659.99"): Verify element property value successfully

2023-10-15 12:35:26 - [MESSAGE][PASSED] - Verify element property value successfully

2023-10-15 12:35:26 - [TEST_STEP][PASSED] - verifyElementPropertyValue(getResponse, "groups[0].pricingPlans[1].currency", "TRY"): Verify element property value successfully

2023-10-15 12:35:26 - [MESSAGE][PASSED] - Verify element property value successfully

2023-10-15 12:35:26 - [TEST_STEP][PASSED] - verifyElementPropertyValue(getResponse, "groups[0].pricingPlans[1].pricingPlanData[0].productId", "TUR_B2C_SHAHID_VIP_12M"): Verify element property value successfully

2023-10-15 12:35:26 - [MESSAGE][PASSED] - Verify element property value successfully

2023-10-15 12:35:26 - [TEST_STEP][PASSED] - verifyElementPropertyValue(getResponse, "groups[0].pricingPlans[1].pricingPlanData[0].subPricingPlanIds[0]", "mbc.shahid.iosplusyearly"): Verify element property value successfully

2023-10-15 12:35:26 - [MESSAGE][PASSED] - Verify element property value successfully

2023-10-15 12:35:26 - [TEST_STEP][PASSED] - verifyElementPropertyValue(getResponse, "groups[0].pricingPlans[1].pricingPlanData[0].paymentMethod", "APPLE_IAP"): Verify element property value successfully

2023-10-15 12:35:26 - [MESSAGE][PASSED] - Verify element property value successfully

2023-10-15 12:35:26 - [TEST_STEP][PASSED] - verifyElementPropertyValue(getResponse, "groups[0].pricingPlans[1].pricingPlanData[0].freeTrialEnabled", "false"): Verify element property value successfully

2023-10-15 12:35:26 - [MESSAGE][PASSED] - Verify element property value successfully

2023-10-15 12:35:26 - [TEST_STEP][PASSED] - verifyElementPropertyValue(getResponse, "groups[0].pricingPlans[1].pricingPlanData[0].priceLabel", "659.99"): Verify element property value successfully

2023-10-15 12:35:26 - [MESSAGE][PASSED] - Verify element property value successfully

2023-10-15 12:35:26 - [TEST_STEP][PASSED] - verifyElementPropertyValue(getResponse, "groups[0].pricingPlans[1].pricingPlanData[0].currencyLabel", "TRY"): Verify element property value successfully

2023-10-15 12:35:26 - [MESSAGE][PASSED] - Verify element property value successfully

2023-10-15 12:35:26 - [TEST_STEP][PASSED] - verifyElementPropertyValue(getResponse, "groups[0].pricingPlans[1].pricingPlanData[0].allowedForAcquisition", "true"): Verify element property value successfully

2023-10-15 12:35:26 - [MESSAGE][PASSED] - Verify element property value successfully

2023-10-15 12:35:26 - [TEST_STEP][PASSED] - verifyElementPropertyValue(getResponse, "visualElements[0].key", "main_CTA_text_1"): Verify element property value successfully

2023-10-15 12:35:26 - [MESSAGE][PASSED] - Verify element property value successfully

2023-10-15 12:35:26 - [TEST_STEP][PASSED] - verifyElementPropertyValue(getResponse, "visualElements[0].value", "Watch the most powerful series and movies exclusively without stopping"): Verify element property value successfully

2023-10-15 12:35:26 - [MESSAGE][PASSED] - Verify element property value successfully

2023-10-15 12:35:26 - [TEST_STEP][PASSED] - verifyElementPropertyValue(getResponse, "visualElements[2].key", "main_disclaimer_text"): Verify element property value successfully

2023-10-15 12:35:26 - [MESSAGE][PASSED] - Verify element property value successfully

2023-10-15 12:35:26 - [TEST_STEP][PASSED] - verifyElementPropertyValue(getResponse, "visualElements[2].value", "Subscription fees may vary depending on the country, payment method, subscription package, added tax, currency exchange operator, or bank fees. Terms and conditions apply."): Verify element property value successfully

2023-10-15 12:35:26 - [MESSAGE][PASSED] - Verify element property value successfully

2023-10-15 12:35:26 - [TEST_STEP][PASSED] - verifyElementPropertyValue(getResponse, "defaultPackageId", "SHAHID_VIP"): Verify element property value successfully

2023-10-15 12:35:26 - [MESSAGE][PASSED] - Verify element property value successfully]]></system-out>
         <system-err><![CDATA[2023-10-15 12:35:25 - [TEST_CASE][FAILED] - Test Cases/IOS/TUR PI/IOS_EN_getSubscriptionConfigForTUR_VIP: Test Cases/IOS/TUR PI/IOS_EN_getSubscriptionConfigForTUR_VIP FAILED.
Reason:
com.kms.katalon.core.exception.StepFailedException: Expected element property value '76.99 TRY' is not equal with actual property value '76.99 TRY/ month'
	at com.kms.katalon.core.keyword.internal.KeywordMain.stepFailed(KeywordMain.groovy:39)
	at com.kms.katalon.core.webservice.keyword.builtin.VerifyElementPropertyValueKeyword$_verifyElementPropertyValue_closure1.doCall(VerifyElementPropertyValueKeyword.groovy:56)
	at com.kms.katalon.core.webservice.keyword.builtin.VerifyElementPropertyValueKeyword$_verifyElementPropertyValue_closure1.call(VerifyElementPropertyValueKeyword.groovy)
	at com.kms.katalon.core.keyword.internal.KeywordMain.runKeyword(KeywordMain.groovy:74)
	at com.kms.katalon.core.webservice.keyword.builtin.VerifyElementPropertyValueKeyword.verifyElementPropertyValue(VerifyElementPropertyValueKeyword.groovy:48)
	at com.kms.katalon.core.webservice.keyword.builtin.VerifyElementPropertyValueKeyword.execute(VerifyElementPropertyValueKeyword.groovy:43)
	at com.kms.katalon.core.keyword.internal.KeywordExecutor.executeKeywordForPlatform(KeywordExecutor.groovy:74)
	at com.kms.katalon.core.webservice.keyword.WSBuiltInKeywords.verifyElementPropertyValue(WSBuiltInKeywords.groovy:190)
	at com.kms.katalon.core.webservice.keyword.WSBuiltInKeywords$verifyElementPropertyValue$1.call(Unknown Source)
	at IOS_EN_getSubscriptionConfigForTUR_VIP.run(IOS_EN_getSubscriptionConfigForTUR_VIP:65)
	at com.kms.katalon.core.main.ScriptEngine.run(ScriptEngine.java:194)
	at com.kms.katalon.core.main.ScriptEngine.runScriptAsRawText(ScriptEngine.java:119)
	at com.kms.katalon.core.main.TestCaseExecutor.runScript(TestCaseExecutor.java:448)
	at com.kms.katalon.core.main.TestCaseExecutor.doExecute(TestCaseExecutor.java:439)
	at com.kms.katalon.core.main.TestCaseExecutor.processExecutionPhase(TestCaseExecutor.java:418)
	at com.kms.katalon.core.main.TestCaseExecutor.accessMainPhase(TestCaseExecutor.java:410)
	at com.kms.katalon.core.main.TestCaseExecutor.execute(TestCaseExecutor.java:285)
	at com.kms.katalon.core.common.CommonExecutor.accessTestCaseMainPhase(CommonExecutor.java:65)
	at com.kms.katalon.core.main.TestSuiteExecutor.accessTestSuiteMainPhase(TestSuiteExecutor.java:151)
	at com.kms.katalon.core.main.TestSuiteExecutor.execute(TestSuiteExecutor.java:106)
	at com.kms.katalon.core.main.TestCaseMain.startTestSuite(TestCaseMain.java:185)
	at com.kms.katalon.core.main.TestCaseMain$startTestSuite$0.call(Unknown Source)
	at TempTestSuite1697362455153.run(TempTestSuite1697362455153.groovy:36)]]></system-err>
      </testcase>
      <testcase name="Test Cases/IOS/TUR PI/IOS_FR_getSubscriptionConfigForTUR_Imagine" time="1.287" classname="Test Cases/IOS/TUR PI/IOS_FR_getSubscriptionConfigForTUR_Imagine" status="FAILED">
         <failure type="FAILED" message="Test Cases/IOS/TUR PI/IOS_FR_getSubscriptionConfigForTUR_Imagine FAILED.
Reason:
com.kms.katalon.core.exception.StepFailedException: Expected element property value '149.99 TRY' is not equal with actual property value '149.99 TRY/ mois'
	at com.kms.katalon.core.keyword.internal.KeywordMain.stepFailed(KeywordMain.groovy:39)
	at com.kms.katalon.core.webservice.keyword.builtin.VerifyElementPropertyValueKeyword$_verifyElementPropertyValue_closure1.doCall(VerifyElementPropertyValueKeyword.groovy:56)
	at com.kms.katalon.core.webservice.keyword.builtin.VerifyElementPropertyValueKeyword$_verifyElementPropertyValue_closure1.call(VerifyElementPropertyValueKeyword.groovy)
	at com.kms.katalon.core.keyword.internal.KeywordMain.runKeyword(KeywordMain.groovy:74)
	at com.kms.katalon.core.webservice.keyword.builtin.VerifyElementPropertyValueKeyword.verifyElementPropertyValue(VerifyElementPropertyValueKeyword.groovy:48)
	at com.kms.katalon.core.webservice.keyword.builtin.VerifyElementPropertyValueKeyword.execute(VerifyElementPropertyValueKeyword.groovy:43)
	at com.kms.katalon.core.keyword.internal.KeywordExecutor.executeKeywordForPlatform(KeywordExecutor.groovy:74)
	at com.kms.katalon.core.webservice.keyword.WSBuiltInKeywords.verifyElementPropertyValue(WSBuiltInKeywords.groovy:190)
	at com.kms.katalon.core.webservice.keyword.WSBuiltInKeywords$verifyElementPropertyValue$1.call(Unknown Source)
	at IOS_FR_getSubscriptionConfigForTUR_Imagine.run(IOS_FR_getSubscriptionConfigForTUR_Imagine:66)
	at com.kms.katalon.core.main.ScriptEngine.run(ScriptEngine.java:194)
	at com.kms.katalon.core.main.ScriptEngine.runScriptAsRawText(ScriptEngine.java:119)
	at com.kms.katalon.core.main.TestCaseExecutor.runScript(TestCaseExecutor.java:448)
	at com.kms.katalon.core.main.TestCaseExecutor.doExecute(TestCaseExecutor.java:439)
	at com.kms.katalon.core.main.TestCaseExecutor.processExecutionPhase(TestCaseExecutor.java:418)
	at com.kms.katalon.core.main.TestCaseExecutor.accessMainPhase(TestCaseExecutor.java:410)
	at com.kms.katalon.core.main.TestCaseExecutor.execute(TestCaseExecutor.java:285)
	at com.kms.katalon.core.common.CommonExecutor.accessTestCaseMainPhase(CommonExecutor.java:65)
	at com.kms.katalon.core.main.TestSuiteExecutor.accessTestSuiteMainPhase(TestSuiteExecutor.java:151)
	at com.kms.katalon.core.main.TestSuiteExecutor.execute(TestSuiteExecutor.java:106)
	at com.kms.katalon.core.main.TestCaseMain.startTestSuite(TestCaseMain.java:185)
	at com.kms.katalon.core.main.TestCaseMain$startTestSuite$0.call(Unknown Source)
	at TempTestSuite1697362455153.run(TempTestSuite1697362455153.groovy:36)
"/>
         <system-out><![CDATA[2023-10-15 12:35:26 - [TEST_CASE][FAILED] - Test Cases/IOS/TUR PI/IOS_FR_getSubscriptionConfigForTUR_Imagine: Test Cases/IOS/TUR PI/IOS_FR_getSubscriptionConfigForTUR_Imagine FAILED.
Reason:
com.kms.katalon.core.exception.StepFailedException: Expected element property value '149.99 TRY' is not equal with actual property value '149.99 TRY/ mois'
	at com.kms.katalon.core.keyword.internal.KeywordMain.stepFailed(KeywordMain.groovy:39)
	at com.kms.katalon.core.webservice.keyword.builtin.VerifyElementPropertyValueKeyword$_verifyElementPropertyValue_closure1.doCall(VerifyElementPropertyValueKeyword.groovy:56)
	at com.kms.katalon.core.webservice.keyword.builtin.VerifyElementPropertyValueKeyword$_verifyElementPropertyValue_closure1.call(VerifyElementPropertyValueKeyword.groovy)
	at com.kms.katalon.core.keyword.internal.KeywordMain.runKeyword(KeywordMain.groovy:74)
	at com.kms.katalon.core.webservice.keyword.builtin.VerifyElementPropertyValueKeyword.verifyElementPropertyValue(VerifyElementPropertyValueKeyword.groovy:48)
	at com.kms.katalon.core.webservice.keyword.builtin.VerifyElementPropertyValueKeyword.execute(VerifyElementPropertyValueKeyword.groovy:43)
	at com.kms.katalon.core.keyword.internal.KeywordExecutor.executeKeywordForPlatform(KeywordExecutor.groovy:74)
	at com.kms.katalon.core.webservice.keyword.WSBuiltInKeywords.verifyElementPropertyValue(WSBuiltInKeywords.groovy:190)
	at com.kms.katalon.core.webservice.keyword.WSBuiltInKeywords$verifyElementPropertyValue$1.call(Unknown Source)
	at IOS_FR_getSubscriptionConfigForTUR_Imagine.run(IOS_FR_getSubscriptionConfigForTUR_Imagine:66)
	at com.kms.katalon.core.main.ScriptEngine.run(ScriptEngine.java:194)
	at com.kms.katalon.core.main.ScriptEngine.runScriptAsRawText(ScriptEngine.java:119)
	at com.kms.katalon.core.main.TestCaseExecutor.runScript(TestCaseExecutor.java:448)
	at com.kms.katalon.core.main.TestCaseExecutor.doExecute(TestCaseExecutor.java:439)
	at com.kms.katalon.core.main.TestCaseExecutor.processExecutionPhase(TestCaseExecutor.java:418)
	at com.kms.katalon.core.main.TestCaseExecutor.accessMainPhase(TestCaseExecutor.java:410)
	at com.kms.katalon.core.main.TestCaseExecutor.execute(TestCaseExecutor.java:285)
	at com.kms.katalon.core.common.CommonExecutor.accessTestCaseMainPhase(CommonExecutor.java:65)
	at com.kms.katalon.core.main.TestSuiteExecutor.accessTestSuiteMainPhase(TestSuiteExecutor.java:151)
	at com.kms.katalon.core.main.TestSuiteExecutor.execute(TestSuiteExecutor.java:106)
	at com.kms.katalon.core.main.TestCaseMain.startTestSuite(TestCaseMain.java:185)
	at com.kms.katalon.core.main.TestCaseMain$startTestSuite$0.call(Unknown Source)
	at TempTestSuite1697362455153.run(TempTestSuite1697362455153.groovy:36)


2023-10-15 12:35:27 - [TEST_STEP][PASSED] - getResponse = config_files.getConfigFile.getConfig("IOS_APP", "FR", "SHAHID_VIP_GEA", "TR", "false"): config_files.getConfigFile.getConfig is PASSED

2023-10-15 12:35:27 - [MESSAGE][INFO] - HAR: /Users/admin/Downloads/Shahid-Fawry/Reports/20231015_123412/IOS/TUR/20231015_123415/requests/main/3.har

2023-10-15 12:35:27 - [MESSAGE][PASSED] - Send request successfully

2023-10-15 12:35:27 - [MESSAGE][PASSED] - config_files.getConfigFile.getConfig is PASSED

2023-10-15 12:35:27 - [TEST_STEP][PASSED] - verifyResponseStatusCode(getResponse, 200): Verify response status code successfully

2023-10-15 12:35:27 - [MESSAGE][PASSED] - Verify response status code successfully

2023-10-15 12:35:27 - [TEST_STEP][PASSED] - verifyElementPropertyValue(getResponse, "country", "TUR"): Verify element property value successfully

2023-10-15 12:35:27 - [MESSAGE][PASSED] - Verify element property value successfully

2023-10-15 12:35:27 - [TEST_STEP][PASSED] - verifyElementPropertyValue(getResponse, "platform", "[IOS_APP]"): Verify element property value successfully

2023-10-15 12:35:27 - [MESSAGE][PASSED] - Verify element property value successfully

2023-10-15 12:35:27 - [TEST_STEP][PASSED] - verifyElementPropertyValue(getResponse, "groups[0].pricingPlans[0].featured", "true"): Verify element property value successfully

2023-10-15 12:35:27 - [MESSAGE][PASSED] - Verify element property value successfully

2023-10-15 12:35:27 - [TEST_STEP][PASSED] - verifyElementPropertyValue(getResponse, "groups[0].pricingPlans[0].packageId", "SHAHID_VIP_GEA"): Verify element property value successfully

2023-10-15 12:35:27 - [MESSAGE][PASSED] - Verify element property value successfully

2023-10-15 12:35:27 - [TEST_STEP][PASSED] - verifyElementPropertyValue(getResponse, "groups[0].pricingPlans[0].catalogId", "GEA"): Verify element property value successfully

2023-10-15 12:35:27 - [MESSAGE][PASSED] - Verify element property value successfully

2023-10-15 12:35:27 - [TEST_STEP][PASSED] - verifyElementPropertyValue(getResponse, "groups[0].pricingPlans[0].visualElements[0].key", "duration"): Verify element property value successfully

2023-10-15 12:35:27 - [MESSAGE][PASSED] - Verify element property value successfully

2023-10-15 12:35:27 - [TEST_STEP][PASSED] - verifyElementPropertyValue(getResponse, "groups[0].pricingPlans[0].visualElements[0].value", "Mensuel"): Verify element property value successfully

2023-10-15 12:35:27 - [MESSAGE][PASSED] - Verify element property value successfully

2023-10-15 12:35:27 - [TEST_STEP][PASSED] - verifyElementPropertyValue(getResponse, "groups[0].pricingPlans[0].visualElements[1].key", "currency"): Verify element property value successfully

2023-10-15 12:35:27 - [MESSAGE][PASSED] - Verify element property value successfully

2023-10-15 12:35:27 - [TEST_STEP][PASSED] - verifyElementPropertyValue(getResponse, "groups[0].pricingPlans[0].visualElements[1].value", "TRY"): Verify element property value successfully

2023-10-15 12:35:27 - [MESSAGE][PASSED] - Verify element property value successfully

2023-10-15 12:35:27 - [TEST_STEP][PASSED] - verifyElementPropertyValue(getResponse, "groups[0].pricingPlans[0].visualElements[2].key", "price"): Verify element property value successfully

2023-10-15 12:35:27 - [MESSAGE][PASSED] - Verify element property value successfully

2023-10-15 12:35:27 - [TEST_STEP][PASSED] - verifyElementPropertyValue(getResponse, "groups[0].pricingPlans[0].visualElements[2].value", "149.99"): Verify element property value successfully

2023-10-15 12:35:27 - [MESSAGE][PASSED] - Verify element property value successfully

2023-10-15 12:35:27 - [TEST_STEP][PASSED] - verifyElementPropertyValue(getResponse, "groups[0].pricingPlans[0].visualElements[5].key", "show_tag"): Verify element property value successfully

2023-10-15 12:35:27 - [MESSAGE][PASSED] - Verify element property value successfully

2023-10-15 12:35:27 - [TEST_STEP][PASSED] - verifyElementPropertyValue(getResponse, "groups[0].pricingPlans[0].visualElements[5].value", "false"): Verify element property value successfully

2023-10-15 12:35:27 - [MESSAGE][PASSED] - Verify element property value successfully

2023-10-15 12:35:27 - [TEST_STEP][PASSED] - verifyElementPropertyValue(getResponse, "groups[0].pricingPlans[0].visualElements[6].key", "show_payment_logo"): Verify element property value successfully

2023-10-15 12:35:27 - [MESSAGE][PASSED] - Verify element property value successfully

2023-10-15 12:35:27 - [TEST_STEP][PASSED] - verifyElementPropertyValue(getResponse, "groups[0].pricingPlans[0].visualElements[6].value", "false"): Verify element property value successfully

2023-10-15 12:35:27 - [MESSAGE][PASSED] - Verify element property value successfully

2023-10-15 12:35:27 - [TEST_STEP][PASSED] - verifyElementPropertyValue(getResponse, "groups[0].pricingPlans[0].visualElements[7].key", "CTA_text"): Verify element property value successfully

2023-10-15 12:35:27 - [MESSAGE][PASSED] - Verify element property value successfully

2023-10-15 12:35:27 - [TEST_STEP][PASSED] - verifyElementPropertyValue(getResponse, "groups[0].pricingPlans[0].visualElements[7].value", "S’abonner"): Verify element property value successfully

2023-10-15 12:35:27 - [MESSAGE][PASSED] - Verify element property value successfully

2023-10-15 12:35:27 - [TEST_STEP][PASSED] - verifyElementPropertyValue(getResponse, "groups[0].pricingPlans[0].visualElements[9].key", "deduction_text"): Verify element property value successfully

2023-10-15 12:35:27 - [MESSAGE][PASSED] - Verify element property value successfully

2023-10-15 12:35:27 - [TEST_STEP][PASSED] - verifyElementPropertyValue(getResponse, "groups[0].pricingPlans[0].visualElements[9].value", "renouvelé chaque mois"): Verify element property value successfully

2023-10-15 12:35:27 - [MESSAGE][PASSED] - Verify element property value successfully

2023-10-15 12:35:27 - [TEST_STEP][PASSED] - verifyElementPropertyValue(getResponse, "groups[0].pricingPlans[0].visualElements[10].key", "promo_text"): Verify element property value successfully

2023-10-15 12:35:27 - [MESSAGE][PASSED] - Verify element property value successfully

2023-10-15 12:35:27 - [TEST_STEP][FAILED] - verifyElementPropertyValue(getResponse, "groups[0].pricingPlans[0].visualElements[10].value", "149.99 TRY"): Expected element property value '149.99 TRY' is not equal with actual property value '149.99 TRY/ mois'

2023-10-15 12:35:27 - [MESSAGE][FAILED] - Expected element property value '149.99 TRY' is not equal with actual property value '149.99 TRY/ mois'

2023-10-15 12:35:27 - [TEST_STEP][PASSED] - verifyElementPropertyValue(getResponse, "groups[0].pricingPlans[0].visualElements[12].key", "display_title"): Verify element property value successfully

2023-10-15 12:35:27 - [MESSAGE][PASSED] - Verify element property value successfully

2023-10-15 12:35:27 - [TEST_STEP][FAILED] - verifyElementPropertyValue(getResponse, "groups[0].pricingPlans[0].visualElements[12].value", "Plan Mensuel"): Expected element property value 'Plan Mensuel' is not equal with actual property value 'Monthly Plan'

2023-10-15 12:35:27 - [MESSAGE][FAILED] - Expected element property value 'Plan Mensuel' is not equal with actual property value 'Monthly Plan'

2023-10-15 12:35:27 - [TEST_STEP][PASSED] - verifyElementPropertyValue(getResponse, "groups[0].pricingPlans[0].visualElements[13].key", "Header_1_text"): Verify element property value successfully

2023-10-15 12:35:27 - [MESSAGE][PASSED] - Verify element property value successfully

2023-10-15 12:35:27 - [TEST_STEP][PASSED] - verifyElementPropertyValue(getResponse, "groups[0].pricingPlans[0].visualElements[13].value", "Abonnez-vous dès maintenant et profitez de vos programmes sans publicité"): Verify element property value successfully

2023-10-15 12:35:27 - [MESSAGE][PASSED] - Verify element property value successfully

2023-10-15 12:35:27 - [TEST_STEP][PASSED] - verifyElementPropertyValue(getResponse, "groups[0].pricingPlans[0].visualElements[14].key", "featured_tag_text"): Verify element property value successfully

2023-10-15 12:35:27 - [MESSAGE][PASSED] - Verify element property value successfully

2023-10-15 12:35:27 - [TEST_STEP][PASSED] - verifyElementPropertyValue(getResponse, "groups[0].pricingPlans[0].visualElements[14].value", "Le plus populaire"): Verify element property value successfully

2023-10-15 12:35:27 - [MESSAGE][PASSED] - Verify element property value successfully

2023-10-15 12:35:27 - [TEST_STEP][PASSED] - verifyElementPropertyValue(getResponse, "groups[0].pricingPlans[0].order", "6"): Verify element property value successfully

2023-10-15 12:35:27 - [MESSAGE][PASSED] - Verify element property value successfully

2023-10-15 12:35:27 - [TEST_STEP][PASSED] - verifyElementPropertyValue(getResponse, "groups[0].pricingPlans[0].period", "monthly"): Verify element property value successfully

2023-10-15 12:35:27 - [MESSAGE][PASSED] - Verify element property value successfully

2023-10-15 12:35:27 - [TEST_STEP][PASSED] - verifyElementPropertyValue(getResponse, "groups[0].pricingPlans[0].price", "149.99"): Verify element property value successfully

2023-10-15 12:35:27 - [MESSAGE][PASSED] - Verify element property value successfully

2023-10-15 12:35:27 - [TEST_STEP][PASSED] - verifyElementPropertyValue(getResponse, "groups[0].pricingPlans[0].currency", "TRY"): Verify element property value successfully

2023-10-15 12:35:27 - [MESSAGE][PASSED] - Verify element property value successfully

2023-10-15 12:35:27 - [TEST_STEP][PASSED] - verifyElementPropertyValue(getResponse, "groups[0].pricingPlans[0].pricingPlanData[0].productId", "TUR_B2C_SHAHID_VIP_GEA_1M"): Verify element property value successfully

2023-10-15 12:35:27 - [MESSAGE][PASSED] - Verify element property value successfully

2023-10-15 12:35:27 - [TEST_STEP][PASSED] - verifyElementPropertyValue(getResponse, "groups[0].pricingPlans[0].pricingPlanData[0].subPricingPlanIds[0]", "Shahid_GEA_01M"): Verify element property value successfully

2023-10-15 12:35:27 - [MESSAGE][PASSED] - Verify element property value successfully

2023-10-15 12:35:27 - [TEST_STEP][PASSED] - verifyElementPropertyValue(getResponse, "groups[0].pricingPlans[0].pricingPlanData[0].paymentMethod", "APPLE_IAP"): Verify element property value successfully

2023-10-15 12:35:27 - [MESSAGE][PASSED] - Verify element property value successfully

2023-10-15 12:35:27 - [TEST_STEP][PASSED] - verifyElementPropertyValue(getResponse, "groups[0].pricingPlans[0].pricingPlanData[0].freeTrialEnabled", "false"): Verify element property value successfully

2023-10-15 12:35:27 - [MESSAGE][PASSED] - Verify element property value successfully

2023-10-15 12:35:27 - [TEST_STEP][PASSED] - verifyElementPropertyValue(getResponse, "groups[0].pricingPlans[0].pricingPlanData[0].priceLabel", "149.99"): Verify element property value successfully

2023-10-15 12:35:27 - [MESSAGE][PASSED] - Verify element property value successfully

2023-10-15 12:35:27 - [TEST_STEP][PASSED] - verifyElementPropertyValue(getResponse, "groups[0].pricingPlans[0].pricingPlanData[0].currencyLabel", "TRY"): Verify element property value successfully

2023-10-15 12:35:27 - [MESSAGE][PASSED] - Verify element property value successfully

2023-10-15 12:35:27 - [TEST_STEP][PASSED] - verifyElementPropertyValue(getResponse, "groups[0].pricingPlans[1].featured", "false"): Verify element property value successfully

2023-10-15 12:35:27 - [MESSAGE][PASSED] - Verify element property value successfully

2023-10-15 12:35:27 - [TEST_STEP][PASSED] - verifyElementPropertyValue(getResponse, "groups[0].pricingPlans[1].packageId", "SHAHID_VIP_GEA"): Verify element property value successfully

2023-10-15 12:35:27 - [MESSAGE][PASSED] - Verify element property value successfully

2023-10-15 12:35:27 - [TEST_STEP][PASSED] - verifyElementPropertyValue(getResponse, "groups[0].pricingPlans[1].catalogId", "GEA"): Verify element property value successfully

2023-10-15 12:35:27 - [MESSAGE][PASSED] - Verify element property value successfully

2023-10-15 12:35:27 - [TEST_STEP][PASSED] - verifyElementPropertyValue(getResponse, "groups[0].pricingPlans[1].visualElements[0].key", "duration"): Verify element property value successfully

2023-10-15 12:35:27 - [MESSAGE][PASSED] - Verify element property value successfully

2023-10-15 12:35:27 - [TEST_STEP][PASSED] - verifyElementPropertyValue(getResponse, "groups[0].pricingPlans[1].visualElements[0].value", "Annuel"): Verify element property value successfully

2023-10-15 12:35:27 - [MESSAGE][PASSED] - Verify element property value successfully

2023-10-15 12:35:27 - [TEST_STEP][PASSED] - verifyElementPropertyValue(getResponse, "groups[0].pricingPlans[1].visualElements[1].key", "currency"): Verify element property value successfully

2023-10-15 12:35:28 - [MESSAGE][PASSED] - Verify element property value successfully

2023-10-15 12:35:28 - [TEST_STEP][PASSED] - verifyElementPropertyValue(getResponse, "groups[0].pricingPlans[1].visualElements[1].value", "TRY"): Verify element property value successfully

2023-10-15 12:35:28 - [MESSAGE][PASSED] - Verify element property value successfully

2023-10-15 12:35:28 - [TEST_STEP][PASSED] - verifyElementPropertyValue(getResponse, "groups[0].pricingPlans[1].visualElements[2].key", "price"): Verify element property value successfully

2023-10-15 12:35:28 - [MESSAGE][PASSED] - Verify element property value successfully

2023-10-15 12:35:28 - [TEST_STEP][PASSED] - verifyElementPropertyValue(getResponse, "groups[0].pricingPlans[1].visualElements[2].value", "1529.99"): Verify element property value successfully

2023-10-15 12:35:28 - [MESSAGE][PASSED] - Verify element property value successfully

2023-10-15 12:35:28 - [TEST_STEP][PASSED] - verifyElementPropertyValue(getResponse, "groups[0].pricingPlans[1].visualElements[5].key", "show_tag"): Verify element property value successfully

2023-10-15 12:35:28 - [MESSAGE][PASSED] - Verify element property value successfully

2023-10-15 12:35:28 - [TEST_STEP][PASSED] - verifyElementPropertyValue(getResponse, "groups[0].pricingPlans[1].visualElements[5].value", "true"): Verify element property value successfully

2023-10-15 12:35:28 - [MESSAGE][PASSED] - Verify element property value successfully

2023-10-15 12:35:28 - [TEST_STEP][PASSED] - verifyElementPropertyValue(getResponse, "groups[0].pricingPlans[1].visualElements[6].key", "show_payment_logo"): Verify element property value successfully

2023-10-15 12:35:28 - [MESSAGE][PASSED] - Verify element property value successfully

2023-10-15 12:35:28 - [TEST_STEP][PASSED] - verifyElementPropertyValue(getResponse, "groups[0].pricingPlans[1].visualElements[6].value", "false"): Verify element property value successfully

2023-10-15 12:35:28 - [MESSAGE][PASSED] - Verify element property value successfully

2023-10-15 12:35:28 - [TEST_STEP][PASSED] - verifyElementPropertyValue(getResponse, "groups[0].pricingPlans[1].visualElements[7].key", "CTA_text"): Verify element property value successfully

2023-10-15 12:35:28 - [MESSAGE][PASSED] - Verify element property value successfully

2023-10-15 12:35:28 - [TEST_STEP][PASSED] - verifyElementPropertyValue(getResponse, "groups[0].pricingPlans[1].visualElements[7].value", "S’abonner"): Verify element property value successfully

2023-10-15 12:35:28 - [MESSAGE][PASSED] - Verify element property value successfully

2023-10-15 12:35:28 - [TEST_STEP][PASSED] - verifyElementPropertyValue(getResponse, "groups[0].pricingPlans[1].visualElements[9].key", "deduction_text"): Verify element property value successfully

2023-10-15 12:35:28 - [MESSAGE][PASSED] - Verify element property value successfully

2023-10-15 12:35:28 - [TEST_STEP][FAILED] - verifyElementPropertyValue(getResponse, "groups[0].pricingPlans[1].visualElements[9].value", "12 mois à 127.49 TRY / mois"): Expected element property value '12 mois à 127.49 TRY / mois' is not equal with actual property value '1529.99 TRY facturés chaque année'

2023-10-15 12:35:28 - [MESSAGE][FAILED] - Expected element property value '12 mois à 127.49 TRY / mois' is not equal with actual property value '1529.99 TRY facturés chaque année'

2023-10-15 12:35:28 - [TEST_STEP][PASSED] - verifyElementPropertyValue(getResponse, "groups[0].pricingPlans[1].visualElements[10].key", "promo_text"): Verify element property value successfully

2023-10-15 12:35:28 - [MESSAGE][PASSED] - Verify element property value successfully

2023-10-15 12:35:28 - [TEST_STEP][FAILED] - verifyElementPropertyValue(getResponse, "groups[0].pricingPlans[1].visualElements[10].value", "1529.99 TRY"): Expected element property value '1529.99 TRY' is not equal with actual property value '127.49 TRY/ mois'

2023-10-15 12:35:28 - [MESSAGE][FAILED] - Expected element property value '1529.99 TRY' is not equal with actual property value '127.49 TRY/ mois'

2023-10-15 12:35:28 - [TEST_STEP][PASSED] - verifyElementPropertyValue(getResponse, "groups[0].pricingPlans[1].visualElements[11].key", "tag_text"): Verify element property value successfully

2023-10-15 12:35:28 - [MESSAGE][PASSED] - Verify element property value successfully

2023-10-15 12:35:28 - [TEST_STEP][PASSED] - verifyElementPropertyValue(getResponse, "groups[0].pricingPlans[1].visualElements[11].value", "Économisez 15%"): Verify element property value successfully

2023-10-15 12:35:28 - [MESSAGE][PASSED] - Verify element property value successfully

2023-10-15 12:35:28 - [TEST_STEP][PASSED] - verifyElementPropertyValue(getResponse, "groups[0].pricingPlans[1].visualElements[12].key", "display_title"): Verify element property value successfully

2023-10-15 12:35:28 - [MESSAGE][PASSED] - Verify element property value successfully

2023-10-15 12:35:28 - [TEST_STEP][PASSED] - verifyElementPropertyValue(getResponse, "groups[0].pricingPlans[1].visualElements[12].value", "Plan Annuel"): Verify element property value successfully

2023-10-15 12:35:28 - [MESSAGE][PASSED] - Verify element property value successfully

2023-10-15 12:35:28 - [TEST_STEP][PASSED] - verifyElementPropertyValue(getResponse, "groups[0].pricingPlans[1].visualElements[13].key", "Header_1_text"): Verify element property value successfully

2023-10-15 12:35:28 - [MESSAGE][PASSED] - Verify element property value successfully

2023-10-15 12:35:28 - [TEST_STEP][PASSED] - verifyElementPropertyValue(getResponse, "groups[0].pricingPlans[1].visualElements[13].value", "Abonnez-vous dès maintenant et profitez de vos programmes sans publicité"): Verify element property value successfully

2023-10-15 12:35:28 - [MESSAGE][PASSED] - Verify element property value successfully

2023-10-15 12:35:28 - [TEST_STEP][PASSED] - verifyElementPropertyValue(getResponse, "groups[0].pricingPlans[1].order", "8"): Verify element property value successfully

2023-10-15 12:35:28 - [MESSAGE][PASSED] - Verify element property value successfully

2023-10-15 12:35:28 - [TEST_STEP][PASSED] - verifyElementPropertyValue(getResponse, "groups[0].pricingPlans[1].period", "yearly"): Verify element property value successfully

2023-10-15 12:35:28 - [MESSAGE][PASSED] - Verify element property value successfully

2023-10-15 12:35:28 - [TEST_STEP][PASSED] - verifyElementPropertyValue(getResponse, "groups[0].pricingPlans[1].price", "1529.99"): Verify element property value successfully

2023-10-15 12:35:28 - [MESSAGE][PASSED] - Verify element property value successfully

2023-10-15 12:35:28 - [TEST_STEP][PASSED] - verifyElementPropertyValue(getResponse, "groups[0].pricingPlans[1].currency", "TRY"): Verify element property value successfully

2023-10-15 12:35:28 - [MESSAGE][PASSED] - Verify element property value successfully

2023-10-15 12:35:28 - [TEST_STEP][PASSED] - verifyElementPropertyValue(getResponse, "groups[0].pricingPlans[1].pricingPlanData[0].productId", "TUR_B2C_SHAHID_VIP_GEA_12M"): Verify element property value successfully

2023-10-15 12:35:28 - [MESSAGE][PASSED] - Verify element property value successfully

2023-10-15 12:35:28 - [TEST_STEP][PASSED] - verifyElementPropertyValue(getResponse, "groups[0].pricingPlans[1].pricingPlanData[0].subPricingPlanIds[0]", "Shahid_GEA_12M"): Verify element property value successfully

2023-10-15 12:35:28 - [MESSAGE][PASSED] - Verify element property value successfully

2023-10-15 12:35:28 - [TEST_STEP][PASSED] - verifyElementPropertyValue(getResponse, "groups[0].pricingPlans[1].pricingPlanData[0].paymentMethod", "APPLE_IAP"): Verify element property value successfully

2023-10-15 12:35:28 - [MESSAGE][PASSED] - Verify element property value successfully

2023-10-15 12:35:28 - [TEST_STEP][PASSED] - verifyElementPropertyValue(getResponse, "groups[0].pricingPlans[1].pricingPlanData[0].freeTrialEnabled", "false"): Verify element property value successfully

2023-10-15 12:35:28 - [MESSAGE][PASSED] - Verify element property value successfully

2023-10-15 12:35:28 - [TEST_STEP][PASSED] - verifyElementPropertyValue(getResponse, "groups[0].pricingPlans[1].pricingPlanData[0].priceLabel", "1529.99"): Verify element property value successfully

2023-10-15 12:35:28 - [MESSAGE][PASSED] - Verify element property value successfully

2023-10-15 12:35:28 - [TEST_STEP][PASSED] - verifyElementPropertyValue(getResponse, "groups[0].pricingPlans[1].pricingPlanData[0].currencyLabel", "TRY"): Verify element property value successfully

2023-10-15 12:35:28 - [MESSAGE][PASSED] - Verify element property value successfully

2023-10-15 12:35:28 - [TEST_STEP][PASSED] - verifyElementPropertyValue(getResponse, "groups[0].pricingPlans[1].pricingPlanData[0].allowedForAcquisition", "true"): Verify element property value successfully

2023-10-15 12:35:28 - [MESSAGE][PASSED] - Verify element property value successfully

2023-10-15 12:35:28 - [TEST_STEP][PASSED] - verifyElementPropertyValue(getResponse, "visualElements[0].key", "main_CTA_text_1"): Verify element property value successfully

2023-10-15 12:35:28 - [MESSAGE][PASSED] - Verify element property value successfully

2023-10-15 12:35:28 - [TEST_STEP][PASSED] - verifyElementPropertyValue(getResponse, "visualElements[0].value", "Abonnez-vous dès maintenant et profitez de vos programmes sans publicité"): Verify element property value successfully

2023-10-15 12:35:28 - [MESSAGE][PASSED] - Verify element property value successfully

2023-10-15 12:35:28 - [TEST_STEP][PASSED] - verifyElementPropertyValue(getResponse, "visualElements[2].key", "main_disclaimer_text"): Verify element property value successfully

2023-10-15 12:35:28 - [MESSAGE][PASSED] - Verify element property value successfully

2023-10-15 12:35:28 - [TEST_STEP][FAILED] - verifyElementPropertyValue(getResponse, "visualElements[2].value", "Les frais d'abonnement peuvent varier selon le pays, le moyen de paiement, le forfait, les taxes, les taux de change et les frais bancaires. Les conditions générales d'utilisation s'appliquent."): Expected element property value 'Les frais d'abonnement peuvent varier selon le pays, le moyen de paiement, le forfait, les taxes, les taux de change et les frais bancaires. Les conditions générales d'utilisation s'appliquent.' is not equal with actual property value 'Les frais d’abonnement peuvent varier selon le pays, le moyen de paiement, la formule d’abonnement, les taxes, les taux de change entre devises et les frais bancaires. Les conditions générales d'utilisation s’appliquent.'

2023-10-15 12:35:28 - [MESSAGE][FAILED] - Expected element property value 'Les frais d'abonnement peuvent varier selon le pays, le moyen de paiement, le forfait, les taxes, les taux de change et les frais bancaires. Les conditions générales d'utilisation s'appliquent.' is not equal with actual property value 'Les frais d’abonnement peuvent varier selon le pays, le moyen de paiement, la formule d’abonnement, les taxes, les taux de change entre devises et les frais bancaires. Les conditions générales d'utilisation s’appliquent.'

2023-10-15 12:35:28 - [TEST_STEP][PASSED] - verifyElementPropertyValue(getResponse, "defaultPackageId", "SHAHID_VIP"): Verify element property value successfully

2023-10-15 12:35:28 - [MESSAGE][PASSED] - Verify element property value successfully]]></system-out>
         <system-err><![CDATA[2023-10-15 12:35:26 - [TEST_CASE][FAILED] - Test Cases/IOS/TUR PI/IOS_FR_getSubscriptionConfigForTUR_Imagine: Test Cases/IOS/TUR PI/IOS_FR_getSubscriptionConfigForTUR_Imagine FAILED.
Reason:
com.kms.katalon.core.exception.StepFailedException: Expected element property value '149.99 TRY' is not equal with actual property value '149.99 TRY/ mois'
	at com.kms.katalon.core.keyword.internal.KeywordMain.stepFailed(KeywordMain.groovy:39)
	at com.kms.katalon.core.webservice.keyword.builtin.VerifyElementPropertyValueKeyword$_verifyElementPropertyValue_closure1.doCall(VerifyElementPropertyValueKeyword.groovy:56)
	at com.kms.katalon.core.webservice.keyword.builtin.VerifyElementPropertyValueKeyword$_verifyElementPropertyValue_closure1.call(VerifyElementPropertyValueKeyword.groovy)
	at com.kms.katalon.core.keyword.internal.KeywordMain.runKeyword(KeywordMain.groovy:74)
	at com.kms.katalon.core.webservice.keyword.builtin.VerifyElementPropertyValueKeyword.verifyElementPropertyValue(VerifyElementPropertyValueKeyword.groovy:48)
	at com.kms.katalon.core.webservice.keyword.builtin.VerifyElementPropertyValueKeyword.execute(VerifyElementPropertyValueKeyword.groovy:43)
	at com.kms.katalon.core.keyword.internal.KeywordExecutor.executeKeywordForPlatform(KeywordExecutor.groovy:74)
	at com.kms.katalon.core.webservice.keyword.WSBuiltInKeywords.verifyElementPropertyValue(WSBuiltInKeywords.groovy:190)
	at com.kms.katalon.core.webservice.keyword.WSBuiltInKeywords$verifyElementPropertyValue$1.call(Unknown Source)
	at IOS_FR_getSubscriptionConfigForTUR_Imagine.run(IOS_FR_getSubscriptionConfigForTUR_Imagine:66)
	at com.kms.katalon.core.main.ScriptEngine.run(ScriptEngine.java:194)
	at com.kms.katalon.core.main.ScriptEngine.runScriptAsRawText(ScriptEngine.java:119)
	at com.kms.katalon.core.main.TestCaseExecutor.runScript(TestCaseExecutor.java:448)
	at com.kms.katalon.core.main.TestCaseExecutor.doExecute(TestCaseExecutor.java:439)
	at com.kms.katalon.core.main.TestCaseExecutor.processExecutionPhase(TestCaseExecutor.java:418)
	at com.kms.katalon.core.main.TestCaseExecutor.accessMainPhase(TestCaseExecutor.java:410)
	at com.kms.katalon.core.main.TestCaseExecutor.execute(TestCaseExecutor.java:285)
	at com.kms.katalon.core.common.CommonExecutor.accessTestCaseMainPhase(CommonExecutor.java:65)
	at com.kms.katalon.core.main.TestSuiteExecutor.accessTestSuiteMainPhase(TestSuiteExecutor.java:151)
	at com.kms.katalon.core.main.TestSuiteExecutor.execute(TestSuiteExecutor.java:106)
	at com.kms.katalon.core.main.TestCaseMain.startTestSuite(TestCaseMain.java:185)
	at com.kms.katalon.core.main.TestCaseMain$startTestSuite$0.call(Unknown Source)
	at TempTestSuite1697362455153.run(TempTestSuite1697362455153.groovy:36)]]></system-err>
      </testcase>
      <testcase name="Test Cases/IOS/TUR PI/IOS_AR_getSubscriptionConfigForTUR_Imagine" time="1.359" classname="Test Cases/IOS/TUR PI/IOS_AR_getSubscriptionConfigForTUR_Imagine" status="FAILED">
         <failure type="FAILED" message="Test Cases/IOS/TUR PI/IOS_AR_getSubscriptionConfigForTUR_Imagine FAILED.
Reason:
com.kms.katalon.core.exception.StepFailedException: Expected element property value '149.99 TRY' is not equal with actual property value '149.99 TRY / شهرياً'
	at com.kms.katalon.core.keyword.internal.KeywordMain.stepFailed(KeywordMain.groovy:39)
	at com.kms.katalon.core.webservice.keyword.builtin.VerifyElementPropertyValueKeyword$_verifyElementPropertyValue_closure1.doCall(VerifyElementPropertyValueKeyword.groovy:56)
	at com.kms.katalon.core.webservice.keyword.builtin.VerifyElementPropertyValueKeyword$_verifyElementPropertyValue_closure1.call(VerifyElementPropertyValueKeyword.groovy)
	at com.kms.katalon.core.keyword.internal.KeywordMain.runKeyword(KeywordMain.groovy:74)
	at com.kms.katalon.core.webservice.keyword.builtin.VerifyElementPropertyValueKeyword.verifyElementPropertyValue(VerifyElementPropertyValueKeyword.groovy:48)
	at com.kms.katalon.core.webservice.keyword.builtin.VerifyElementPropertyValueKeyword.execute(VerifyElementPropertyValueKeyword.groovy:43)
	at com.kms.katalon.core.keyword.internal.KeywordExecutor.executeKeywordForPlatform(KeywordExecutor.groovy:74)
	at com.kms.katalon.core.webservice.keyword.WSBuiltInKeywords.verifyElementPropertyValue(WSBuiltInKeywords.groovy:190)
	at com.kms.katalon.core.webservice.keyword.WSBuiltInKeywords$verifyElementPropertyValue$1.call(Unknown Source)
	at IOS_AR_getSubscriptionConfigForTUR_Imagine.run(IOS_AR_getSubscriptionConfigForTUR_Imagine:66)
	at com.kms.katalon.core.main.ScriptEngine.run(ScriptEngine.java:194)
	at com.kms.katalon.core.main.ScriptEngine.runScriptAsRawText(ScriptEngine.java:119)
	at com.kms.katalon.core.main.TestCaseExecutor.runScript(TestCaseExecutor.java:448)
	at com.kms.katalon.core.main.TestCaseExecutor.doExecute(TestCaseExecutor.java:439)
	at com.kms.katalon.core.main.TestCaseExecutor.processExecutionPhase(TestCaseExecutor.java:418)
	at com.kms.katalon.core.main.TestCaseExecutor.accessMainPhase(TestCaseExecutor.java:410)
	at com.kms.katalon.core.main.TestCaseExecutor.execute(TestCaseExecutor.java:285)
	at com.kms.katalon.core.common.CommonExecutor.accessTestCaseMainPhase(CommonExecutor.java:65)
	at com.kms.katalon.core.main.TestSuiteExecutor.accessTestSuiteMainPhase(TestSuiteExecutor.java:151)
	at com.kms.katalon.core.main.TestSuiteExecutor.execute(TestSuiteExecutor.java:106)
	at com.kms.katalon.core.main.TestCaseMain.startTestSuite(TestCaseMain.java:185)
	at com.kms.katalon.core.main.TestCaseMain$startTestSuite$0.call(Unknown Source)
	at TempTestSuite1697362455153.run(TempTestSuite1697362455153.groovy:36)
"/>
         <system-out><![CDATA[2023-10-15 12:35:28 - [TEST_CASE][FAILED] - Test Cases/IOS/TUR PI/IOS_AR_getSubscriptionConfigForTUR_Imagine: Test Cases/IOS/TUR PI/IOS_AR_getSubscriptionConfigForTUR_Imagine FAILED.
Reason:
com.kms.katalon.core.exception.StepFailedException: Expected element property value '149.99 TRY' is not equal with actual property value '149.99 TRY / شهرياً'
	at com.kms.katalon.core.keyword.internal.KeywordMain.stepFailed(KeywordMain.groovy:39)
	at com.kms.katalon.core.webservice.keyword.builtin.VerifyElementPropertyValueKeyword$_verifyElementPropertyValue_closure1.doCall(VerifyElementPropertyValueKeyword.groovy:56)
	at com.kms.katalon.core.webservice.keyword.builtin.VerifyElementPropertyValueKeyword$_verifyElementPropertyValue_closure1.call(VerifyElementPropertyValueKeyword.groovy)
	at com.kms.katalon.core.keyword.internal.KeywordMain.runKeyword(KeywordMain.groovy:74)
	at com.kms.katalon.core.webservice.keyword.builtin.VerifyElementPropertyValueKeyword.verifyElementPropertyValue(VerifyElementPropertyValueKeyword.groovy:48)
	at com.kms.katalon.core.webservice.keyword.builtin.VerifyElementPropertyValueKeyword.execute(VerifyElementPropertyValueKeyword.groovy:43)
	at com.kms.katalon.core.keyword.internal.KeywordExecutor.executeKeywordForPlatform(KeywordExecutor.groovy:74)
	at com.kms.katalon.core.webservice.keyword.WSBuiltInKeywords.verifyElementPropertyValue(WSBuiltInKeywords.groovy:190)
	at com.kms.katalon.core.webservice.keyword.WSBuiltInKeywords$verifyElementPropertyValue$1.call(Unknown Source)
	at IOS_AR_getSubscriptionConfigForTUR_Imagine.run(IOS_AR_getSubscriptionConfigForTUR_Imagine:66)
	at com.kms.katalon.core.main.ScriptEngine.run(ScriptEngine.java:194)
	at com.kms.katalon.core.main.ScriptEngine.runScriptAsRawText(ScriptEngine.java:119)
	at com.kms.katalon.core.main.TestCaseExecutor.runScript(TestCaseExecutor.java:448)
	at com.kms.katalon.core.main.TestCaseExecutor.doExecute(TestCaseExecutor.java:439)
	at com.kms.katalon.core.main.TestCaseExecutor.processExecutionPhase(TestCaseExecutor.java:418)
	at com.kms.katalon.core.main.TestCaseExecutor.accessMainPhase(TestCaseExecutor.java:410)
	at com.kms.katalon.core.main.TestCaseExecutor.execute(TestCaseExecutor.java:285)
	at com.kms.katalon.core.common.CommonExecutor.accessTestCaseMainPhase(CommonExecutor.java:65)
	at com.kms.katalon.core.main.TestSuiteExecutor.accessTestSuiteMainPhase(TestSuiteExecutor.java:151)
	at com.kms.katalon.core.main.TestSuiteExecutor.execute(TestSuiteExecutor.java:106)
	at com.kms.katalon.core.main.TestCaseMain.startTestSuite(TestCaseMain.java:185)
	at com.kms.katalon.core.main.TestCaseMain$startTestSuite$0.call(Unknown Source)
	at TempTestSuite1697362455153.run(TempTestSuite1697362455153.groovy:36)


2023-10-15 12:35:28 - [TEST_STEP][PASSED] - getResponse = config_files.getConfigFile.getConfig("IOS_APP", "AR", "SHAHID_VIP_GEA", "TR", "false"): config_files.getConfigFile.getConfig is PASSED

2023-10-15 12:35:28 - [MESSAGE][INFO] - HAR: /Users/admin/Downloads/Shahid-Fawry/Reports/20231015_123412/IOS/TUR/20231015_123415/requests/main/4.har

2023-10-15 12:35:28 - [MESSAGE][PASSED] - Send request successfully

2023-10-15 12:35:28 - [MESSAGE][PASSED] - config_files.getConfigFile.getConfig is PASSED

2023-10-15 12:35:28 - [TEST_STEP][PASSED] - verifyResponseStatusCode(getResponse, 200): Verify response status code successfully

2023-10-15 12:35:28 - [MESSAGE][PASSED] - Verify response status code successfully

2023-10-15 12:35:28 - [TEST_STEP][PASSED] - verifyElementPropertyValue(getResponse, "country", "TUR"): Verify element property value successfully

2023-10-15 12:35:28 - [MESSAGE][PASSED] - Verify element property value successfully

2023-10-15 12:35:28 - [TEST_STEP][PASSED] - verifyElementPropertyValue(getResponse, "platform", "[IOS_APP]"): Verify element property value successfully

2023-10-15 12:35:29 - [MESSAGE][PASSED] - Verify element property value successfully

2023-10-15 12:35:29 - [TEST_STEP][PASSED] - verifyElementPropertyValue(getResponse, "groups[0].pricingPlans[0].featured", "true"): Verify element property value successfully

2023-10-15 12:35:29 - [MESSAGE][PASSED] - Verify element property value successfully

2023-10-15 12:35:29 - [TEST_STEP][PASSED] - verifyElementPropertyValue(getResponse, "groups[0].pricingPlans[0].packageId", "SHAHID_VIP_GEA"): Verify element property value successfully

2023-10-15 12:35:29 - [MESSAGE][PASSED] - Verify element property value successfully

2023-10-15 12:35:29 - [TEST_STEP][PASSED] - verifyElementPropertyValue(getResponse, "groups[0].pricingPlans[0].catalogId", "GEA"): Verify element property value successfully

2023-10-15 12:35:29 - [MESSAGE][PASSED] - Verify element property value successfully

2023-10-15 12:35:29 - [TEST_STEP][PASSED] - verifyElementPropertyValue(getResponse, "groups[0].pricingPlans[0].visualElements[0].key", "duration"): Verify element property value successfully

2023-10-15 12:35:29 - [MESSAGE][PASSED] - Verify element property value successfully

2023-10-15 12:35:29 - [TEST_STEP][PASSED] - verifyElementPropertyValue(getResponse, "groups[0].pricingPlans[0].visualElements[0].value", "الشهرية"): Verify element property value successfully

2023-10-15 12:35:29 - [MESSAGE][PASSED] - Verify element property value successfully

2023-10-15 12:35:29 - [TEST_STEP][PASSED] - verifyElementPropertyValue(getResponse, "groups[0].pricingPlans[0].visualElements[1].key", "currency"): Verify element property value successfully

2023-10-15 12:35:29 - [MESSAGE][PASSED] - Verify element property value successfully

2023-10-15 12:35:29 - [TEST_STEP][PASSED] - verifyElementPropertyValue(getResponse, "groups[0].pricingPlans[0].visualElements[1].value", "TRY"): Verify element property value successfully

2023-10-15 12:35:29 - [MESSAGE][PASSED] - Verify element property value successfully

2023-10-15 12:35:29 - [TEST_STEP][PASSED] - verifyElementPropertyValue(getResponse, "groups[0].pricingPlans[0].visualElements[2].key", "price"): Verify element property value successfully

2023-10-15 12:35:29 - [MESSAGE][PASSED] - Verify element property value successfully

2023-10-15 12:35:29 - [TEST_STEP][PASSED] - verifyElementPropertyValue(getResponse, "groups[0].pricingPlans[0].visualElements[2].value", "149.99"): Verify element property value successfully

2023-10-15 12:35:29 - [MESSAGE][PASSED] - Verify element property value successfully

2023-10-15 12:35:29 - [TEST_STEP][PASSED] - verifyElementPropertyValue(getResponse, "groups[0].pricingPlans[0].visualElements[5].key", "show_tag"): Verify element property value successfully

2023-10-15 12:35:29 - [MESSAGE][PASSED] - Verify element property value successfully

2023-10-15 12:35:29 - [TEST_STEP][PASSED] - verifyElementPropertyValue(getResponse, "groups[0].pricingPlans[0].visualElements[5].value", "false"): Verify element property value successfully

2023-10-15 12:35:29 - [MESSAGE][PASSED] - Verify element property value successfully

2023-10-15 12:35:29 - [TEST_STEP][PASSED] - verifyElementPropertyValue(getResponse, "groups[0].pricingPlans[0].visualElements[6].key", "show_payment_logo"): Verify element property value successfully

2023-10-15 12:35:29 - [MESSAGE][PASSED] - Verify element property value successfully

2023-10-15 12:35:29 - [TEST_STEP][PASSED] - verifyElementPropertyValue(getResponse, "groups[0].pricingPlans[0].visualElements[6].value", "false"): Verify element property value successfully

2023-10-15 12:35:29 - [MESSAGE][PASSED] - Verify element property value successfully

2023-10-15 12:35:29 - [TEST_STEP][PASSED] - verifyElementPropertyValue(getResponse, "groups[0].pricingPlans[0].visualElements[7].key", "CTA_text"): Verify element property value successfully

2023-10-15 12:35:29 - [MESSAGE][PASSED] - Verify element property value successfully

2023-10-15 12:35:29 - [TEST_STEP][PASSED] - verifyElementPropertyValue(getResponse, "groups[0].pricingPlans[0].visualElements[7].value", "اشترك"): Verify element property value successfully

2023-10-15 12:35:29 - [MESSAGE][PASSED] - Verify element property value successfully

2023-10-15 12:35:29 - [TEST_STEP][PASSED] - verifyElementPropertyValue(getResponse, "groups[0].pricingPlans[0].visualElements[9].key", "deduction_text"): Verify element property value successfully

2023-10-15 12:35:29 - [MESSAGE][PASSED] - Verify element property value successfully

2023-10-15 12:35:29 - [TEST_STEP][PASSED] - verifyElementPropertyValue(getResponse, "groups[0].pricingPlans[0].visualElements[9].value", "تتجدد شهرياً"): Verify element property value successfully

2023-10-15 12:35:29 - [MESSAGE][PASSED] - Verify element property value successfully

2023-10-15 12:35:29 - [TEST_STEP][PASSED] - verifyElementPropertyValue(getResponse, "groups[0].pricingPlans[0].visualElements[10].key", "promo_text"): Verify element property value successfully

2023-10-15 12:35:29 - [MESSAGE][PASSED] - Verify element property value successfully

2023-10-15 12:35:29 - [TEST_STEP][FAILED] - verifyElementPropertyValue(getResponse, "groups[0].pricingPlans[0].visualElements[10].value", "149.99 TRY"): Expected element property value '149.99 TRY' is not equal with actual property value '149.99 TRY / شهرياً'

2023-10-15 12:35:29 - [MESSAGE][FAILED] - Expected element property value '149.99 TRY' is not equal with actual property value '149.99 TRY / شهرياً'

2023-10-15 12:35:29 - [TEST_STEP][PASSED] - verifyElementPropertyValue(getResponse, "groups[0].pricingPlans[0].visualElements[12].key", "display_title"): Verify element property value successfully

2023-10-15 12:35:29 - [MESSAGE][PASSED] - Verify element property value successfully

2023-10-15 12:35:29 - [TEST_STEP][PASSED] - verifyElementPropertyValue(getResponse, "groups[0].pricingPlans[0].visualElements[12].value", "الاشتراك الشهري"): Verify element property value successfully

2023-10-15 12:35:29 - [MESSAGE][PASSED] - Verify element property value successfully

2023-10-15 12:35:29 - [TEST_STEP][PASSED] - verifyElementPropertyValue(getResponse, "groups[0].pricingPlans[0].visualElements[13].key", "Header_1_text"): Verify element property value successfully

2023-10-15 12:35:29 - [MESSAGE][PASSED] - Verify element property value successfully

2023-10-15 12:35:29 - [TEST_STEP][PASSED] - verifyElementPropertyValue(getResponse, "groups[0].pricingPlans[0].visualElements[13].value", "شاهد أقوى المسلسلات و الأفلام حصرياً دون توقف"): Verify element property value successfully

2023-10-15 12:35:29 - [MESSAGE][PASSED] - Verify element property value successfully

2023-10-15 12:35:29 - [TEST_STEP][PASSED] - verifyElementPropertyValue(getResponse, "groups[0].pricingPlans[0].visualElements[14].key", "featured_tag_text"): Verify element property value successfully

2023-10-15 12:35:29 - [MESSAGE][PASSED] - Verify element property value successfully

2023-10-15 12:35:29 - [TEST_STEP][PASSED] - verifyElementPropertyValue(getResponse, "groups[0].pricingPlans[0].visualElements[14].value", " الأكثر مبيعاً"): Verify element property value successfully

2023-10-15 12:35:29 - [MESSAGE][PASSED] - Verify element property value successfully

2023-10-15 12:35:29 - [TEST_STEP][PASSED] - verifyElementPropertyValue(getResponse, "groups[0].pricingPlans[0].order", "6"): Verify element property value successfully

2023-10-15 12:35:29 - [MESSAGE][PASSED] - Verify element property value successfully

2023-10-15 12:35:29 - [TEST_STEP][PASSED] - verifyElementPropertyValue(getResponse, "groups[0].pricingPlans[0].period", "monthly"): Verify element property value successfully

2023-10-15 12:35:29 - [MESSAGE][PASSED] - Verify element property value successfully

2023-10-15 12:35:29 - [TEST_STEP][PASSED] - verifyElementPropertyValue(getResponse, "groups[0].pricingPlans[0].price", "149.99"): Verify element property value successfully

2023-10-15 12:35:29 - [MESSAGE][PASSED] - Verify element property value successfully

2023-10-15 12:35:29 - [TEST_STEP][PASSED] - verifyElementPropertyValue(getResponse, "groups[0].pricingPlans[0].currency", "TRY"): Verify element property value successfully

2023-10-15 12:35:29 - [MESSAGE][PASSED] - Verify element property value successfully

2023-10-15 12:35:29 - [TEST_STEP][PASSED] - verifyElementPropertyValue(getResponse, "groups[0].pricingPlans[0].pricingPlanData[0].productId", "TUR_B2C_SHAHID_VIP_GEA_1M"): Verify element property value successfully

2023-10-15 12:35:29 - [MESSAGE][PASSED] - Verify element property value successfully

2023-10-15 12:35:29 - [TEST_STEP][PASSED] - verifyElementPropertyValue(getResponse, "groups[0].pricingPlans[0].pricingPlanData[0].subPricingPlanIds[0]", "Shahid_GEA_01M"): Verify element property value successfully

2023-10-15 12:35:29 - [MESSAGE][PASSED] - Verify element property value successfully

2023-10-15 12:35:29 - [TEST_STEP][PASSED] - verifyElementPropertyValue(getResponse, "groups[0].pricingPlans[0].pricingPlanData[0].paymentMethod", "APPLE_IAP"): Verify element property value successfully

2023-10-15 12:35:29 - [MESSAGE][PASSED] - Verify element property value successfully

2023-10-15 12:35:29 - [TEST_STEP][PASSED] - verifyElementPropertyValue(getResponse, "groups[0].pricingPlans[0].pricingPlanData[0].freeTrialEnabled", "false"): Verify element property value successfully

2023-10-15 12:35:29 - [MESSAGE][PASSED] - Verify element property value successfully

2023-10-15 12:35:29 - [TEST_STEP][PASSED] - verifyElementPropertyValue(getResponse, "groups[0].pricingPlans[0].pricingPlanData[0].priceLabel", "149.99"): Verify element property value successfully

2023-10-15 12:35:29 - [MESSAGE][PASSED] - Verify element property value successfully

2023-10-15 12:35:29 - [TEST_STEP][PASSED] - verifyElementPropertyValue(getResponse, "groups[0].pricingPlans[0].pricingPlanData[0].currencyLabel", "TRY"): Verify element property value successfully

2023-10-15 12:35:29 - [MESSAGE][PASSED] - Verify element property value successfully

2023-10-15 12:35:29 - [TEST_STEP][PASSED] - verifyElementPropertyValue(getResponse, "groups[0].pricingPlans[1].featured", "false"): Verify element property value successfully

2023-10-15 12:35:29 - [MESSAGE][PASSED] - Verify element property value successfully

2023-10-15 12:35:29 - [TEST_STEP][PASSED] - verifyElementPropertyValue(getResponse, "groups[0].pricingPlans[1].packageId", "SHAHID_VIP_GEA"): Verify element property value successfully

2023-10-15 12:35:29 - [MESSAGE][PASSED] - Verify element property value successfully

2023-10-15 12:35:29 - [TEST_STEP][PASSED] - verifyElementPropertyValue(getResponse, "groups[0].pricingPlans[1].catalogId", "GEA"): Verify element property value successfully

2023-10-15 12:35:29 - [MESSAGE][PASSED] - Verify element property value successfully

2023-10-15 12:35:29 - [TEST_STEP][PASSED] - verifyElementPropertyValue(getResponse, "groups[0].pricingPlans[1].visualElements[0].key", "duration"): Verify element property value successfully

2023-10-15 12:35:29 - [MESSAGE][PASSED] - Verify element property value successfully

2023-10-15 12:35:29 - [TEST_STEP][PASSED] - verifyElementPropertyValue(getResponse, "groups[0].pricingPlans[1].visualElements[0].value", "السنوية"): Verify element property value successfully

2023-10-15 12:35:29 - [MESSAGE][PASSED] - Verify element property value successfully

2023-10-15 12:35:29 - [TEST_STEP][PASSED] - verifyElementPropertyValue(getResponse, "groups[0].pricingPlans[1].visualElements[1].key", "currency"): Verify element property value successfully

2023-10-15 12:35:29 - [MESSAGE][PASSED] - Verify element property value successfully

2023-10-15 12:35:29 - [TEST_STEP][PASSED] - verifyElementPropertyValue(getResponse, "groups[0].pricingPlans[1].visualElements[1].value", "TRY"): Verify element property value successfully

2023-10-15 12:35:29 - [MESSAGE][PASSED] - Verify element property value successfully

2023-10-15 12:35:29 - [TEST_STEP][PASSED] - verifyElementPropertyValue(getResponse, "groups[0].pricingPlans[1].visualElements[2].key", "price"): Verify element property value successfully

2023-10-15 12:35:29 - [MESSAGE][PASSED] - Verify element property value successfully

2023-10-15 12:35:29 - [TEST_STEP][PASSED] - verifyElementPropertyValue(getResponse, "groups[0].pricingPlans[1].visualElements[2].value", "1529.99"): Verify element property value successfully

2023-10-15 12:35:29 - [MESSAGE][PASSED] - Verify element property value successfully

2023-10-15 12:35:29 - [TEST_STEP][PASSED] - verifyElementPropertyValue(getResponse, "groups[0].pricingPlans[1].visualElements[5].key", "show_tag"): Verify element property value successfully

2023-10-15 12:35:29 - [MESSAGE][PASSED] - Verify element property value successfully

2023-10-15 12:35:29 - [TEST_STEP][PASSED] - verifyElementPropertyValue(getResponse, "groups[0].pricingPlans[1].visualElements[5].value", "true"): Verify element property value successfully

2023-10-15 12:35:29 - [MESSAGE][PASSED] - Verify element property value successfully

2023-10-15 12:35:29 - [TEST_STEP][PASSED] - verifyElementPropertyValue(getResponse, "groups[0].pricingPlans[1].visualElements[6].key", "show_payment_logo"): Verify element property value successfully

2023-10-15 12:35:29 - [MESSAGE][PASSED] - Verify element property value successfully

2023-10-15 12:35:29 - [TEST_STEP][PASSED] - verifyElementPropertyValue(getResponse, "groups[0].pricingPlans[1].visualElements[6].value", "false"): Verify element property value successfully

2023-10-15 12:35:29 - [MESSAGE][PASSED] - Verify element property value successfully

2023-10-15 12:35:29 - [TEST_STEP][PASSED] - verifyElementPropertyValue(getResponse, "groups[0].pricingPlans[1].visualElements[7].key", "CTA_text"): Verify element property value successfully

2023-10-15 12:35:29 - [MESSAGE][PASSED] - Verify element property value successfully

2023-10-15 12:35:29 - [TEST_STEP][PASSED] - verifyElementPropertyValue(getResponse, "groups[0].pricingPlans[1].visualElements[7].value", "اشترك"): Verify element property value successfully

2023-10-15 12:35:29 - [MESSAGE][PASSED] - Verify element property value successfully

2023-10-15 12:35:29 - [TEST_STEP][PASSED] - verifyElementPropertyValue(getResponse, "groups[0].pricingPlans[1].visualElements[9].key", "deduction_text"): Verify element property value successfully

2023-10-15 12:35:29 - [MESSAGE][PASSED] - Verify element property value successfully

2023-10-15 12:35:29 - [TEST_STEP][FAILED] - verifyElementPropertyValue(getResponse, "groups[0].pricingPlans[1].visualElements[9].value", "12 شهراً - 127.49 TRY/ شهرياً"): Expected element property value '12 شهراً - 127.49 TRY/ شهرياً' is not equal with actual property value ' 1529.99 TRY  تدفع سنوياً'

2023-10-15 12:35:29 - [MESSAGE][FAILED] - Expected element property value '12 شهراً - 127.49 TRY/ شهرياً' is not equal with actual property value ' 1529.99 TRY  تدفع سنوياً'

2023-10-15 12:35:29 - [TEST_STEP][PASSED] - verifyElementPropertyValue(getResponse, "groups[0].pricingPlans[1].visualElements[10].key", "promo_text"): Verify element property value successfully

2023-10-15 12:35:29 - [MESSAGE][PASSED] - Verify element property value successfully

2023-10-15 12:35:29 - [TEST_STEP][FAILED] - verifyElementPropertyValue(getResponse, "groups[0].pricingPlans[1].visualElements[10].value", "1529.99 TRY"): Expected element property value '1529.99 TRY' is not equal with actual property value '127.49 TRY / شهرياً'

2023-10-15 12:35:29 - [MESSAGE][FAILED] - Expected element property value '1529.99 TRY' is not equal with actual property value '127.49 TRY / شهرياً'

2023-10-15 12:35:29 - [TEST_STEP][PASSED] - verifyElementPropertyValue(getResponse, "groups[0].pricingPlans[1].visualElements[11].key", "tag_text"): Verify element property value successfully

2023-10-15 12:35:29 - [MESSAGE][PASSED] - Verify element property value successfully

2023-10-15 12:35:29 - [TEST_STEP][PASSED] - verifyElementPropertyValue(getResponse, "groups[0].pricingPlans[1].visualElements[11].value", "وفر15%"): Verify element property value successfully

2023-10-15 12:35:29 - [MESSAGE][PASSED] - Verify element property value successfully

2023-10-15 12:35:29 - [TEST_STEP][PASSED] - verifyElementPropertyValue(getResponse, "groups[0].pricingPlans[1].visualElements[12].key", "display_title"): Verify element property value successfully

2023-10-15 12:35:29 - [MESSAGE][PASSED] - Verify element property value successfully

2023-10-15 12:35:29 - [TEST_STEP][PASSED] - verifyElementPropertyValue(getResponse, "groups[0].pricingPlans[1].visualElements[12].value", "الاشتراك السنوي"): Verify element property value successfully

2023-10-15 12:35:29 - [MESSAGE][PASSED] - Verify element property value successfully

2023-10-15 12:35:29 - [TEST_STEP][PASSED] - verifyElementPropertyValue(getResponse, "groups[0].pricingPlans[1].visualElements[13].key", "Header_1_text"): Verify element property value successfully

2023-10-15 12:35:29 - [MESSAGE][PASSED] - Verify element property value successfully

2023-10-15 12:35:29 - [TEST_STEP][PASSED] - verifyElementPropertyValue(getResponse, "groups[0].pricingPlans[1].visualElements[13].value", "شاهد أقوى المسلسلات و الأفلام حصرياً دون توقف"): Verify element property value successfully

2023-10-15 12:35:29 - [MESSAGE][PASSED] - Verify element property value successfully

2023-10-15 12:35:29 - [TEST_STEP][PASSED] - verifyElementPropertyValue(getResponse, "groups[0].pricingPlans[1].order", "8"): Verify element property value successfully

2023-10-15 12:35:29 - [MESSAGE][PASSED] - Verify element property value successfully

2023-10-15 12:35:29 - [TEST_STEP][PASSED] - verifyElementPropertyValue(getResponse, "groups[0].pricingPlans[1].period", "yearly"): Verify element property value successfully

2023-10-15 12:35:29 - [MESSAGE][PASSED] - Verify element property value successfully

2023-10-15 12:35:29 - [TEST_STEP][PASSED] - verifyElementPropertyValue(getResponse, "groups[0].pricingPlans[1].price", "1529.99"): Verify element property value successfully

2023-10-15 12:35:29 - [MESSAGE][PASSED] - Verify element property value successfully

2023-10-15 12:35:29 - [TEST_STEP][PASSED] - verifyElementPropertyValue(getResponse, "groups[0].pricingPlans[1].currency", "TRY"): Verify element property value successfully

2023-10-15 12:35:29 - [MESSAGE][PASSED] - Verify element property value successfully

2023-10-15 12:35:29 - [TEST_STEP][PASSED] - verifyElementPropertyValue(getResponse, "groups[0].pricingPlans[1].pricingPlanData[0].productId", "TUR_B2C_SHAHID_VIP_GEA_12M"): Verify element property value successfully

2023-10-15 12:35:29 - [MESSAGE][PASSED] - Verify element property value successfully

2023-10-15 12:35:29 - [TEST_STEP][PASSED] - verifyElementPropertyValue(getResponse, "groups[0].pricingPlans[1].pricingPlanData[0].subPricingPlanIds[0]", "Shahid_GEA_12M"): Verify element property value successfully

2023-10-15 12:35:29 - [MESSAGE][PASSED] - Verify element property value successfully

2023-10-15 12:35:29 - [TEST_STEP][PASSED] - verifyElementPropertyValue(getResponse, "groups[0].pricingPlans[1].pricingPlanData[0].paymentMethod", "APPLE_IAP"): Verify element property value successfully

2023-10-15 12:35:29 - [MESSAGE][PASSED] - Verify element property value successfully

2023-10-15 12:35:29 - [TEST_STEP][PASSED] - verifyElementPropertyValue(getResponse, "groups[0].pricingPlans[1].pricingPlanData[0].freeTrialEnabled", "false"): Verify element property value successfully

2023-10-15 12:35:29 - [MESSAGE][PASSED] - Verify element property value successfully

2023-10-15 12:35:29 - [TEST_STEP][PASSED] - verifyElementPropertyValue(getResponse, "groups[0].pricingPlans[1].pricingPlanData[0].priceLabel", "1529.99"): Verify element property value successfully

2023-10-15 12:35:29 - [MESSAGE][PASSED] - Verify element property value successfully

2023-10-15 12:35:29 - [TEST_STEP][PASSED] - verifyElementPropertyValue(getResponse, "groups[0].pricingPlans[1].pricingPlanData[0].currencyLabel", "TRY"): Verify element property value successfully

2023-10-15 12:35:29 - [MESSAGE][PASSED] - Verify element property value successfully

2023-10-15 12:35:29 - [TEST_STEP][PASSED] - verifyElementPropertyValue(getResponse, "groups[0].pricingPlans[1].pricingPlanData[0].allowedForAcquisition", "true"): Verify element property value successfully

2023-10-15 12:35:29 - [MESSAGE][PASSED] - Verify element property value successfully

2023-10-15 12:35:29 - [TEST_STEP][PASSED] - verifyElementPropertyValue(getResponse, "visualElements[0].key", "main_CTA_text_1"): Verify element property value successfully

2023-10-15 12:35:29 - [MESSAGE][PASSED] - Verify element property value successfully

2023-10-15 12:35:29 - [TEST_STEP][PASSED] - verifyElementPropertyValue(getResponse, "visualElements[0].value", "شاهد أقوى المسلسلات و الأفلام حصرياً دون توقف"): Verify element property value successfully

2023-10-15 12:35:29 - [MESSAGE][PASSED] - Verify element property value successfully

2023-10-15 12:35:29 - [TEST_STEP][PASSED] - verifyElementPropertyValue(getResponse, "visualElements[2].key", "main_disclaimer_text"): Verify element property value successfully

2023-10-15 12:35:29 - [MESSAGE][PASSED] - Verify element property value successfully

2023-10-15 12:35:29 - [TEST_STEP][FAILED] - verifyElementPropertyValue(getResponse, "visualElements[2].value", "رسوم الاشتراك قد تختلف بناءً على البلد أو طريقة الدفع أو باقة الاشتراك أو الضريبة المضافة أو معامل تحويل العملات والرسوم البنكية. تطبّق الشروط والأحكام."): Expected element property value 'رسوم الاشتراك قد تختلف بناءً على البلد أو طريقة الدفع أو باقة الاشتراك أو الضريبة المضافة أو معامل تحويل العملات والرسوم البنكية. تطبّق الشروط والأحكام.' is not equal with actual property value 'رسوم الاشتراك قد تختلف بناءً على البلد أو طريقة الدفع أو باقة الإشتراك أو الضريبة المضافة أو معامل تحويل العملات والرسوم البنكية. تطبّق الشروط والأحكام'

2023-10-15 12:35:29 - [MESSAGE][FAILED] - Expected element property value 'رسوم الاشتراك قد تختلف بناءً على البلد أو طريقة الدفع أو باقة الاشتراك أو الضريبة المضافة أو معامل تحويل العملات والرسوم البنكية. تطبّق الشروط والأحكام.' is not equal with actual property value 'رسوم الاشتراك قد تختلف بناءً على البلد أو طريقة الدفع أو باقة الإشتراك أو الضريبة المضافة أو معامل تحويل العملات والرسوم البنكية. تطبّق الشروط والأحكام'

2023-10-15 12:35:29 - [TEST_STEP][PASSED] - verifyElementPropertyValue(getResponse, "defaultPackageId", "SHAHID_VIP"): Verify element property value successfully

2023-10-15 12:35:29 - [MESSAGE][PASSED] - Verify element property value successfully]]></system-out>
         <system-err><![CDATA[2023-10-15 12:35:28 - [TEST_CASE][FAILED] - Test Cases/IOS/TUR PI/IOS_AR_getSubscriptionConfigForTUR_Imagine: Test Cases/IOS/TUR PI/IOS_AR_getSubscriptionConfigForTUR_Imagine FAILED.
Reason:
com.kms.katalon.core.exception.StepFailedException: Expected element property value '149.99 TRY' is not equal with actual property value '149.99 TRY / شهرياً'
	at com.kms.katalon.core.keyword.internal.KeywordMain.stepFailed(KeywordMain.groovy:39)
	at com.kms.katalon.core.webservice.keyword.builtin.VerifyElementPropertyValueKeyword$_verifyElementPropertyValue_closure1.doCall(VerifyElementPropertyValueKeyword.groovy:56)
	at com.kms.katalon.core.webservice.keyword.builtin.VerifyElementPropertyValueKeyword$_verifyElementPropertyValue_closure1.call(VerifyElementPropertyValueKeyword.groovy)
	at com.kms.katalon.core.keyword.internal.KeywordMain.runKeyword(KeywordMain.groovy:74)
	at com.kms.katalon.core.webservice.keyword.builtin.VerifyElementPropertyValueKeyword.verifyElementPropertyValue(VerifyElementPropertyValueKeyword.groovy:48)
	at com.kms.katalon.core.webservice.keyword.builtin.VerifyElementPropertyValueKeyword.execute(VerifyElementPropertyValueKeyword.groovy:43)
	at com.kms.katalon.core.keyword.internal.KeywordExecutor.executeKeywordForPlatform(KeywordExecutor.groovy:74)
	at com.kms.katalon.core.webservice.keyword.WSBuiltInKeywords.verifyElementPropertyValue(WSBuiltInKeywords.groovy:190)
	at com.kms.katalon.core.webservice.keyword.WSBuiltInKeywords$verifyElementPropertyValue$1.call(Unknown Source)
	at IOS_AR_getSubscriptionConfigForTUR_Imagine.run(IOS_AR_getSubscriptionConfigForTUR_Imagine:66)
	at com.kms.katalon.core.main.ScriptEngine.run(ScriptEngine.java:194)
	at com.kms.katalon.core.main.ScriptEngine.runScriptAsRawText(ScriptEngine.java:119)
	at com.kms.katalon.core.main.TestCaseExecutor.runScript(TestCaseExecutor.java:448)
	at com.kms.katalon.core.main.TestCaseExecutor.doExecute(TestCaseExecutor.java:439)
	at com.kms.katalon.core.main.TestCaseExecutor.processExecutionPhase(TestCaseExecutor.java:418)
	at com.kms.katalon.core.main.TestCaseExecutor.accessMainPhase(TestCaseExecutor.java:410)
	at com.kms.katalon.core.main.TestCaseExecutor.execute(TestCaseExecutor.java:285)
	at com.kms.katalon.core.common.CommonExecutor.accessTestCaseMainPhase(CommonExecutor.java:65)
	at com.kms.katalon.core.main.TestSuiteExecutor.accessTestSuiteMainPhase(TestSuiteExecutor.java:151)
	at com.kms.katalon.core.main.TestSuiteExecutor.execute(TestSuiteExecutor.java:106)
	at com.kms.katalon.core.main.TestCaseMain.startTestSuite(TestCaseMain.java:185)
	at com.kms.katalon.core.main.TestCaseMain$startTestSuite$0.call(Unknown Source)
	at TempTestSuite1697362455153.run(TempTestSuite1697362455153.groovy:36)]]></system-err>
      </testcase>
      <testcase name="Test Cases/IOS/TUR PI/IOS_AR_getSubscriptionConfigForTUR_VIP" time="1.513" classname="Test Cases/IOS/TUR PI/IOS_AR_getSubscriptionConfigForTUR_VIP" status="FAILED">
         <failure type="FAILED" message="Test Cases/IOS/TUR PI/IOS_AR_getSubscriptionConfigForTUR_VIP FAILED.
Reason:
com.kms.katalon.core.exception.StepFailedException: Expected element property value 'false' is not equal with actual property value 'true'
	at com.kms.katalon.core.keyword.internal.KeywordMain.stepFailed(KeywordMain.groovy:39)
	at com.kms.katalon.core.webservice.keyword.builtin.VerifyElementPropertyValueKeyword$_verifyElementPropertyValue_closure1.doCall(VerifyElementPropertyValueKeyword.groovy:56)
	at com.kms.katalon.core.webservice.keyword.builtin.VerifyElementPropertyValueKeyword$_verifyElementPropertyValue_closure1.call(VerifyElementPropertyValueKeyword.groovy)
	at com.kms.katalon.core.keyword.internal.KeywordMain.runKeyword(KeywordMain.groovy:74)
	at com.kms.katalon.core.webservice.keyword.builtin.VerifyElementPropertyValueKeyword.verifyElementPropertyValue(VerifyElementPropertyValueKeyword.groovy:48)
	at com.kms.katalon.core.webservice.keyword.builtin.VerifyElementPropertyValueKeyword.execute(VerifyElementPropertyValueKeyword.groovy:43)
	at com.kms.katalon.core.keyword.internal.KeywordExecutor.executeKeywordForPlatform(KeywordExecutor.groovy:74)
	at com.kms.katalon.core.webservice.keyword.WSBuiltInKeywords.verifyElementPropertyValue(WSBuiltInKeywords.groovy:190)
	at com.kms.katalon.core.webservice.keyword.WSBuiltInKeywords$verifyElementPropertyValue$1.call(Unknown Source)
	at IOS_AR_getSubscriptionConfigForTUR_VIP.run(IOS_AR_getSubscriptionConfigForTUR_VIP:48)
	at com.kms.katalon.core.main.ScriptEngine.run(ScriptEngine.java:194)
	at com.kms.katalon.core.main.ScriptEngine.runScriptAsRawText(ScriptEngine.java:119)
	at com.kms.katalon.core.main.TestCaseExecutor.runScript(TestCaseExecutor.java:448)
	at com.kms.katalon.core.main.TestCaseExecutor.doExecute(TestCaseExecutor.java:439)
	at com.kms.katalon.core.main.TestCaseExecutor.processExecutionPhase(TestCaseExecutor.java:418)
	at com.kms.katalon.core.main.TestCaseExecutor.accessMainPhase(TestCaseExecutor.java:410)
	at com.kms.katalon.core.main.TestCaseExecutor.execute(TestCaseExecutor.java:285)
	at com.kms.katalon.core.common.CommonExecutor.accessTestCaseMainPhase(CommonExecutor.java:65)
	at com.kms.katalon.core.main.TestSuiteExecutor.accessTestSuiteMainPhase(TestSuiteExecutor.java:151)
	at com.kms.katalon.core.main.TestSuiteExecutor.execute(TestSuiteExecutor.java:106)
	at com.kms.katalon.core.main.TestCaseMain.startTestSuite(TestCaseMain.java:185)
	at com.kms.katalon.core.main.TestCaseMain$startTestSuite$0.call(Unknown Source)
	at TempTestSuite1697362455153.run(TempTestSuite1697362455153.groovy:36)
"/>
         <system-out><![CDATA[2023-10-15 12:35:29 - [TEST_CASE][FAILED] - Test Cases/IOS/TUR PI/IOS_AR_getSubscriptionConfigForTUR_VIP: Test Cases/IOS/TUR PI/IOS_AR_getSubscriptionConfigForTUR_VIP FAILED.
Reason:
com.kms.katalon.core.exception.StepFailedException: Expected element property value 'false' is not equal with actual property value 'true'
	at com.kms.katalon.core.keyword.internal.KeywordMain.stepFailed(KeywordMain.groovy:39)
	at com.kms.katalon.core.webservice.keyword.builtin.VerifyElementPropertyValueKeyword$_verifyElementPropertyValue_closure1.doCall(VerifyElementPropertyValueKeyword.groovy:56)
	at com.kms.katalon.core.webservice.keyword.builtin.VerifyElementPropertyValueKeyword$_verifyElementPropertyValue_closure1.call(VerifyElementPropertyValueKeyword.groovy)
	at com.kms.katalon.core.keyword.internal.KeywordMain.runKeyword(KeywordMain.groovy:74)
	at com.kms.katalon.core.webservice.keyword.builtin.VerifyElementPropertyValueKeyword.verifyElementPropertyValue(VerifyElementPropertyValueKeyword.groovy:48)
	at com.kms.katalon.core.webservice.keyword.builtin.VerifyElementPropertyValueKeyword.execute(VerifyElementPropertyValueKeyword.groovy:43)
	at com.kms.katalon.core.keyword.internal.KeywordExecutor.executeKeywordForPlatform(KeywordExecutor.groovy:74)
	at com.kms.katalon.core.webservice.keyword.WSBuiltInKeywords.verifyElementPropertyValue(WSBuiltInKeywords.groovy:190)
	at com.kms.katalon.core.webservice.keyword.WSBuiltInKeywords$verifyElementPropertyValue$1.call(Unknown Source)
	at IOS_AR_getSubscriptionConfigForTUR_VIP.run(IOS_AR_getSubscriptionConfigForTUR_VIP:48)
	at com.kms.katalon.core.main.ScriptEngine.run(ScriptEngine.java:194)
	at com.kms.katalon.core.main.ScriptEngine.runScriptAsRawText(ScriptEngine.java:119)
	at com.kms.katalon.core.main.TestCaseExecutor.runScript(TestCaseExecutor.java:448)
	at com.kms.katalon.core.main.TestCaseExecutor.doExecute(TestCaseExecutor.java:439)
	at com.kms.katalon.core.main.TestCaseExecutor.processExecutionPhase(TestCaseExecutor.java:418)
	at com.kms.katalon.core.main.TestCaseExecutor.accessMainPhase(TestCaseExecutor.java:410)
	at com.kms.katalon.core.main.TestCaseExecutor.execute(TestCaseExecutor.java:285)
	at com.kms.katalon.core.common.CommonExecutor.accessTestCaseMainPhase(CommonExecutor.java:65)
	at com.kms.katalon.core.main.TestSuiteExecutor.accessTestSuiteMainPhase(TestSuiteExecutor.java:151)
	at com.kms.katalon.core.main.TestSuiteExecutor.execute(TestSuiteExecutor.java:106)
	at com.kms.katalon.core.main.TestCaseMain.startTestSuite(TestCaseMain.java:185)
	at com.kms.katalon.core.main.TestCaseMain$startTestSuite$0.call(Unknown Source)
	at TempTestSuite1697362455153.run(TempTestSuite1697362455153.groovy:36)


2023-10-15 12:35:29 - [TEST_STEP][PASSED] - getResponse = config_files.getConfigFile.getConfig("IOS_APP", "AR", "SHAHID_VIP", "TR", "false"): config_files.getConfigFile.getConfig is PASSED

2023-10-15 12:35:30 - [MESSAGE][INFO] - HAR: /Users/admin/Downloads/Shahid-Fawry/Reports/20231015_123412/IOS/TUR/20231015_123415/requests/main/5.har

2023-10-15 12:35:30 - [MESSAGE][PASSED] - Send request successfully

2023-10-15 12:35:30 - [MESSAGE][PASSED] - config_files.getConfigFile.getConfig is PASSED

2023-10-15 12:35:30 - [TEST_STEP][PASSED] - verifyResponseStatusCode(getResponse, 200): Verify response status code successfully

2023-10-15 12:35:30 - [MESSAGE][PASSED] - Verify response status code successfully

2023-10-15 12:35:30 - [TEST_STEP][PASSED] - verifyElementPropertyValue(getResponse, "country", "TUR"): Verify element property value successfully

2023-10-15 12:35:30 - [MESSAGE][PASSED] - Verify element property value successfully

2023-10-15 12:35:30 - [TEST_STEP][PASSED] - verifyElementPropertyValue(getResponse, "platform", "[IOS_APP]"): Verify element property value successfully

2023-10-15 12:35:30 - [MESSAGE][PASSED] - Verify element property value successfully

2023-10-15 12:35:30 - [TEST_STEP][FAILED] - verifyElementPropertyValue(getResponse, "groups[0].pricingPlans[0].featured", "false"): Expected element property value 'false' is not equal with actual property value 'true'

2023-10-15 12:35:30 - [MESSAGE][FAILED] - Expected element property value 'false' is not equal with actual property value 'true'

2023-10-15 12:35:30 - [TEST_STEP][PASSED] - verifyElementPropertyValue(getResponse, "groups[0].pricingPlans[0].packageId", "SHAHID_VIP"): Verify element property value successfully

2023-10-15 12:35:30 - [MESSAGE][PASSED] - Verify element property value successfully

2023-10-15 12:35:30 - [TEST_STEP][PASSED] - verifyElementPropertyValue(getResponse, "groups[0].pricingPlans[0].catalogId", "VIP"): Verify element property value successfully

2023-10-15 12:35:30 - [MESSAGE][PASSED] - Verify element property value successfully

2023-10-15 12:35:30 - [TEST_STEP][PASSED] - verifyElementPropertyValue(getResponse, "groups[0].pricingPlans[0].visualElements[0].key", "duration"): Verify element property value successfully

2023-10-15 12:35:30 - [MESSAGE][PASSED] - Verify element property value successfully

2023-10-15 12:35:30 - [TEST_STEP][PASSED] - verifyElementPropertyValue(getResponse, "groups[0].pricingPlans[0].visualElements[0].value", "الشهرية"): Verify element property value successfully

2023-10-15 12:35:30 - [MESSAGE][PASSED] - Verify element property value successfully

2023-10-15 12:35:30 - [TEST_STEP][PASSED] - verifyElementPropertyValue(getResponse, "groups[0].pricingPlans[0].visualElements[1].key", "currency"): Verify element property value successfully

2023-10-15 12:35:30 - [MESSAGE][PASSED] - Verify element property value successfully

2023-10-15 12:35:30 - [TEST_STEP][PASSED] - verifyElementPropertyValue(getResponse, "groups[0].pricingPlans[0].visualElements[1].value", "TRY"): Verify element property value successfully

2023-10-15 12:35:30 - [MESSAGE][PASSED] - Verify element property value successfully

2023-10-15 12:35:30 - [TEST_STEP][PASSED] - verifyElementPropertyValue(getResponse, "groups[0].pricingPlans[0].visualElements[2].key", "price"): Verify element property value successfully

2023-10-15 12:35:30 - [MESSAGE][PASSED] - Verify element property value successfully

2023-10-15 12:35:30 - [TEST_STEP][PASSED] - verifyElementPropertyValue(getResponse, "groups[0].pricingPlans[0].visualElements[2].value", "76.99"): Verify element property value successfully

2023-10-15 12:35:30 - [MESSAGE][PASSED] - Verify element property value successfully

2023-10-15 12:35:30 - [TEST_STEP][PASSED] - verifyElementPropertyValue(getResponse, "groups[0].pricingPlans[0].visualElements[13].key", "show_tag"): Verify element property value successfully

2023-10-15 12:35:30 - [MESSAGE][PASSED] - Verify element property value successfully

2023-10-15 12:35:30 - [TEST_STEP][PASSED] - verifyElementPropertyValue(getResponse, "groups[0].pricingPlans[0].visualElements[13].value", "true"): Verify element property value successfully

2023-10-15 12:35:30 - [MESSAGE][PASSED] - Verify element property value successfully

2023-10-15 12:35:30 - [TEST_STEP][PASSED] - verifyElementPropertyValue(getResponse, "groups[0].pricingPlans[0].visualElements[5].key", "show_payment_logo"): Verify element property value successfully

2023-10-15 12:35:30 - [MESSAGE][PASSED] - Verify element property value successfully

2023-10-15 12:35:30 - [TEST_STEP][PASSED] - verifyElementPropertyValue(getResponse, "groups[0].pricingPlans[0].visualElements[5].value", "false"): Verify element property value successfully

2023-10-15 12:35:30 - [MESSAGE][PASSED] - Verify element property value successfully

2023-10-15 12:35:30 - [TEST_STEP][PASSED] - verifyElementPropertyValue(getResponse, "groups[0].pricingPlans[0].visualElements[6].key", "CTA_text"): Verify element property value successfully

2023-10-15 12:35:30 - [MESSAGE][PASSED] - Verify element property value successfully

2023-10-15 12:35:30 - [TEST_STEP][PASSED] - verifyElementPropertyValue(getResponse, "groups[0].pricingPlans[0].visualElements[6].value", "اشترك"): Verify element property value successfully

2023-10-15 12:35:30 - [MESSAGE][PASSED] - Verify element property value successfully

2023-10-15 12:35:30 - [TEST_STEP][PASSED] - verifyElementPropertyValue(getResponse, "groups[0].pricingPlans[0].visualElements[8].key", "deduction_text"): Verify element property value successfully

2023-10-15 12:35:30 - [MESSAGE][PASSED] - Verify element property value successfully

2023-10-15 12:35:30 - [TEST_STEP][PASSED] - verifyElementPropertyValue(getResponse, "groups[0].pricingPlans[0].visualElements[8].value", "تتجدد شهرياً"): Verify element property value successfully

2023-10-15 12:35:30 - [MESSAGE][PASSED] - Verify element property value successfully

2023-10-15 12:35:30 - [TEST_STEP][PASSED] - verifyElementPropertyValue(getResponse, "groups[0].pricingPlans[0].visualElements[9].key", "promo_text"): Verify element property value successfully

2023-10-15 12:35:30 - [MESSAGE][PASSED] - Verify element property value successfully

2023-10-15 12:35:30 - [TEST_STEP][FAILED] - verifyElementPropertyValue(getResponse, "groups[0].pricingPlans[0].visualElements[9].value", "76.99 TRY"): Expected element property value '76.99 TRY' is not equal with actual property value '76.99 TRY / شهرياً'

2023-10-15 12:35:30 - [MESSAGE][FAILED] - Expected element property value '76.99 TRY' is not equal with actual property value '76.99 TRY / شهرياً'

2023-10-15 12:35:30 - [TEST_STEP][PASSED] - verifyElementPropertyValue(getResponse, "groups[0].pricingPlans[0].visualElements[10].key", "display_title"): Verify element property value successfully

2023-10-15 12:35:30 - [MESSAGE][PASSED] - Verify element property value successfully

2023-10-15 12:35:30 - [TEST_STEP][PASSED] - verifyElementPropertyValue(getResponse, "groups[0].pricingPlans[0].visualElements[10].value", "الاشتراك الشهري"): Verify element property value successfully

2023-10-15 12:35:30 - [MESSAGE][PASSED] - Verify element property value successfully

2023-10-15 12:35:30 - [TEST_STEP][PASSED] - verifyElementPropertyValue(getResponse, "groups[0].pricingPlans[0].visualElements[11].key", "Header_1_text"): Verify element property value successfully

2023-10-15 12:35:30 - [MESSAGE][PASSED] - Verify element property value successfully

2023-10-15 12:35:30 - [TEST_STEP][PASSED] - verifyElementPropertyValue(getResponse, "groups[0].pricingPlans[0].visualElements[11].value", "شاهد أقوى المسلسلات و الأفلام حصرياً دون توقف"): Verify element property value successfully

2023-10-15 12:35:30 - [MESSAGE][PASSED] - Verify element property value successfully

2023-10-15 12:35:30 - [TEST_STEP][PASSED] - verifyElementPropertyValue(getResponse, "groups[0].pricingPlans[0].visualElements[12].key", "featured_tag_text"): Verify element property value successfully

2023-10-15 12:35:30 - [MESSAGE][PASSED] - Verify element property value successfully

2023-10-15 12:35:30 - [TEST_STEP][PASSED] - verifyElementPropertyValue(getResponse, "groups[0].pricingPlans[0].visualElements[12].value", "الأكثر مبيعاً"): Verify element property value successfully

2023-10-15 12:35:30 - [MESSAGE][PASSED] - Verify element property value successfully

2023-10-15 12:35:30 - [TEST_STEP][PASSED] - verifyElementPropertyValue(getResponse, "groups[0].pricingPlans[0].order", "0"): Verify element property value successfully

2023-10-15 12:35:30 - [MESSAGE][PASSED] - Verify element property value successfully

2023-10-15 12:35:30 - [TEST_STEP][PASSED] - verifyElementPropertyValue(getResponse, "groups[0].pricingPlans[0].period", "monthly"): Verify element property value successfully

2023-10-15 12:35:30 - [MESSAGE][PASSED] - Verify element property value successfully

2023-10-15 12:35:30 - [TEST_STEP][PASSED] - verifyElementPropertyValue(getResponse, "groups[0].pricingPlans[0].price", "76.99"): Verify element property value successfully

2023-10-15 12:35:30 - [MESSAGE][PASSED] - Verify element property value successfully

2023-10-15 12:35:30 - [TEST_STEP][PASSED] - verifyElementPropertyValue(getResponse, "groups[0].pricingPlans[0].currency", "TRY"): Verify element property value successfully

2023-10-15 12:35:30 - [MESSAGE][PASSED] - Verify element property value successfully

2023-10-15 12:35:30 - [TEST_STEP][PASSED] - verifyElementPropertyValue(getResponse, "groups[0].pricingPlans[0].pricingPlanData[0].productId", "TUR_B2C_SHAHID_VIP_1M"): Verify element property value successfully

2023-10-15 12:35:30 - [MESSAGE][PASSED] - Verify element property value successfully

2023-10-15 12:35:30 - [TEST_STEP][PASSED] - verifyElementPropertyValue(getResponse, "groups[0].pricingPlans[0].pricingPlanData[0].subPricingPlanIds[0]", "mbc.shahid.iosplus1monthfreetrial"): Verify element property value successfully

2023-10-15 12:35:30 - [MESSAGE][PASSED] - Verify element property value successfully

2023-10-15 12:35:30 - [TEST_STEP][PASSED] - verifyElementPropertyValue(getResponse, "groups[0].pricingPlans[0].pricingPlanData[0].paymentMethod", "APPLE_IAP"): Verify element property value successfully

2023-10-15 12:35:30 - [MESSAGE][PASSED] - Verify element property value successfully

2023-10-15 12:35:30 - [TEST_STEP][PASSED] - verifyElementPropertyValue(getResponse, "groups[0].pricingPlans[0].pricingPlanData[0].freeTrialEnabled", "false"): Verify element property value successfully

2023-10-15 12:35:30 - [MESSAGE][PASSED] - Verify element property value successfully

2023-10-15 12:35:30 - [TEST_STEP][PASSED] - verifyElementPropertyValue(getResponse, "groups[0].pricingPlans[0].pricingPlanData[0].priceLabel", "76.99"): Verify element property value successfully

2023-10-15 12:35:30 - [MESSAGE][PASSED] - Verify element property value successfully

2023-10-15 12:35:30 - [TEST_STEP][PASSED] - verifyElementPropertyValue(getResponse, "groups[0].pricingPlans[0].pricingPlanData[0].currencyLabel", "TRY"): Verify element property value successfully

2023-10-15 12:35:30 - [MESSAGE][PASSED] - Verify element property value successfully

2023-10-15 12:35:30 - [TEST_STEP][PASSED] - verifyElementPropertyValue(getResponse, "groups[0].pricingPlans[1].featured", "false"): Verify element property value successfully

2023-10-15 12:35:30 - [MESSAGE][PASSED] - Verify element property value successfully

2023-10-15 12:35:30 - [TEST_STEP][PASSED] - verifyElementPropertyValue(getResponse, "groups[0].pricingPlans[1].packageId", "SHAHID_VIP"): Verify element property value successfully

2023-10-15 12:35:30 - [MESSAGE][PASSED] - Verify element property value successfully

2023-10-15 12:35:30 - [TEST_STEP][PASSED] - verifyElementPropertyValue(getResponse, "groups[0].pricingPlans[1].catalogId", "VIP"): Verify element property value successfully

2023-10-15 12:35:30 - [MESSAGE][PASSED] - Verify element property value successfully

2023-10-15 12:35:30 - [TEST_STEP][PASSED] - verifyElementPropertyValue(getResponse, "groups[0].pricingPlans[1].visualElements[0].key", "duration"): Verify element property value successfully

2023-10-15 12:35:30 - [MESSAGE][PASSED] - Verify element property value successfully

2023-10-15 12:35:30 - [TEST_STEP][PASSED] - verifyElementPropertyValue(getResponse, "groups[0].pricingPlans[1].visualElements[0].value", "السنوية"): Verify element property value successfully

2023-10-15 12:35:30 - [MESSAGE][PASSED] - Verify element property value successfully

2023-10-15 12:35:30 - [TEST_STEP][PASSED] - verifyElementPropertyValue(getResponse, "groups[0].pricingPlans[1].visualElements[1].key", "currency"): Verify element property value successfully

2023-10-15 12:35:30 - [MESSAGE][PASSED] - Verify element property value successfully

2023-10-15 12:35:30 - [TEST_STEP][PASSED] - verifyElementPropertyValue(getResponse, "groups[0].pricingPlans[1].visualElements[1].value", "TRY"): Verify element property value successfully

2023-10-15 12:35:30 - [MESSAGE][PASSED] - Verify element property value successfully

2023-10-15 12:35:30 - [TEST_STEP][PASSED] - verifyElementPropertyValue(getResponse, "groups[0].pricingPlans[1].visualElements[2].key", "price"): Verify element property value successfully

2023-10-15 12:35:30 - [MESSAGE][PASSED] - Verify element property value successfully

2023-10-15 12:35:30 - [TEST_STEP][PASSED] - verifyElementPropertyValue(getResponse, "groups[0].pricingPlans[1].visualElements[2].value", "659.99"): Verify element property value successfully

2023-10-15 12:35:30 - [MESSAGE][PASSED] - Verify element property value successfully

2023-10-15 12:35:30 - [TEST_STEP][PASSED] - verifyElementPropertyValue(getResponse, "groups[0].pricingPlans[1].visualElements[5].key", "show_tag"): Verify element property value successfully

2023-10-15 12:35:30 - [MESSAGE][PASSED] - Verify element property value successfully

2023-10-15 12:35:30 - [TEST_STEP][PASSED] - verifyElementPropertyValue(getResponse, "groups[0].pricingPlans[1].visualElements[5].value", "true"): Verify element property value successfully

2023-10-15 12:35:30 - [MESSAGE][PASSED] - Verify element property value successfully

2023-10-15 12:35:30 - [TEST_STEP][PASSED] - verifyElementPropertyValue(getResponse, "groups[0].pricingPlans[1].visualElements[6].key", "show_payment_logo"): Verify element property value successfully

2023-10-15 12:35:30 - [MESSAGE][PASSED] - Verify element property value successfully

2023-10-15 12:35:30 - [TEST_STEP][PASSED] - verifyElementPropertyValue(getResponse, "groups[0].pricingPlans[1].visualElements[6].value", "false"): Verify element property value successfully

2023-10-15 12:35:30 - [MESSAGE][PASSED] - Verify element property value successfully

2023-10-15 12:35:30 - [TEST_STEP][PASSED] - verifyElementPropertyValue(getResponse, "groups[0].pricingPlans[1].visualElements[7].key", "CTA_text"): Verify element property value successfully

2023-10-15 12:35:30 - [MESSAGE][PASSED] - Verify element property value successfully

2023-10-15 12:35:30 - [TEST_STEP][PASSED] - verifyElementPropertyValue(getResponse, "groups[0].pricingPlans[1].visualElements[7].value", "اشترك"): Verify element property value successfully

2023-10-15 12:35:30 - [MESSAGE][PASSED] - Verify element property value successfully

2023-10-15 12:35:30 - [TEST_STEP][PASSED] - verifyElementPropertyValue(getResponse, "groups[0].pricingPlans[1].visualElements[9].key", "deduction_text"): Verify element property value successfully

2023-10-15 12:35:30 - [MESSAGE][PASSED] - Verify element property value successfully

2023-10-15 12:35:30 - [TEST_STEP][FAILED] - verifyElementPropertyValue(getResponse, "groups[0].pricingPlans[1].visualElements[9].value", "12 شهراً - 54.99 TRY/ شهرياً"): Expected element property value '12 شهراً - 54.99 TRY/ شهرياً' is not equal with actual property value ' 659.99 TRY  تدفع سنوياً'

2023-10-15 12:35:30 - [MESSAGE][FAILED] - Expected element property value '12 شهراً - 54.99 TRY/ شهرياً' is not equal with actual property value ' 659.99 TRY  تدفع سنوياً'

2023-10-15 12:35:30 - [TEST_STEP][PASSED] - verifyElementPropertyValue(getResponse, "groups[0].pricingPlans[1].visualElements[10].key", "promo_text"): Verify element property value successfully

2023-10-15 12:35:30 - [MESSAGE][PASSED] - Verify element property value successfully

2023-10-15 12:35:30 - [TEST_STEP][FAILED] - verifyElementPropertyValue(getResponse, "groups[0].pricingPlans[1].visualElements[10].value", "659.99 TRY "): Expected element property value '659.99 TRY ' is not equal with actual property value '54.99 TRY / شهرياً'

2023-10-15 12:35:30 - [MESSAGE][FAILED] - Expected element property value '659.99 TRY ' is not equal with actual property value '54.99 TRY / شهرياً'

2023-10-15 12:35:30 - [TEST_STEP][PASSED] - verifyElementPropertyValue(getResponse, "groups[0].pricingPlans[1].visualElements[11].key", "tag_text"): Verify element property value successfully

2023-10-15 12:35:30 - [MESSAGE][PASSED] - Verify element property value successfully

2023-10-15 12:35:30 - [TEST_STEP][FAILED] - verifyElementPropertyValue(getResponse, "groups[0].pricingPlans[1].visualElements[11].value", "29% وفر"): Expected element property value '29% وفر' is not equal with actual property value 'وفر29%'

2023-10-15 12:35:30 - [MESSAGE][FAILED] - Expected element property value '29% وفر' is not equal with actual property value 'وفر29%'

2023-10-15 12:35:30 - [TEST_STEP][PASSED] - verifyElementPropertyValue(getResponse, "groups[0].pricingPlans[1].visualElements[12].key", "display_title"): Verify element property value successfully

2023-10-15 12:35:30 - [MESSAGE][PASSED] - Verify element property value successfully

2023-10-15 12:35:30 - [TEST_STEP][PASSED] - verifyElementPropertyValue(getResponse, "groups[0].pricingPlans[1].visualElements[12].value", "الاشتراك السنوي"): Verify element property value successfully

2023-10-15 12:35:31 - [MESSAGE][PASSED] - Verify element property value successfully

2023-10-15 12:35:31 - [TEST_STEP][PASSED] - verifyElementPropertyValue(getResponse, "groups[0].pricingPlans[1].visualElements[13].key", "Header_1_text"): Verify element property value successfully

2023-10-15 12:35:31 - [MESSAGE][PASSED] - Verify element property value successfully

2023-10-15 12:35:31 - [TEST_STEP][PASSED] - verifyElementPropertyValue(getResponse, "groups[0].pricingPlans[1].visualElements[13].value", "شاهد أقوى المسلسلات و الأفلام حصرياً دون توقف"): Verify element property value successfully

2023-10-15 12:35:31 - [MESSAGE][PASSED] - Verify element property value successfully

2023-10-15 12:35:31 - [TEST_STEP][PASSED] - verifyElementPropertyValue(getResponse, "groups[0].pricingPlans[1].order", "2"): Verify element property value successfully

2023-10-15 12:35:31 - [MESSAGE][PASSED] - Verify element property value successfully

2023-10-15 12:35:31 - [TEST_STEP][PASSED] - verifyElementPropertyValue(getResponse, "groups[0].pricingPlans[1].period", "yearly"): Verify element property value successfully

2023-10-15 12:35:31 - [MESSAGE][PASSED] - Verify element property value successfully

2023-10-15 12:35:31 - [TEST_STEP][PASSED] - verifyElementPropertyValue(getResponse, "groups[0].pricingPlans[1].price", "659.99"): Verify element property value successfully

2023-10-15 12:35:31 - [MESSAGE][PASSED] - Verify element property value successfully

2023-10-15 12:35:31 - [TEST_STEP][PASSED] - verifyElementPropertyValue(getResponse, "groups[0].pricingPlans[1].currency", "TRY"): Verify element property value successfully

2023-10-15 12:35:31 - [MESSAGE][PASSED] - Verify element property value successfully

2023-10-15 12:35:31 - [TEST_STEP][PASSED] - verifyElementPropertyValue(getResponse, "groups[0].pricingPlans[1].pricingPlanData[0].productId", "TUR_B2C_SHAHID_VIP_12M"): Verify element property value successfully

2023-10-15 12:35:31 - [MESSAGE][PASSED] - Verify element property value successfully

2023-10-15 12:35:31 - [TEST_STEP][PASSED] - verifyElementPropertyValue(getResponse, "groups[0].pricingPlans[1].pricingPlanData[0].subPricingPlanIds[0]", "mbc.shahid.iosplusyearly"): Verify element property value successfully

2023-10-15 12:35:31 - [MESSAGE][PASSED] - Verify element property value successfully

2023-10-15 12:35:31 - [TEST_STEP][PASSED] - verifyElementPropertyValue(getResponse, "groups[0].pricingPlans[1].pricingPlanData[0].paymentMethod", "APPLE_IAP"): Verify element property value successfully

2023-10-15 12:35:31 - [MESSAGE][PASSED] - Verify element property value successfully

2023-10-15 12:35:31 - [TEST_STEP][PASSED] - verifyElementPropertyValue(getResponse, "groups[0].pricingPlans[1].pricingPlanData[0].freeTrialEnabled", "false"): Verify element property value successfully

2023-10-15 12:35:31 - [MESSAGE][PASSED] - Verify element property value successfully

2023-10-15 12:35:31 - [TEST_STEP][PASSED] - verifyElementPropertyValue(getResponse, "groups[0].pricingPlans[1].pricingPlanData[0].priceLabel", "659.99"): Verify element property value successfully

2023-10-15 12:35:31 - [MESSAGE][PASSED] - Verify element property value successfully

2023-10-15 12:35:31 - [TEST_STEP][PASSED] - verifyElementPropertyValue(getResponse, "groups[0].pricingPlans[1].pricingPlanData[0].currencyLabel", "TRY"): Verify element property value successfully

2023-10-15 12:35:31 - [MESSAGE][PASSED] - Verify element property value successfully

2023-10-15 12:35:31 - [TEST_STEP][PASSED] - verifyElementPropertyValue(getResponse, "groups[0].pricingPlans[1].pricingPlanData[0].allowedForAcquisition", "true"): Verify element property value successfully

2023-10-15 12:35:31 - [MESSAGE][PASSED] - Verify element property value successfully

2023-10-15 12:35:31 - [TEST_STEP][PASSED] - verifyElementPropertyValue(getResponse, "visualElements[0].key", "main_CTA_text_1"): Verify element property value successfully

2023-10-15 12:35:31 - [MESSAGE][PASSED] - Verify element property value successfully

2023-10-15 12:35:31 - [TEST_STEP][PASSED] - verifyElementPropertyValue(getResponse, "visualElements[0].value", "شاهد أقوى المسلسلات و الأفلام حصرياً دون توقف"): Verify element property value successfully

2023-10-15 12:35:31 - [MESSAGE][PASSED] - Verify element property value successfully

2023-10-15 12:35:31 - [TEST_STEP][PASSED] - verifyElementPropertyValue(getResponse, "visualElements[2].key", "main_disclaimer_text"): Verify element property value successfully

2023-10-15 12:35:31 - [MESSAGE][PASSED] - Verify element property value successfully

2023-10-15 12:35:31 - [TEST_STEP][FAILED] - verifyElementPropertyValue(getResponse, "visualElements[2].value", " رسوم الاشتراك قد تختلف بناءً على البلد أو طريقة الدفع أو باقة الإشتراك أو الضريبة المضافة أو معامل تحويل العملات والرسوم البنكية. تطبّق الشروط والأحكام."): Expected element property value ' رسوم الاشتراك قد تختلف بناءً على البلد أو طريقة الدفع أو باقة الإشتراك أو الضريبة المضافة أو معامل تحويل العملات والرسوم البنكية. تطبّق الشروط والأحكام.' is not equal with actual property value 'رسوم الاشتراك قد تختلف بناءً على البلد أو طريقة الدفع أو باقة الإشتراك أو الضريبة المضافة أو معامل تحويل العملات والرسوم البنكية. تطبّق الشروط والأحكام'

2023-10-15 12:35:31 - [MESSAGE][FAILED] - Expected element property value ' رسوم الاشتراك قد تختلف بناءً على البلد أو طريقة الدفع أو باقة الإشتراك أو الضريبة المضافة أو معامل تحويل العملات والرسوم البنكية. تطبّق الشروط والأحكام.' is not equal with actual property value 'رسوم الاشتراك قد تختلف بناءً على البلد أو طريقة الدفع أو باقة الإشتراك أو الضريبة المضافة أو معامل تحويل العملات والرسوم البنكية. تطبّق الشروط والأحكام'

2023-10-15 12:35:31 - [TEST_STEP][PASSED] - verifyElementPropertyValue(getResponse, "defaultPackageId", "SHAHID_VIP"): Verify element property value successfully

2023-10-15 12:35:31 - [MESSAGE][PASSED] - Verify element property value successfully]]></system-out>
         <system-err><![CDATA[2023-10-15 12:35:29 - [TEST_CASE][FAILED] - Test Cases/IOS/TUR PI/IOS_AR_getSubscriptionConfigForTUR_VIP: Test Cases/IOS/TUR PI/IOS_AR_getSubscriptionConfigForTUR_VIP FAILED.
Reason:
com.kms.katalon.core.exception.StepFailedException: Expected element property value 'false' is not equal with actual property value 'true'
	at com.kms.katalon.core.keyword.internal.KeywordMain.stepFailed(KeywordMain.groovy:39)
	at com.kms.katalon.core.webservice.keyword.builtin.VerifyElementPropertyValueKeyword$_verifyElementPropertyValue_closure1.doCall(VerifyElementPropertyValueKeyword.groovy:56)
	at com.kms.katalon.core.webservice.keyword.builtin.VerifyElementPropertyValueKeyword$_verifyElementPropertyValue_closure1.call(VerifyElementPropertyValueKeyword.groovy)
	at com.kms.katalon.core.keyword.internal.KeywordMain.runKeyword(KeywordMain.groovy:74)
	at com.kms.katalon.core.webservice.keyword.builtin.VerifyElementPropertyValueKeyword.verifyElementPropertyValue(VerifyElementPropertyValueKeyword.groovy:48)
	at com.kms.katalon.core.webservice.keyword.builtin.VerifyElementPropertyValueKeyword.execute(VerifyElementPropertyValueKeyword.groovy:43)
	at com.kms.katalon.core.keyword.internal.KeywordExecutor.executeKeywordForPlatform(KeywordExecutor.groovy:74)
	at com.kms.katalon.core.webservice.keyword.WSBuiltInKeywords.verifyElementPropertyValue(WSBuiltInKeywords.groovy:190)
	at com.kms.katalon.core.webservice.keyword.WSBuiltInKeywords$verifyElementPropertyValue$1.call(Unknown Source)
	at IOS_AR_getSubscriptionConfigForTUR_VIP.run(IOS_AR_getSubscriptionConfigForTUR_VIP:48)
	at com.kms.katalon.core.main.ScriptEngine.run(ScriptEngine.java:194)
	at com.kms.katalon.core.main.ScriptEngine.runScriptAsRawText(ScriptEngine.java:119)
	at com.kms.katalon.core.main.TestCaseExecutor.runScript(TestCaseExecutor.java:448)
	at com.kms.katalon.core.main.TestCaseExecutor.doExecute(TestCaseExecutor.java:439)
	at com.kms.katalon.core.main.TestCaseExecutor.processExecutionPhase(TestCaseExecutor.java:418)
	at com.kms.katalon.core.main.TestCaseExecutor.accessMainPhase(TestCaseExecutor.java:410)
	at com.kms.katalon.core.main.TestCaseExecutor.execute(TestCaseExecutor.java:285)
	at com.kms.katalon.core.common.CommonExecutor.accessTestCaseMainPhase(CommonExecutor.java:65)
	at com.kms.katalon.core.main.TestSuiteExecutor.accessTestSuiteMainPhase(TestSuiteExecutor.java:151)
	at com.kms.katalon.core.main.TestSuiteExecutor.execute(TestSuiteExecutor.java:106)
	at com.kms.katalon.core.main.TestCaseMain.startTestSuite(TestCaseMain.java:185)
	at com.kms.katalon.core.main.TestCaseMain$startTestSuite$0.call(Unknown Source)
	at TempTestSuite1697362455153.run(TempTestSuite1697362455153.groovy:36)]]></system-err>
      </testcase>
      <system-out><![CDATA[2023-10-15 12:35:20 - [TEST_SUITE][FAILED] - TUR: Test Cases/IOS/TUR PI/IOS_EN_getSubscriptionConfigForTUR_Imagine FAILED.
Reason:
com.kms.katalon.core.exception.StepFailedException: Expected element property value '149.99 TRY' is not equal with actual property value '149.99 TRY/ month'
	at com.kms.katalon.core.keyword.internal.KeywordMain.stepFailed(KeywordMain.groovy:39)
	at com.kms.katalon.core.webservice.keyword.builtin.VerifyElementPropertyValueKeyword$_verifyElementPropertyValue_closure1.doCall(VerifyElementPropertyValueKeyword.groovy:56)
	at com.kms.katalon.core.webservice.keyword.builtin.VerifyElementPropertyValueKeyword$_verifyElementPropertyValue_closure1.call(VerifyElementPropertyValueKeyword.groovy)
	at com.kms.katalon.core.keyword.internal.KeywordMain.runKeyword(KeywordMain.groovy:74)
	at com.kms.katalon.core.webservice.keyword.builtin.VerifyElementPropertyValueKeyword.verifyElementPropertyValue(VerifyElementPropertyValueKeyword.groovy:48)
	at com.kms.katalon.core.webservice.keyword.builtin.VerifyElementPropertyValueKeyword.execute(VerifyElementPropertyValueKeyword.groovy:43)
	at com.kms.katalon.core.keyword.internal.KeywordExecutor.executeKeywordForPlatform(KeywordExecutor.groovy:74)
	at com.kms.katalon.core.webservice.keyword.WSBuiltInKeywords.verifyElementPropertyValue(WSBuiltInKeywords.groovy:190)
	at com.kms.katalon.core.webservice.keyword.WSBuiltInKeywords$verifyElementPropertyValue$1.call(Unknown Source)
	at IOS_EN_getSubscriptionConfigForTUR_Imagine.run(IOS_EN_getSubscriptionConfigForTUR_Imagine:66)
	at com.kms.katalon.core.main.ScriptEngine.run(ScriptEngine.java:194)
	at com.kms.katalon.core.main.ScriptEngine.runScriptAsRawText(ScriptEngine.java:119)
	at com.kms.katalon.core.main.TestCaseExecutor.runScript(TestCaseExecutor.java:448)
	at com.kms.katalon.core.main.TestCaseExecutor.doExecute(TestCaseExecutor.java:439)
	at com.kms.katalon.core.main.TestCaseExecutor.processExecutionPhase(TestCaseExecutor.java:418)
	at com.kms.katalon.core.main.TestCaseExecutor.accessMainPhase(TestCaseExecutor.java:410)
	at com.kms.katalon.core.main.TestCaseExecutor.execute(TestCaseExecutor.java:285)
	at com.kms.katalon.core.common.CommonExecutor.accessTestCaseMainPhase(CommonExecutor.java:65)
	at com.kms.katalon.core.main.TestSuiteExecutor.accessTestSuiteMainPhase(TestSuiteExecutor.java:151)
	at com.kms.katalon.core.main.TestSuiteExecutor.execute(TestSuiteExecutor.java:106)
	at com.kms.katalon.core.main.TestCaseMain.startTestSuite(TestCaseMain.java:185)
	at com.kms.katalon.core.main.TestCaseMain$startTestSuite$0.call(Unknown Source)
	at TempTestSuite1697362455153.run(TempTestSuite1697362455153.groovy:36)]]></system-out>
      <system-err><![CDATA[2023-10-15 12:35:20 - [TEST_SUITE][FAILED] - TUR: Test Cases/IOS/TUR PI/IOS_EN_getSubscriptionConfigForTUR_Imagine FAILED.
Reason:
com.kms.katalon.core.exception.StepFailedException: Expected element property value '149.99 TRY' is not equal with actual property value '149.99 TRY/ month'
	at com.kms.katalon.core.keyword.internal.KeywordMain.stepFailed(KeywordMain.groovy:39)
	at com.kms.katalon.core.webservice.keyword.builtin.VerifyElementPropertyValueKeyword$_verifyElementPropertyValue_closure1.doCall(VerifyElementPropertyValueKeyword.groovy:56)
	at com.kms.katalon.core.webservice.keyword.builtin.VerifyElementPropertyValueKeyword$_verifyElementPropertyValue_closure1.call(VerifyElementPropertyValueKeyword.groovy)
	at com.kms.katalon.core.keyword.internal.KeywordMain.runKeyword(KeywordMain.groovy:74)
	at com.kms.katalon.core.webservice.keyword.builtin.VerifyElementPropertyValueKeyword.verifyElementPropertyValue(VerifyElementPropertyValueKeyword.groovy:48)
	at com.kms.katalon.core.webservice.keyword.builtin.VerifyElementPropertyValueKeyword.execute(VerifyElementPropertyValueKeyword.groovy:43)
	at com.kms.katalon.core.keyword.internal.KeywordExecutor.executeKeywordForPlatform(KeywordExecutor.groovy:74)
	at com.kms.katalon.core.webservice.keyword.WSBuiltInKeywords.verifyElementPropertyValue(WSBuiltInKeywords.groovy:190)
	at com.kms.katalon.core.webservice.keyword.WSBuiltInKeywords$verifyElementPropertyValue$1.call(Unknown Source)
	at IOS_EN_getSubscriptionConfigForTUR_Imagine.run(IOS_EN_getSubscriptionConfigForTUR_Imagine:66)
	at com.kms.katalon.core.main.ScriptEngine.run(ScriptEngine.java:194)
	at com.kms.katalon.core.main.ScriptEngine.runScriptAsRawText(ScriptEngine.java:119)
	at com.kms.katalon.core.main.TestCaseExecutor.runScript(TestCaseExecutor.java:448)
	at com.kms.katalon.core.main.TestCaseExecutor.doExecute(TestCaseExecutor.java:439)
	at com.kms.katalon.core.main.TestCaseExecutor.processExecutionPhase(TestCaseExecutor.java:418)
	at com.kms.katalon.core.main.TestCaseExecutor.accessMainPhase(TestCaseExecutor.java:410)
	at com.kms.katalon.core.main.TestCaseExecutor.execute(TestCaseExecutor.java:285)
	at com.kms.katalon.core.common.CommonExecutor.accessTestCaseMainPhase(CommonExecutor.java:65)
	at com.kms.katalon.core.main.TestSuiteExecutor.accessTestSuiteMainPhase(TestSuiteExecutor.java:151)
	at com.kms.katalon.core.main.TestSuiteExecutor.execute(TestSuiteExecutor.java:106)
	at com.kms.katalon.core.main.TestCaseMain.startTestSuite(TestCaseMain.java:185)
	at com.kms.katalon.core.main.TestCaseMain$startTestSuite$0.call(Unknown Source)
	at TempTestSuite1697362455153.run(TempTestSuite1697362455153.groovy:36)]]></system-err>
   </testsuite>
</testsuites>
